[2017/8/17 13:57:07]: 同步更新成功，表名：Users ID：C4CB3AD9-A240-43CD-AF33-DD076841B797
[2017/8/17 13:57:07]: 删除任务成功！
[2017/8/17 13:57:10]: 同步：公共库(Air5_0)频率rma 用户信息成功！
[2017/8/17 13:57:10]: 同步：新闻广播(Air5_1)频率rma 用户信息成功！
[2017/8/17 13:57:11]: 同步：中原之声(Air5_2)频率rma 用户信息成功！
[2017/8/17 13:57:11]: 同步：测试频率(Air5_200)频率rma 用户信息成功！
[2017/8/17 13:57:11]: 删除任务成功！
[2017/8/17 13:57:11]: 同步更新成功，表名：Users ID：C4CB3AD9-A240-43CD-AF33-DD076841B797
[2017/8/17 13:57:11]: 删除任务成功！
[2017/8/17 13:57:11]: 同步：公共库(Air5_0)频率rma 用户信息成功！
[2017/8/17 13:57:11]: 同步：新闻广播(Air5_1)频率rma 用户信息成功！
[2017/8/17 13:57:11]: 同步：中原之声(Air5_2)频率rma 用户信息成功！
[2017/8/17 13:57:11]: 同步：测试频率(Air5_200)频率rma 用户信息成功！
[2017/8/17 13:57:11]: 删除任务成功！
[2017/8/17 13:57:11]: 同步更新成功，表名：Users ID：2393F09D-15D1-4DD8-A407-60D45ED5C58C
[2017/8/17 13:57:11]: 删除任务成功！
[2017/8/17 13:57:11]: 同步：公共库(Air5_0)频率lz3 用户信息成功！
[2017/8/17 13:57:11]: 同步：新闻广播(Air5_1)频率lz3 用户信息成功！
[2017/8/17 13:57:11]: 同步：中原之声(Air5_2)频率lz3 用户信息成功！
[2017/8/17 13:57:11]: 同步：测试频率(Air5_200)频率lz3 用户信息成功！
[2017/8/17 13:57:11]: 删除任务成功！
[2017/8/17 13:57:11]: 同步更新成功，表名：Users ID：2393F09D-15D1-4DD8-A407-60D45ED5C58C
[2017/8/17 13:57:11]: 删除任务成功！
[2017/8/17 13:57:11]: 同步：公共库(Air5_0)频率lz3 用户信息成功！
[2017/8/17 13:57:11]: 同步：新闻广播(Air5_1)频率lz3 用户信息成功！
[2017/8/17 13:57:11]: 同步：中原之声(Air5_2)频率lz3 用户信息成功！
[2017/8/17 13:57:11]: 同步：测试频率(Air5_200)频率lz3 用户信息成功！
[2017/8/17 13:57:11]: 删除任务成功！
[2017/8/17 13:57:11]: 同步更新成功，表名：Users ID：2393F09D-15D1-4DD8-A407-60D45ED5C58C
[2017/8/17 13:57:11]: 删除任务成功！
[2017/8/17 13:57:11]: 同步：公共库(Air5_0)频率lz3 用户信息成功！
[2017/8/17 13:57:11]: 同步：新闻广播(Air5_1)频率lz3 用户信息成功！
[2017/8/17 13:57:11]: 同步：中原之声(Air5_2)频率lz3 用户信息成功！
[2017/8/17 13:57:11]: 同步：测试频率(Air5_200)频率lz3 用户信息成功！
[2017/8/17 13:57:11]: 删除任务成功！
[2017/8/17 13:57:12]: 同步更新成功，表名：Users ID：2393F09D-15D1-4DD8-A407-60D45ED5C58C
[2017/8/17 13:57:12]: 删除任务成功！
[2017/8/17 13:57:12]: 同步：公共库(Air5_0)频率lz3 用户信息成功！
[2017/8/17 13:57:12]: 同步：新闻广播(Air5_1)频率lz3 用户信息成功！
[2017/8/17 13:57:12]: 同步：中原之声(Air5_2)频率lz3 用户信息成功！
[2017/8/17 13:57:12]: 同步：测试频率(Air5_200)频率lz3 用户信息成功！
[2017/8/17 13:57:12]: 删除任务成功！
[2017/8/17 13:57:12]: 同步更新成功，表名：Users ID：8A5D93CC-F169-4E00-BD68-F752FEA6F534
[2017/8/17 13:57:12]: 删除任务成功！
[2017/8/17 13:57:12]: 同步：公共库(Air5_0)频率范慕原 用户信息成功！
[2017/8/17 13:57:12]: 同步：新闻广播(Air5_1)频率范慕原 用户信息成功！
[2017/8/17 13:57:12]: 同步：中原之声(Air5_2)频率范慕原 用户信息成功！
[2017/8/17 13:57:12]: 同步：测试频率(Air5_200)频率范慕原 用户信息成功！
[2017/8/17 13:57:12]: 删除任务成功！
[2017/8/17 13:57:12]: 同步更新成功，表名：Users ID：CF56373A-0A9A-4F0C-AC39-F7A7DB5A947D
[2017/8/17 13:57:12]: 删除任务成功！
[2017/8/17 13:57:12]: 同步：公共库(Air5_0)频率白磊 用户信息成功！
[2017/8/17 13:57:12]: 同步：新闻广播(Air5_1)频率白磊 用户信息成功！
[2017/8/17 13:57:12]: 同步：中原之声(Air5_2)频率白磊 用户信息成功！
[2017/8/17 13:57:12]: 同步：测试频率(Air5_200)频率白磊 用户信息成功！
[2017/8/17 13:57:12]: 删除任务成功！
[2017/8/17 13:57:12]: 同步更新成功，表名：Users ID：6BB8B922-60E9-46C2-863F-F8CE1D84F423
[2017/8/17 13:57:12]: 删除任务成功！
[2017/8/17 13:57:12]: 同步：公共库(Air5_0)频率李景 用户信息成功！
[2017/8/17 13:57:12]: 同步：新闻广播(Air5_1)频率李景 用户信息成功！
[2017/8/17 13:57:12]: 同步：中原之声(Air5_2)频率李景 用户信息成功！
[2017/8/17 13:57:12]: 同步：测试频率(Air5_200)频率李景 用户信息成功！
[2017/8/17 13:57:12]: 删除任务成功！
[2017/8/17 13:57:12]: 同步更新成功，表名：Users ID：3956C339-8BE7-4E0C-883D-FB1C9E9E13A4
[2017/8/17 13:57:12]: 删除任务成功！
[2017/8/17 13:57:12]: 同步：公共库(Air5_0)频率解飞 用户信息成功！
[2017/8/17 13:57:12]: 同步：新闻广播(Air5_1)频率解飞 用户信息成功！
[2017/8/17 13:57:12]: 同步：中原之声(Air5_2)频率解飞 用户信息成功！
[2017/8/17 13:57:12]: 同步：测试频率(Air5_200)频率解飞 用户信息成功！
[2017/8/17 13:57:12]: 删除任务成功！
[2017/8/17 13:58:12]: 同步更新成功，表名：Users ID：F21468B5-8E66-4E0E-B6FB-EC1AC3DD696E
[2017/8/17 13:58:12]: 删除任务成功！
[2017/8/17 13:58:12]: 同步：公共库(Air5_0)频率万克 用户信息成功！
[2017/8/17 13:58:12]: 同步：新闻广播(Air5_1)频率万克 用户信息成功！
[2017/8/17 13:58:12]: 同步：中原之声(Air5_2)频率万克 用户信息成功！
[2017/8/17 13:58:12]: 同步：测试频率(Air5_200)频率万克 用户信息成功！
[2017/8/17 13:58:12]: 删除任务成功！
[2017/8/17 13:58:12]: 同步更新成功，表名：Users ID：AE0EA4B7-9936-46B8-B07E-ECF9F9FFCE41
[2017/8/17 13:58:12]: 删除任务成功！
[2017/8/17 13:58:12]: 同步：公共库(Air5_0)频率郭嘉 用户信息成功！
[2017/8/17 13:58:12]: 同步：新闻广播(Air5_1)频率郭嘉 用户信息成功！
[2017/8/17 13:58:12]: 同步：中原之声(Air5_2)频率郭嘉 用户信息成功！
[2017/8/17 13:58:12]: 同步：测试频率(Air5_200)频率郭嘉 用户信息成功！
[2017/8/17 13:58:12]: 删除任务成功！
[2017/8/17 13:58:12]: 同步更新成功，表名：Users ID：6A5ECE76-D060-47AF-87B7-EDAE8F0B3262
[2017/8/17 13:58:12]: 删除任务成功！
[2017/8/17 13:58:12]: 同步：公共库(Air5_0)频率张佩 用户信息成功！
[2017/8/17 13:58:12]: 同步：新闻广播(Air5_1)频率张佩 用户信息成功！
[2017/8/17 13:58:12]: 同步：中原之声(Air5_2)频率张佩 用户信息成功！
[2017/8/17 13:58:12]: 同步：测试频率(Air5_200)频率张佩 用户信息成功！
[2017/8/17 13:58:12]: 删除任务成功！
[2017/8/17 13:58:12]: 同步更新成功，表名：Users ID：4B773641-6917-4FEC-BC44-EDCC968C7ACC
[2017/8/17 13:58:12]: 删除任务成功！
[2017/8/17 13:58:12]: 同步：公共库(Air5_0)频率王玥 用户信息成功！
[2017/8/17 13:58:12]: 同步：新闻广播(Air5_1)频率王玥 用户信息成功！
[2017/8/17 13:58:13]: 同步：中原之声(Air5_2)频率王玥 用户信息成功！
[2017/8/17 13:58:13]: 同步：测试频率(Air5_200)频率王玥 用户信息成功！
[2017/8/17 13:58:13]: 删除任务成功！
[2017/8/17 13:58:13]: 同步更新成功，表名：Users ID：3224A89F-EFAF-4E93-8BDE-EFB777B9EFCB
[2017/8/17 13:58:13]: 删除任务成功！
[2017/8/17 13:58:13]: 同步：公共库(Air5_0)频率晨阳 用户信息成功！
[2017/8/17 13:58:13]: 同步：新闻广播(Air5_1)频率晨阳 用户信息成功！
[2017/8/17 13:58:13]: 同步：中原之声(Air5_2)频率晨阳 用户信息成功！
[2017/8/17 13:58:13]: 同步：测试频率(Air5_200)频率晨阳 用户信息成功！
[2017/8/17 13:58:13]: 删除任务成功！
[2017/8/17 13:58:13]: 同步更新成功，表名：Users ID：A342E88C-DF0B-424F-A4C9-F16C4FEA501D
[2017/8/17 13:58:13]: 删除任务成功！
[2017/8/17 13:58:13]: 同步：公共库(Air5_0)频率王鹏飞 用户信息成功！
[2017/8/17 13:58:13]: 同步：新闻广播(Air5_1)频率王鹏飞 用户信息成功！
[2017/8/17 13:58:13]: 同步：中原之声(Air5_2)频率王鹏飞 用户信息成功！
[2017/8/17 13:58:13]: 同步：测试频率(Air5_200)频率王鹏飞 用户信息成功！
[2017/8/17 13:58:13]: 删除任务成功！
[2017/8/17 13:58:13]: 同步更新成功，表名：Users ID：6C9C0DDE-30A2-4654-8026-F3B74BA38E79
[2017/8/17 13:58:14]: 删除任务成功！
[2017/8/17 13:58:14]: 同步：公共库(Air5_0)频率张嵩 用户信息成功！
[2017/8/17 13:58:14]: 同步：新闻广播(Air5_1)频率张嵩 用户信息成功！
[2017/8/17 13:58:14]: 同步：中原之声(Air5_2)频率张嵩 用户信息成功！
[2017/8/17 13:58:14]: 同步：测试频率(Air5_200)频率张嵩 用户信息成功！
[2017/8/17 13:58:14]: 删除任务成功！
[2017/8/17 13:58:14]: 同步更新成功，表名：Users ID：6CEF0FE8-A78C-4FB0-9D6A-F68608CFE594
[2017/8/17 13:58:14]: 删除任务成功！
[2017/8/17 13:58:14]: 同步：公共库(Air5_0)频率梅娜 用户信息成功！
[2017/8/17 13:58:14]: 同步：新闻广播(Air5_1)频率梅娜 用户信息成功！
[2017/8/17 13:58:14]: 同步：中原之声(Air5_2)频率梅娜 用户信息成功！
[2017/8/17 13:58:14]: 同步：测试频率(Air5_200)频率梅娜 用户信息成功！
[2017/8/17 13:58:14]: 删除任务成功！
[2017/8/17 13:58:14]: 同步更新成功，表名：Users ID：1A129344-2730-4D1E-8135-FB2C2BAF4514
[2017/8/17 13:58:14]: 删除任务成功！
[2017/8/17 13:58:14]: 同步：公共库(Air5_0)频率赵阳 用户信息成功！
[2017/8/17 13:58:14]: 同步：新闻广播(Air5_1)频率赵阳 用户信息成功！
[2017/8/17 13:58:15]: 同步：中原之声(Air5_2)频率赵阳 用户信息成功！
[2017/8/17 13:58:15]: 同步：测试频率(Air5_200)频率赵阳 用户信息成功！
[2017/8/17 13:58:15]: 删除任务成功！
[2017/8/17 13:58:15]: 同步更新成功，表名：Users ID：F62F70C6-2F83-464C-A1BC-FCABC3970E03
[2017/8/17 13:58:15]: 删除任务成功！
[2017/8/17 13:58:15]: 同步：公共库(Air5_0)频率唐媛媛 用户信息成功！
[2017/8/17 13:58:15]: 同步：新闻广播(Air5_1)频率唐媛媛 用户信息成功！
[2017/8/17 13:58:15]: 同步：中原之声(Air5_2)频率唐媛媛 用户信息成功！
[2017/8/17 13:58:15]: 同步：测试频率(Air5_200)频率唐媛媛 用户信息成功！
[2017/8/17 13:58:15]: 删除任务成功！
[2017/8/17 13:58:25]: 同步更新成功，表名：Users ID：63662D4D-CA5F-44FE-81E9-E22ADD5EB069
[2017/8/17 13:58:25]: 删除任务成功！
[2017/8/17 13:58:25]: 同步：公共库(Air5_0)频率王博 用户信息成功！
[2017/8/17 13:58:25]: 同步：新闻广播(Air5_1)频率王博 用户信息成功！
[2017/8/17 13:58:25]: 同步：中原之声(Air5_2)频率王博 用户信息成功！
[2017/8/17 13:58:25]: 同步：测试频率(Air5_200)频率王博 用户信息成功！
[2017/8/17 13:58:25]: 删除任务成功！
[2017/8/17 13:58:25]: 同步更新成功，表名：Users ID：192A3FAE-B814-4176-AD04-E2F7E38CA99B
[2017/8/17 13:58:25]: 删除任务成功！
[2017/8/17 13:58:25]: 同步：公共库(Air5_0)频率马同五 用户信息成功！
[2017/8/17 13:58:25]: 同步：新闻广播(Air5_1)频率马同五 用户信息成功！
[2017/8/17 13:58:25]: 同步：中原之声(Air5_2)频率马同五 用户信息成功！
[2017/8/17 13:58:25]: 同步：测试频率(Air5_200)频率马同五 用户信息成功！
[2017/8/17 13:58:25]: 删除任务成功！
[2017/8/17 13:58:26]: 同步更新成功，表名：Users ID：62C5C133-4CDE-4BD9-A111-E638D956CF8F
[2017/8/17 13:58:26]: 删除任务成功！
[2017/8/17 13:58:26]: 同步：公共库(Air5_0)频率王晓宇 用户信息成功！
[2017/8/17 13:58:26]: 同步：新闻广播(Air5_1)频率王晓宇 用户信息成功！
[2017/8/17 13:58:26]: 同步：中原之声(Air5_2)频率王晓宇 用户信息成功！
[2017/8/17 13:58:26]: 同步：测试频率(Air5_200)频率王晓宇 用户信息成功！
[2017/8/17 13:58:26]: 删除任务成功！
[2017/8/17 13:58:26]: 同步更新成功，表名：Users ID：B1145A81-D4DF-473E-B113-E6F601679918
[2017/8/17 13:58:26]: 删除任务成功！
[2017/8/17 13:58:26]: 同步：公共库(Air5_0)频率郭晓然 用户信息成功！
[2017/8/17 13:58:26]: 同步：新闻广播(Air5_1)频率郭晓然 用户信息成功！
[2017/8/17 13:58:26]: 同步：中原之声(Air5_2)频率郭晓然 用户信息成功！
[2017/8/17 13:58:26]: 同步：测试频率(Air5_200)频率郭晓然 用户信息成功！
[2017/8/17 13:58:26]: 删除任务成功！
[2017/8/17 13:58:26]: 同步更新成功，表名：Users ID：7E622C4B-BBF4-4716-9381-E80136C79D90
[2017/8/17 13:58:26]: 删除任务成功！
[2017/8/17 13:58:26]: 同步：公共库(Air5_0)频率康岩 用户信息成功！
[2017/8/17 13:58:26]: 同步：新闻广播(Air5_1)频率康岩 用户信息成功！
[2017/8/17 13:58:26]: 同步：中原之声(Air5_2)频率康岩 用户信息成功！
[2017/8/17 13:58:26]: 同步：测试频率(Air5_200)频率康岩 用户信息成功！
[2017/8/17 13:58:26]: 删除任务成功！
[2017/8/17 13:58:26]: 同步更新成功，表名：Users ID：4B7146BA-6776-4865-B7F9-E911513D1BEF
[2017/8/17 13:58:26]: 删除任务成功！
[2017/8/17 13:58:26]: 同步：公共库(Air5_0)频率李晓 用户信息成功！
[2017/8/17 13:58:26]: 同步：新闻广播(Air5_1)频率李晓 用户信息成功！
[2017/8/17 13:58:26]: 同步：中原之声(Air5_2)频率李晓 用户信息成功！
[2017/8/17 13:58:26]: 同步：测试频率(Air5_200)频率李晓 用户信息成功！
[2017/8/17 13:58:26]: 删除任务成功！
[2017/8/17 13:58:26]: 同步更新成功，表名：Users ID：B1669380-BAD4-4A94-AC4C-E9C781031C4B
[2017/8/17 13:58:26]: 删除任务成功！
[2017/8/17 13:58:27]: 同步：公共库(Air5_0)频率李翔 用户信息成功！
[2017/8/17 13:58:27]: 同步：新闻广播(Air5_1)频率李翔 用户信息成功！
[2017/8/17 13:58:27]: 同步：中原之声(Air5_2)频率李翔 用户信息成功！
[2017/8/17 13:58:27]: 同步：测试频率(Air5_200)频率李翔 用户信息成功！
[2017/8/17 13:58:27]: 删除任务成功！
[2017/8/17 13:58:27]: 同步更新成功，表名：Users ID：518C9BDE-008E-404D-808D-EA272BCEA92A
[2017/8/17 13:58:27]: 删除任务成功！
[2017/8/17 13:58:27]: 同步：公共库(Air5_0)频率刘秋茹 用户信息成功！
[2017/8/17 13:58:27]: 同步：新闻广播(Air5_1)频率刘秋茹 用户信息成功！
[2017/8/17 13:58:27]: 同步：中原之声(Air5_2)频率刘秋茹 用户信息成功！
[2017/8/17 13:58:27]: 同步：测试频率(Air5_200)频率刘秋茹 用户信息成功！
[2017/8/17 13:58:27]: 删除任务成功！
[2017/8/17 13:58:27]: 同步更新成功，表名：Users ID：DBDD6685-F9C5-4805-8446-EB37F397FB67
[2017/8/17 13:58:27]: 删除任务成功！
[2017/8/17 13:58:27]: 同步：公共库(Air5_0)频率朱圣宇 用户信息成功！
[2017/8/17 13:58:27]: 同步：新闻广播(Air5_1)频率朱圣宇 用户信息成功！
[2017/8/17 13:58:27]: 同步：中原之声(Air5_2)频率朱圣宇 用户信息成功！
[2017/8/17 13:58:27]: 同步：测试频率(Air5_200)频率朱圣宇 用户信息成功！
[2017/8/17 13:58:27]: 删除任务成功！
[2017/8/17 13:58:27]: 同步更新成功，表名：Users ID：D46E512F-FDAB-4C6A-92E5-EB7C55B3E5DC
[2017/8/17 13:58:28]: 删除任务成功！
[2017/8/17 13:58:28]: 同步：公共库(Air5_0)频率王琳 用户信息成功！
[2017/8/17 13:58:28]: 同步：新闻广播(Air5_1)频率王琳 用户信息成功！
[2017/8/17 13:58:28]: 同步：中原之声(Air5_2)频率王琳 用户信息成功！
[2017/8/17 13:58:28]: 同步：测试频率(Air5_200)频率王琳 用户信息成功！
[2017/8/17 13:58:28]: 删除任务成功！
[2017/8/17 13:58:38]: 同步更新成功，表名：Users ID：C4CB3AD9-A240-43CD-AF33-DD076841B797
[2017/8/17 13:58:38]: 删除任务成功！
[2017/8/17 13:58:38]: 同步：公共库(Air5_0)频率rma 用户信息成功！
[2017/8/17 13:58:38]: 同步：新闻广播(Air5_1)频率rma 用户信息成功！
[2017/8/17 13:58:38]: 同步：中原之声(Air5_2)频率rma 用户信息成功！
[2017/8/17 13:58:38]: 同步：测试频率(Air5_200)频率rma 用户信息成功！
[2017/8/17 13:58:38]: 删除任务成功！
[2017/8/17 13:58:38]: 同步更新成功，表名：Users ID：22CFA425-A675-42A0-938C-DDA97BCE2B5B
[2017/8/17 13:58:38]: 删除任务成功！
[2017/8/17 13:58:38]: 同步：公共库(Air5_0)频率王霆杰 用户信息成功！
[2017/8/17 13:58:38]: 同步：新闻广播(Air5_1)频率王霆杰 用户信息成功！
[2017/8/17 13:58:38]: 同步：中原之声(Air5_2)频率王霆杰 用户信息成功！
[2017/8/17 13:58:38]: 同步：测试频率(Air5_200)频率王霆杰 用户信息成功！
[2017/8/17 13:58:38]: 删除任务成功！
[2017/8/17 13:58:38]: 同步更新成功，表名：Users ID：9D25A3F6-4513-4649-BBFB-DDAFF41D26DB
[2017/8/17 13:58:38]: 删除任务成功！
[2017/8/17 13:58:38]: 同步：公共库(Air5_0)频率阮梦茹 用户信息成功！
[2017/8/17 13:58:38]: 同步：新闻广播(Air5_1)频率阮梦茹 用户信息成功！
[2017/8/17 13:58:38]: 同步：中原之声(Air5_2)频率阮梦茹 用户信息成功！
[2017/8/17 13:58:38]: 同步：测试频率(Air5_200)频率阮梦茹 用户信息成功！
[2017/8/17 13:58:38]: 删除任务成功！
[2017/8/17 13:58:38]: 同步更新成功，表名：Users ID：8D7D245F-647A-48CD-BD09-DDBA4AF4B76F
[2017/8/17 13:58:38]: 删除任务成功！
[2017/8/17 13:58:38]: 同步：公共库(Air5_0)频率王挺挺 用户信息成功！
[2017/8/17 13:58:38]: 同步：新闻广播(Air5_1)频率王挺挺 用户信息成功！
[2017/8/17 13:58:38]: 同步：中原之声(Air5_2)频率王挺挺 用户信息成功！
[2017/8/17 13:58:38]: 同步：测试频率(Air5_200)频率王挺挺 用户信息成功！
[2017/8/17 13:58:38]: 删除任务成功！
[2017/8/17 13:58:38]: 同步更新成功，表名：Users ID：9ACB09DB-D11C-4115-9825-DE4FB2B02E6A
[2017/8/17 13:58:38]: 删除任务成功！
[2017/8/17 13:58:39]: 同步：公共库(Air5_0)频率李云凤 用户信息成功！
[2017/8/17 13:58:39]: 同步：新闻广播(Air5_1)频率李云凤 用户信息成功！
[2017/8/17 13:58:39]: 同步：中原之声(Air5_2)频率李云凤 用户信息成功！
[2017/8/17 13:58:39]: 同步：测试频率(Air5_200)频率李云凤 用户信息成功！
[2017/8/17 13:58:39]: 删除任务成功！
[2017/8/17 13:58:39]: 同步更新成功，表名：Users ID：F9204A80-335E-4EA2-907F-DE639B6064A0
[2017/8/17 13:58:39]: 删除任务成功！
[2017/8/17 13:58:39]: 同步：公共库(Air5_0)频率齐鹤 用户信息成功！
[2017/8/17 13:58:39]: 同步：新闻广播(Air5_1)频率齐鹤 用户信息成功！
[2017/8/17 13:58:39]: 同步：中原之声(Air5_2)频率齐鹤 用户信息成功！
[2017/8/17 13:58:39]: 同步：测试频率(Air5_200)频率齐鹤 用户信息成功！
[2017/8/17 13:58:39]: 删除任务成功！
[2017/8/17 13:58:39]: 同步更新成功，表名：Users ID：B25CD53C-6243-4658-AA35-DEA4D1704F1B
[2017/8/17 13:58:39]: 删除任务成功！
[2017/8/17 13:58:39]: 同步：公共库(Air5_0)频率杨晓 用户信息成功！
[2017/8/17 13:58:39]: 同步：新闻广播(Air5_1)频率杨晓 用户信息成功！
[2017/8/17 13:58:39]: 同步：中原之声(Air5_2)频率杨晓 用户信息成功！
[2017/8/17 13:58:39]: 同步：测试频率(Air5_200)频率杨晓 用户信息成功！
[2017/8/17 13:58:39]: 删除任务成功！
[2017/8/17 13:58:39]: 同步更新成功，表名：Users ID：4E60220E-47F7-425E-ACFD-DFA907272F6C
[2017/8/17 13:58:39]: 删除任务成功！
[2017/8/17 13:58:39]: 同步：公共库(Air5_0)频率程文杰 用户信息成功！
[2017/8/17 13:58:39]: 同步：新闻广播(Air5_1)频率程文杰 用户信息成功！
[2017/8/17 13:58:39]: 同步：中原之声(Air5_2)频率程文杰 用户信息成功！
[2017/8/17 13:58:39]: 同步：测试频率(Air5_200)频率程文杰 用户信息成功！
[2017/8/17 13:58:39]: 删除任务成功！
[2017/8/17 13:58:39]: 同步更新成功，表名：Users ID：C547CEC1-C516-414D-B2B1-E09E13820B9C
[2017/8/17 13:58:39]: 删除任务成功！
[2017/8/17 13:58:39]: 同步：公共库(Air5_0)频率侯龑 用户信息成功！
[2017/8/17 13:58:39]: 同步：新闻广播(Air5_1)频率侯龑 用户信息成功！
[2017/8/17 13:58:39]: 同步：中原之声(Air5_2)频率侯龑 用户信息成功！
[2017/8/17 13:58:40]: 同步：测试频率(Air5_200)频率侯龑 用户信息成功！
[2017/8/17 13:58:40]: 删除任务成功！
[2017/8/17 13:58:40]: 同步更新成功，表名：Users ID：090F8087-BA13-4E31-8C60-E15701D8AB40
[2017/8/17 13:58:40]: 删除任务成功！
[2017/8/17 13:58:40]: 同步：公共库(Air5_0)频率冯晓辉 用户信息成功！
[2017/8/17 13:58:40]: 同步：新闻广播(Air5_1)频率冯晓辉 用户信息成功！
[2017/8/17 13:58:40]: 同步：中原之声(Air5_2)频率冯晓辉 用户信息成功！
[2017/8/17 13:58:40]: 同步：测试频率(Air5_200)频率冯晓辉 用户信息成功！
[2017/8/17 13:58:40]: 删除任务成功！
[2017/8/17 13:58:50]: 同步更新成功，表名：Users ID：E830B81E-82B7-498F-9E63-D6E21E96E814
[2017/8/17 13:58:50]: 删除任务成功！
[2017/8/17 13:58:50]: 同步：公共库(Air5_0)频率马翔 用户信息成功！
[2017/8/17 13:58:50]: 同步：新闻广播(Air5_1)频率马翔 用户信息成功！
[2017/8/17 13:58:50]: 同步：中原之声(Air5_2)频率马翔 用户信息成功！
[2017/8/17 13:58:50]: 同步：测试频率(Air5_200)频率马翔 用户信息成功！
[2017/8/17 13:58:50]: 删除任务成功！
[2017/8/17 13:58:50]: 同步更新成功，表名：Users ID：97F73037-BEE4-4128-82C3-D7666864662E
[2017/8/17 13:58:50]: 删除任务成功！
[2017/8/17 13:58:50]: 同步：公共库(Air5_0)频率孟娟娟 用户信息成功！
[2017/8/17 13:58:50]: 同步：新闻广播(Air5_1)频率孟娟娟 用户信息成功！
[2017/8/17 13:58:50]: 同步：中原之声(Air5_2)频率孟娟娟 用户信息成功！
[2017/8/17 13:58:50]: 同步：测试频率(Air5_200)频率孟娟娟 用户信息成功！
[2017/8/17 13:58:50]: 删除任务成功！
[2017/8/17 13:58:50]: 同步更新成功，表名：Users ID：81344F18-E507-43A0-9AB3-D81429DFD02F
[2017/8/17 13:58:50]: 删除任务成功！
[2017/8/17 13:58:50]: 同步：公共库(Air5_0)频率杨扬 用户信息成功！
[2017/8/17 13:58:50]: 同步：新闻广播(Air5_1)频率杨扬 用户信息成功！
[2017/8/17 13:58:50]: 同步：中原之声(Air5_2)频率杨扬 用户信息成功！
[2017/8/17 13:58:50]: 同步：测试频率(Air5_200)频率杨扬 用户信息成功！
[2017/8/17 13:58:50]: 删除任务成功！
[2017/8/17 13:58:50]: 同步更新成功，表名：Users ID：98A0E2C1-2F98-46D4-BF3C-D88AE2C38FB7
[2017/8/17 13:58:50]: 删除任务成功！
[2017/8/17 13:58:51]: 同步：公共库(Air5_0)频率夏欣 用户信息成功！
[2017/8/17 13:58:51]: 同步：新闻广播(Air5_1)频率夏欣 用户信息成功！
[2017/8/17 13:58:51]: 同步：中原之声(Air5_2)频率夏欣 用户信息成功！
[2017/8/17 13:58:51]: 同步：测试频率(Air5_200)频率夏欣 用户信息成功！
[2017/8/17 13:58:51]: 删除任务成功！
[2017/8/17 13:58:51]: 同步更新成功，表名：Users ID：7BD8E95E-8FF8-4ECE-91FD-D8FBF69D2AEC
[2017/8/17 13:58:51]: 删除任务成功！
[2017/8/17 13:58:51]: 同步：公共库(Air5_0)频率李薇 用户信息成功！
[2017/8/17 13:58:51]: 同步：新闻广播(Air5_1)频率李薇 用户信息成功！
[2017/8/17 13:58:51]: 同步：中原之声(Air5_2)频率李薇 用户信息成功！
[2017/8/17 13:58:51]: 同步：测试频率(Air5_200)频率李薇 用户信息成功！
[2017/8/17 13:58:51]: 删除任务成功！
[2017/8/17 13:58:51]: 同步更新成功，表名：Users ID：869C4DF0-7B42-4093-A575-D98FC66FED70
[2017/8/17 13:58:51]: 删除任务成功！
[2017/8/17 13:58:51]: 同步：公共库(Air5_0)频率乔思尧 用户信息成功！
[2017/8/17 13:58:51]: 同步：新闻广播(Air5_1)频率乔思尧 用户信息成功！
[2017/8/17 13:58:51]: 同步：中原之声(Air5_2)频率乔思尧 用户信息成功！
[2017/8/17 13:58:51]: 同步：测试频率(Air5_200)频率乔思尧 用户信息成功！
[2017/8/17 13:58:51]: 删除任务成功！
[2017/8/17 13:58:51]: 同步更新成功，表名：Users ID：D9B21D39-4874-4F49-BCB6-D9BD4EE95389
[2017/8/17 13:58:51]: 删除任务成功！
[2017/8/17 13:58:51]: 同步：公共库(Air5_0)频率张煜 用户信息成功！
[2017/8/17 13:58:51]: 同步：新闻广播(Air5_1)频率张煜 用户信息成功！
[2017/8/17 13:58:51]: 同步：中原之声(Air5_2)频率张煜 用户信息成功！
[2017/8/17 13:58:51]: 同步：测试频率(Air5_200)频率张煜 用户信息成功！
[2017/8/17 13:58:51]: 删除任务成功！
[2017/8/17 13:58:51]: 同步更新成功，表名：Users ID：A33F10C6-72CD-473F-A383-DA82ED28A824
[2017/8/17 13:58:51]: 删除任务成功！
[2017/8/17 13:58:51]: 同步：公共库(Air5_0)频率翁春柳 用户信息成功！
[2017/8/17 13:58:51]: 同步：新闻广播(Air5_1)频率翁春柳 用户信息成功！
[2017/8/17 13:58:51]: 同步：中原之声(Air5_2)频率翁春柳 用户信息成功！
[2017/8/17 13:58:51]: 同步：测试频率(Air5_200)频率翁春柳 用户信息成功！
[2017/8/17 13:58:51]: 删除任务成功！
[2017/8/17 13:58:51]: 同步更新成功，表名：Users ID：23A37B01-E0F8-47D3-8404-DBC063048216
[2017/8/17 13:58:51]: 删除任务成功！
[2017/8/17 13:58:51]: 同步：公共库(Air5_0)频率刘鹏 用户信息成功！
[2017/8/17 13:58:51]: 同步：新闻广播(Air5_1)频率刘鹏 用户信息成功！
[2017/8/17 13:58:51]: 同步：中原之声(Air5_2)频率刘鹏 用户信息成功！
[2017/8/17 13:58:51]: 同步：测试频率(Air5_200)频率刘鹏 用户信息成功！
[2017/8/17 13:58:51]: 删除任务成功！
[2017/8/17 13:58:51]: 同步更新成功，表名：Users ID：ABFE5052-7DE1-4ADD-82A3-DBF2C043CBB5
[2017/8/17 13:58:52]: 删除任务成功！
[2017/8/17 13:58:52]: 同步：公共库(Air5_0)频率郭珂 用户信息成功！
[2017/8/17 13:58:52]: 同步：新闻广播(Air5_1)频率郭珂 用户信息成功！
[2017/8/17 13:58:52]: 同步：中原之声(Air5_2)频率郭珂 用户信息成功！
[2017/8/17 13:58:52]: 同步：测试频率(Air5_200)频率郭珂 用户信息成功！
[2017/8/17 13:58:52]: 删除任务成功！
[2017/8/17 13:59:02]: 同步更新成功，表名：Users ID：EEDC5099-D3E7-4723-88CC-D1742B0FEE60
[2017/8/17 13:59:02]: 删除任务成功！
[2017/8/17 13:59:02]: 同步：公共库(Air5_0)频率逯晨阳 用户信息成功！
[2017/8/17 13:59:02]: 同步：新闻广播(Air5_1)频率逯晨阳 用户信息成功！
[2017/8/17 13:59:02]: 同步：中原之声(Air5_2)频率逯晨阳 用户信息成功！
[2017/8/17 13:59:02]: 同步：测试频率(Air5_200)频率逯晨阳 用户信息成功！
[2017/8/17 13:59:02]: 删除任务成功！
[2017/8/17 13:59:02]: 同步更新成功，表名：Users ID：575290DE-4394-498E-BDAA-D27EFB9C21AE
[2017/8/17 13:59:02]: 删除任务成功！
[2017/8/17 13:59:02]: 同步：公共库(Air5_0)频率许业彤 用户信息成功！
[2017/8/17 13:59:02]: 同步：新闻广播(Air5_1)频率许业彤 用户信息成功！
[2017/8/17 13:59:02]: 同步：中原之声(Air5_2)频率许业彤 用户信息成功！
[2017/8/17 13:59:02]: 同步：测试频率(Air5_200)频率许业彤 用户信息成功！
[2017/8/17 13:59:02]: 删除任务成功！
[2017/8/17 13:59:02]: 同步更新成功，表名：Users ID：66F3A3FC-02F1-440B-BE6D-D2841EFE3E33
[2017/8/17 13:59:02]: 删除任务成功！
[2017/8/17 13:59:02]: 同步：公共库(Air5_0)频率刘仕奇 用户信息成功！
[2017/8/17 13:59:03]: 同步：新闻广播(Air5_1)频率刘仕奇 用户信息成功！
[2017/8/17 13:59:03]: 同步：中原之声(Air5_2)频率刘仕奇 用户信息成功！
[2017/8/17 13:59:03]: 同步：测试频率(Air5_200)频率刘仕奇 用户信息成功！
[2017/8/17 13:59:03]: 删除任务成功！
[2017/8/17 13:59:03]: 同步更新成功，表名：Users ID：77BE55DB-BBEF-4396-807C-D2CC42486E6A
[2017/8/17 13:59:03]: 删除任务成功！
[2017/8/17 13:59:03]: 同步：公共库(Air5_0)频率lc 用户信息成功！
[2017/8/17 13:59:03]: 同步：新闻广播(Air5_1)频率lc 用户信息成功！
[2017/8/17 13:59:03]: 同步：中原之声(Air5_2)频率lc 用户信息成功！
[2017/8/17 13:59:03]: 同步：测试频率(Air5_200)频率lc 用户信息成功！
[2017/8/17 13:59:03]: 删除任务成功！
[2017/8/17 13:59:03]: 同步更新成功，表名：Users ID：3DD705BF-E0DF-44BA-8082-D314284A2FF0
[2017/8/17 13:59:03]: 删除任务成功！
[2017/8/17 13:59:03]: 同步：公共库(Air5_0)频率张倩 用户信息成功！
[2017/8/17 13:59:03]: 同步：新闻广播(Air5_1)频率张倩 用户信息成功！
[2017/8/17 13:59:03]: 同步：中原之声(Air5_2)频率张倩 用户信息成功！
[2017/8/17 13:59:03]: 同步：测试频率(Air5_200)频率张倩 用户信息成功！
[2017/8/17 13:59:03]: 删除任务成功！
[2017/8/17 13:59:03]: 同步更新成功，表名：Users ID：9C5B8F05-6976-46AD-A5E0-D385DCE690DC
[2017/8/17 13:59:03]: 删除任务成功！
[2017/8/17 13:59:04]: 同步：公共库(Air5_0)频率邵睿 用户信息成功！
[2017/8/17 13:59:04]: 同步：新闻广播(Air5_1)频率邵睿 用户信息成功！
[2017/8/17 13:59:04]: 同步：中原之声(Air5_2)频率邵睿 用户信息成功！
[2017/8/17 13:59:04]: 同步：测试频率(Air5_200)频率邵睿 用户信息成功！
[2017/8/17 13:59:04]: 删除任务成功！
[2017/8/17 13:59:04]: 同步更新成功，表名：Users ID：5578BAD1-0F23-4B7B-B5F0-D4112ACB778C
[2017/8/17 13:59:04]: 删除任务成功！
[2017/8/17 13:59:04]: 同步：公共库(Air5_0)频率张军红 用户信息成功！
[2017/8/17 13:59:04]: 同步：新闻广播(Air5_1)频率张军红 用户信息成功！
[2017/8/17 13:59:04]: 同步：中原之声(Air5_2)频率张军红 用户信息成功！
[2017/8/17 13:59:04]: 同步：测试频率(Air5_200)频率张军红 用户信息成功！
[2017/8/17 13:59:04]: 删除任务成功！
[2017/8/17 13:59:04]: 同步更新成功，表名：Users ID：B59BDE82-C07C-4A55-B584-D51BCFF3C150
[2017/8/17 13:59:04]: 删除任务成功！
[2017/8/17 13:59:04]: 同步：公共库(Air5_0)频率樊德祥 用户信息成功！
[2017/8/17 13:59:04]: 同步：新闻广播(Air5_1)频率樊德祥 用户信息成功！
[2017/8/17 13:59:04]: 同步：中原之声(Air5_2)频率樊德祥 用户信息成功！
[2017/8/17 13:59:04]: 同步：测试频率(Air5_200)频率樊德祥 用户信息成功！
[2017/8/17 13:59:04]: 删除任务成功！
[2017/8/17 13:59:05]: 同步更新成功，表名：Users ID：1442D4DC-735A-4EC2-97CB-D531024E9776
[2017/8/17 13:59:05]: 删除任务成功！
[2017/8/17 13:59:05]: 同步：公共库(Air5_0)频率潘语怡 用户信息成功！
[2017/8/17 13:59:05]: 同步：新闻广播(Air5_1)频率潘语怡 用户信息成功！
[2017/8/17 13:59:05]: 同步：中原之声(Air5_2)频率潘语怡 用户信息成功！
[2017/8/17 13:59:05]: 同步：测试频率(Air5_200)频率潘语怡 用户信息成功！
[2017/8/17 13:59:05]: 删除任务成功！
[2017/8/17 13:59:05]: 同步更新成功，表名：Users ID：893386DF-4A03-46C0-AA8A-D58ED7B5FC0B
[2017/8/17 13:59:05]: 删除任务成功！
[2017/8/17 13:59:05]: 同步：公共库(Air5_0)频率李忠 用户信息成功！
[2017/8/17 13:59:05]: 同步：新闻广播(Air5_1)频率李忠 用户信息成功！
[2017/8/17 13:59:05]: 同步：中原之声(Air5_2)频率李忠 用户信息成功！
[2017/8/17 13:59:05]: 同步：测试频率(Air5_200)频率李忠 用户信息成功！
[2017/8/17 13:59:05]: 删除任务成功！
[2017/8/17 13:59:15]: 同步更新成功，表名：Users ID：5C7311FD-B953-4816-8F3C-CB128720670F
[2017/8/17 13:59:15]: 删除任务成功！
[2017/8/17 13:59:15]: 同步：公共库(Air5_0)频率杨沂 用户信息成功！
[2017/8/17 13:59:15]: 同步：新闻广播(Air5_1)频率杨沂 用户信息成功！
[2017/8/17 13:59:15]: 同步：中原之声(Air5_2)频率杨沂 用户信息成功！
[2017/8/17 13:59:15]: 同步：测试频率(Air5_200)频率杨沂 用户信息成功！
[2017/8/17 13:59:15]: 删除任务成功！
[2017/8/17 13:59:15]: 同步更新成功，表名：Users ID：4854592A-7EEF-4938-AC88-CB2EA547260D
[2017/8/17 13:59:15]: 删除任务成功！
[2017/8/17 13:59:15]: 同步：公共库(Air5_0)频率张慧俊 用户信息成功！
[2017/8/17 13:59:16]: 同步：新闻广播(Air5_1)频率张慧俊 用户信息成功！
[2017/8/17 13:59:16]: 同步：中原之声(Air5_2)频率张慧俊 用户信息成功！
[2017/8/17 13:59:16]: 同步：测试频率(Air5_200)频率张慧俊 用户信息成功！
[2017/8/17 13:59:16]: 删除任务成功！
[2017/8/17 13:59:16]: 同步更新成功，表名：Users ID：628CFA94-0CD1-445A-B4A8-CB8436AF9B08
[2017/8/17 13:59:16]: 删除任务成功！
[2017/8/17 13:59:16]: 同步：公共库(Air5_0)频率杨利红 用户信息成功！
[2017/8/17 13:59:16]: 同步：新闻广播(Air5_1)频率杨利红 用户信息成功！
[2017/8/17 13:59:16]: 同步：中原之声(Air5_2)频率杨利红 用户信息成功！
[2017/8/17 13:59:16]: 同步：测试频率(Air5_200)频率杨利红 用户信息成功！
[2017/8/17 13:59:16]: 删除任务成功！
[2017/8/17 13:59:16]: 同步更新成功，表名：Users ID：2187F6BE-84AB-407B-AEA4-CCDBD8F8C9BB
[2017/8/17 13:59:16]: 删除任务成功！
[2017/8/17 13:59:16]: 同步：公共库(Air5_0)频率姜榆烔 用户信息成功！
[2017/8/17 13:59:16]: 同步：新闻广播(Air5_1)频率姜榆烔 用户信息成功！
[2017/8/17 13:59:16]: 同步：中原之声(Air5_2)频率姜榆烔 用户信息成功！
[2017/8/17 13:59:16]: 同步：测试频率(Air5_200)频率姜榆烔 用户信息成功！
[2017/8/17 13:59:16]: 删除任务成功！
[2017/8/17 13:59:16]: 同步更新成功，表名：Users ID：C46A14AA-9C39-4FF8-A5AB-CD913982BF3C
[2017/8/17 13:59:16]: 删除任务成功！
[2017/8/17 13:59:17]: 同步：公共库(Air5_0)频率王旭新 用户信息成功！
[2017/8/17 13:59:17]: 同步：新闻广播(Air5_1)频率王旭新 用户信息成功！
[2017/8/17 13:59:17]: 同步：中原之声(Air5_2)频率王旭新 用户信息成功！
[2017/8/17 13:59:17]: 同步：测试频率(Air5_200)频率王旭新 用户信息成功！
[2017/8/17 13:59:17]: 删除任务成功！
[2017/8/17 13:59:17]: 同步更新成功，表名：Users ID：3CBB3AB3-C8CA-45A4-8261-CDD24146EFDE
[2017/8/17 13:59:17]: 删除任务成功！
[2017/8/17 13:59:17]: 同步：公共库(Air5_0)频率丁艳芳 用户信息成功！
[2017/8/17 13:59:17]: 同步：新闻广播(Air5_1)频率丁艳芳 用户信息成功！
[2017/8/17 13:59:17]: 同步：中原之声(Air5_2)频率丁艳芳 用户信息成功！
[2017/8/17 13:59:17]: 同步：测试频率(Air5_200)频率丁艳芳 用户信息成功！
[2017/8/17 13:59:17]: 删除任务成功！
[2017/8/17 13:59:17]: 同步更新成功，表名：Users ID：94986DBC-9D4A-4BB0-B497-CE91E3E134E9
[2017/8/17 13:59:17]: 删除任务成功！
[2017/8/17 13:59:17]: 同步：公共库(Air5_0)频率宋岩 用户信息成功！
[2017/8/17 13:59:17]: 同步：新闻广播(Air5_1)频率宋岩 用户信息成功！
[2017/8/17 13:59:18]: 同步：中原之声(Air5_2)频率宋岩 用户信息成功！
[2017/8/17 13:59:18]: 同步：测试频率(Air5_200)频率宋岩 用户信息成功！
[2017/8/17 13:59:18]: 删除任务成功！
[2017/8/17 13:59:18]: 同步更新成功，表名：Users ID：088CEADF-7EB2-4C3A-B834-CECA8622AF9F
[2017/8/17 13:59:18]: 删除任务成功！
[2017/8/17 13:59:18]: 同步：公共库(Air5_0)频率张军伟 用户信息成功！
[2017/8/17 13:59:18]: 同步：新闻广播(Air5_1)频率张军伟 用户信息成功！
[2017/8/17 13:59:18]: 同步：中原之声(Air5_2)频率张军伟 用户信息成功！
[2017/8/17 13:59:18]: 同步：测试频率(Air5_200)频率张军伟 用户信息成功！
[2017/8/17 13:59:18]: 删除任务成功！
[2017/8/17 13:59:18]: 同步更新成功，表名：Users ID：0D84E901-2E83-4637-8297-D0339ED58FCF
[2017/8/17 13:59:18]: 删除任务成功！
[2017/8/17 13:59:18]: 同步：公共库(Air5_0)频率张晴 用户信息成功！
[2017/8/17 13:59:18]: 同步：新闻广播(Air5_1)频率张晴 用户信息成功！
[2017/8/17 13:59:18]: 同步：中原之声(Air5_2)频率张晴 用户信息成功！
[2017/8/17 13:59:18]: 同步：测试频率(Air5_200)频率张晴 用户信息成功！
[2017/8/17 13:59:18]: 删除任务成功！
[2017/8/17 13:59:18]: 同步更新成功，表名：Users ID：5CB82695-959A-46D1-A3BD-D0C62621A98C
[2017/8/17 13:59:18]: 删除任务成功！
[2017/8/17 13:59:19]: 同步：公共库(Air5_0)频率侯琳 用户信息成功！
[2017/8/17 13:59:19]: 同步：新闻广播(Air5_1)频率侯琳 用户信息成功！
[2017/8/17 13:59:19]: 同步：中原之声(Air5_2)频率侯琳 用户信息成功！
[2017/8/17 13:59:19]: 同步：测试频率(Air5_200)频率侯琳 用户信息成功！
[2017/8/17 13:59:19]: 删除任务成功！
[2017/8/17 13:59:29]: 同步更新成功，表名：Users ID：34FC1C74-97D7-4BC3-A0E6-C0F1A083C621
[2017/8/17 13:59:29]: 删除任务成功！
[2017/8/17 13:59:29]: 同步：公共库(Air5_0)频率李倩 用户信息成功！
[2017/8/17 13:59:29]: 同步：新闻广播(Air5_1)频率李倩 用户信息成功！
[2017/8/17 13:59:29]: 同步：中原之声(Air5_2)频率李倩 用户信息成功！
[2017/8/17 13:59:29]: 同步：测试频率(Air5_200)频率李倩 用户信息成功！
[2017/8/17 13:59:29]: 删除任务成功！
[2017/8/17 13:59:29]: 同步更新成功，表名：Users ID：0945AFF3-2D4D-41A1-933A-C39B2683146D
[2017/8/17 13:59:29]: 删除任务成功！
[2017/8/17 13:59:29]: 同步：公共库(Air5_0)频率管鹂 用户信息成功！
[2017/8/17 13:59:29]: 同步：新闻广播(Air5_1)频率管鹂 用户信息成功！
[2017/8/17 13:59:29]: 同步：中原之声(Air5_2)频率管鹂 用户信息成功！
[2017/8/17 13:59:29]: 同步：测试频率(Air5_200)频率管鹂 用户信息成功！
[2017/8/17 13:59:29]: 删除任务成功！
[2017/8/17 13:59:29]: 同步更新成功，表名：Users ID：0BB33107-DA19-4E0C-AA56-C3DADDAF17A5
[2017/8/17 13:59:29]: 删除任务成功！
[2017/8/17 13:59:29]: 同步：公共库(Air5_0)频率刘菲 用户信息成功！
[2017/8/17 13:59:29]: 同步：新闻广播(Air5_1)频率刘菲 用户信息成功！
[2017/8/17 13:59:29]: 同步：中原之声(Air5_2)频率刘菲 用户信息成功！
[2017/8/17 13:59:29]: 同步：测试频率(Air5_200)频率刘菲 用户信息成功！
[2017/8/17 13:59:29]: 删除任务成功！
[2017/8/17 13:59:29]: 同步更新成功，表名：Users ID：453820B8-06B0-4C0E-9D33-C50F6EEA491D
[2017/8/17 13:59:29]: 删除任务成功！
[2017/8/17 13:59:29]: 同步：公共库(Air5_0)频率陈方 用户信息成功！
[2017/8/17 13:59:29]: 同步：新闻广播(Air5_1)频率陈方 用户信息成功！
[2017/8/17 13:59:29]: 同步：中原之声(Air5_2)频率陈方 用户信息成功！
[2017/8/17 13:59:29]: 同步：测试频率(Air5_200)频率陈方 用户信息成功！
[2017/8/17 13:59:29]: 删除任务成功！
[2017/8/17 13:59:29]: 同步更新成功，表名：Users ID：C19FED6F-F324-4377-8A63-C69FC095FF16
[2017/8/17 13:59:29]: 删除任务成功！
[2017/8/17 13:59:30]: 同步：公共库(Air5_0)频率王维红 用户信息成功！
[2017/8/17 13:59:30]: 同步：新闻广播(Air5_1)频率王维红 用户信息成功！
[2017/8/17 13:59:30]: 同步：中原之声(Air5_2)频率王维红 用户信息成功！
[2017/8/17 13:59:30]: 同步：测试频率(Air5_200)频率王维红 用户信息成功！
[2017/8/17 13:59:30]: 删除任务成功！
[2017/8/17 13:59:30]: 同步更新成功，表名：Users ID：08942CEE-4371-4D4E-A731-C7400E79A824
[2017/8/17 13:59:30]: 删除任务成功！
[2017/8/17 13:59:30]: 同步：公共库(Air5_0)频率周迪 用户信息成功！
[2017/8/17 13:59:30]: 同步：新闻广播(Air5_1)频率周迪 用户信息成功！
[2017/8/17 13:59:30]: 同步：中原之声(Air5_2)频率周迪 用户信息成功！
[2017/8/17 13:59:30]: 同步：测试频率(Air5_200)频率周迪 用户信息成功！
[2017/8/17 13:59:30]: 删除任务成功！
[2017/8/17 13:59:30]: 同步更新成功，表名：Users ID：9E47B85A-80F0-46CE-97C9-C82E96730C9C
[2017/8/17 13:59:30]: 删除任务成功！
[2017/8/17 13:59:30]: 同步：公共库(Air5_0)频率魏昊翔 用户信息成功！
[2017/8/17 13:59:30]: 同步：新闻广播(Air5_1)频率魏昊翔 用户信息成功！
[2017/8/17 13:59:30]: 同步：中原之声(Air5_2)频率魏昊翔 用户信息成功！
[2017/8/17 13:59:30]: 同步：测试频率(Air5_200)频率魏昊翔 用户信息成功！
[2017/8/17 13:59:30]: 删除任务成功！
[2017/8/17 13:59:30]: 同步更新成功，表名：Users ID：5930A04F-8BD7-4015-9A6B-CAA6908F14B2
[2017/8/17 13:59:31]: 删除任务成功！
[2017/8/17 13:59:31]: 同步：公共库(Air5_0)频率肖利娟 用户信息成功！
[2017/8/17 13:59:31]: 同步：新闻广播(Air5_1)频率肖利娟 用户信息成功！
[2017/8/17 13:59:31]: 同步：中原之声(Air5_2)频率肖利娟 用户信息成功！
[2017/8/17 13:59:31]: 同步：测试频率(Air5_200)频率肖利娟 用户信息成功！
[2017/8/17 13:59:31]: 删除任务成功！
[2017/8/17 13:59:31]: 同步更新成功，表名：Users ID：E61FBE7E-BC21-468F-A7D3-CAF00FEE1C91
[2017/8/17 13:59:31]: 删除任务成功！
[2017/8/17 13:59:31]: 同步：公共库(Air5_0)频率黄文聪 用户信息成功！
[2017/8/17 13:59:31]: 同步：新闻广播(Air5_1)频率黄文聪 用户信息成功！
[2017/8/17 13:59:31]: 同步：中原之声(Air5_2)频率黄文聪 用户信息成功！
[2017/8/17 13:59:31]: 同步：测试频率(Air5_200)频率黄文聪 用户信息成功！
[2017/8/17 13:59:31]: 删除任务成功！
[2017/8/17 13:59:31]: 同步更新成功，表名：Users ID：59AD3CAD-9470-40E6-AE20-CB0FA51ECEFB
[2017/8/17 13:59:31]: 删除任务成功！
[2017/8/17 13:59:31]: 同步：公共库(Air5_0)频率孙远 用户信息成功！
[2017/8/17 13:59:31]: 同步：新闻广播(Air5_1)频率孙远 用户信息成功！
[2017/8/17 13:59:31]: 同步：中原之声(Air5_2)频率孙远 用户信息成功！
[2017/8/17 13:59:32]: 同步：测试频率(Air5_200)频率孙远 用户信息成功！
[2017/8/17 13:59:32]: 删除任务成功！
[2017/8/17 13:59:42]: 同步更新成功，表名：Users ID：329024C8-E0E4-4B4D-9E78-B9F6DE4A3AD5
[2017/8/17 13:59:42]: 删除任务成功！
[2017/8/17 13:59:42]: 同步：公共库(Air5_0)频率宫会娜 用户信息成功！
[2017/8/17 13:59:42]: 同步：新闻广播(Air5_1)频率宫会娜 用户信息成功！
[2017/8/17 13:59:42]: 同步：中原之声(Air5_2)频率宫会娜 用户信息成功！
[2017/8/17 13:59:42]: 同步：测试频率(Air5_200)频率宫会娜 用户信息成功！
[2017/8/17 13:59:42]: 删除任务成功！
[2017/8/17 13:59:42]: 同步更新成功，表名：Users ID：5923E1F9-65B4-488A-BB83-BA6ACE9F77EA
[2017/8/17 13:59:42]: 删除任务成功！
[2017/8/17 13:59:42]: 同步：公共库(Air5_0)频率赵蕾 用户信息成功！
[2017/8/17 13:59:42]: 同步：新闻广播(Air5_1)频率赵蕾 用户信息成功！
[2017/8/17 13:59:42]: 同步：中原之声(Air5_2)频率赵蕾 用户信息成功！
[2017/8/17 13:59:42]: 同步：测试频率(Air5_200)频率赵蕾 用户信息成功！
[2017/8/17 13:59:42]: 删除任务成功！
[2017/8/17 13:59:42]: 同步更新成功，表名：Users ID：1B5FE7CE-5AD5-48CC-83F1-BABB2E73E7A9
[2017/8/17 13:59:42]: 删除任务成功！
[2017/8/17 13:59:42]: 同步：公共库(Air5_0)频率刘雨晨 用户信息成功！
[2017/8/17 13:59:42]: 同步：新闻广播(Air5_1)频率刘雨晨 用户信息成功！
[2017/8/17 13:59:42]: 同步：中原之声(Air5_2)频率刘雨晨 用户信息成功！
[2017/8/17 13:59:42]: 同步：测试频率(Air5_200)频率刘雨晨 用户信息成功！
[2017/8/17 13:59:42]: 删除任务成功！
[2017/8/17 13:59:42]: 同步更新成功，表名：Users ID：2BC6B8A4-141B-4EE0-9B65-BB8EC88A3AD5
[2017/8/17 13:59:42]: 删除任务成功！
[2017/8/17 13:59:42]: 同步：公共库(Air5_0)频率乔政 用户信息成功！
[2017/8/17 13:59:42]: 同步：新闻广播(Air5_1)频率乔政 用户信息成功！
[2017/8/17 13:59:42]: 同步：中原之声(Air5_2)频率乔政 用户信息成功！
[2017/8/17 13:59:42]: 同步：测试频率(Air5_200)频率乔政 用户信息成功！
[2017/8/17 13:59:42]: 删除任务成功！
[2017/8/17 13:59:42]: 同步更新成功，表名：Users ID：85053307-5EF2-468C-AFD3-BBE2BB3F35B2
[2017/8/17 13:59:42]: 删除任务成功！
[2017/8/17 13:59:42]: 同步：公共库(Air5_0)频率赵爱保 用户信息成功！
[2017/8/17 13:59:42]: 同步：新闻广播(Air5_1)频率赵爱保 用户信息成功！
[2017/8/17 13:59:42]: 同步：中原之声(Air5_2)频率赵爱保 用户信息成功！
[2017/8/17 13:59:42]: 同步：测试频率(Air5_200)频率赵爱保 用户信息成功！
[2017/8/17 13:59:42]: 删除任务成功！
[2017/8/17 13:59:42]: 同步更新成功，表名：Users ID：A06160C4-87F7-407B-8425-BCACD10E1324
[2017/8/17 13:59:42]: 删除任务成功！
[2017/8/17 13:59:42]: 同步：公共库(Air5_0)频率马远 用户信息成功！
[2017/8/17 13:59:43]: 同步：新闻广播(Air5_1)频率马远 用户信息成功！
[2017/8/17 13:59:43]: 同步：中原之声(Air5_2)频率马远 用户信息成功！
[2017/8/17 13:59:43]: 同步：测试频率(Air5_200)频率马远 用户信息成功！
[2017/8/17 13:59:43]: 删除任务成功！
[2017/8/17 13:59:43]: 同步更新成功，表名：Users ID：4E35DEA8-C436-4537-9B72-BCBF9EF1E46A
[2017/8/17 13:59:43]: 删除任务成功！
[2017/8/17 13:59:43]: 同步：公共库(Air5_0)频率马蕾 用户信息成功！
[2017/8/17 13:59:43]: 同步：新闻广播(Air5_1)频率马蕾 用户信息成功！
[2017/8/17 13:59:43]: 同步：中原之声(Air5_2)频率马蕾 用户信息成功！
[2017/8/17 13:59:43]: 同步：测试频率(Air5_200)频率马蕾 用户信息成功！
[2017/8/17 13:59:43]: 删除任务成功！
[2017/8/17 13:59:43]: 同步更新成功，表名：Users ID：448A49D9-A56F-4007-A5A3-BDA3B3E42582
[2017/8/17 13:59:43]: 删除任务成功！
[2017/8/17 13:59:43]: 同步：公共库(Air5_0)频率zxy 用户信息成功！
[2017/8/17 13:59:43]: 同步：新闻广播(Air5_1)频率zxy 用户信息成功！
[2017/8/17 13:59:43]: 同步：中原之声(Air5_2)频率zxy 用户信息成功！
[2017/8/17 13:59:43]: 同步：测试频率(Air5_200)频率zxy 用户信息成功！
[2017/8/17 13:59:43]: 删除任务成功！
[2017/8/17 13:59:43]: 同步更新成功，表名：Users ID：E5453AAA-08D1-4E99-90A8-BE0A06716BCF
[2017/8/17 13:59:43]: 删除任务成功！
[2017/8/17 13:59:43]: 同步：公共库(Air5_0)频率杨城 用户信息成功！
[2017/8/17 13:59:43]: 同步：新闻广播(Air5_1)频率杨城 用户信息成功！
[2017/8/17 13:59:43]: 同步：中原之声(Air5_2)频率杨城 用户信息成功！
[2017/8/17 13:59:44]: 同步：测试频率(Air5_200)频率杨城 用户信息成功！
[2017/8/17 13:59:44]: 删除任务成功！
[2017/8/17 13:59:44]: 同步更新成功，表名：Users ID：0066DD5C-47C6-4628-8E7A-BE152434ADD8
[2017/8/17 13:59:44]: 删除任务成功！
[2017/8/17 13:59:44]: 同步：公共库(Air5_0)频率张亦弛 用户信息成功！
[2017/8/17 13:59:44]: 同步：新闻广播(Air5_1)频率张亦弛 用户信息成功！
[2017/8/17 13:59:44]: 同步：中原之声(Air5_2)频率张亦弛 用户信息成功！
[2017/8/17 13:59:44]: 同步：测试频率(Air5_200)频率张亦弛 用户信息成功！
[2017/8/17 13:59:44]: 删除任务成功！
[2017/8/17 13:59:54]: 同步更新成功，表名：Users ID：17680DA3-5C82-4740-A757-B26BE751282B
[2017/8/17 13:59:54]: 删除任务成功！
[2017/8/17 13:59:54]: 同步：公共库(Air5_0)频率林优 用户信息成功！
[2017/8/17 13:59:54]: 同步：新闻广播(Air5_1)频率林优 用户信息成功！
[2017/8/17 13:59:54]: 同步：中原之声(Air5_2)频率林优 用户信息成功！
[2017/8/17 13:59:54]: 同步：测试频率(Air5_200)频率林优 用户信息成功！
[2017/8/17 13:59:54]: 删除任务成功！
[2017/8/17 13:59:54]: 同步更新成功，表名：Users ID：ADDD9205-54A1-4AA9-9746-B365C595BE91
[2017/8/17 13:59:54]: 删除任务成功！
[2017/8/17 13:59:54]: 同步：公共库(Air5_0)频率马乐 用户信息成功！
[2017/8/17 13:59:54]: 同步：新闻广播(Air5_1)频率马乐 用户信息成功！
[2017/8/17 13:59:54]: 同步：中原之声(Air5_2)频率马乐 用户信息成功！
[2017/8/17 13:59:54]: 同步：测试频率(Air5_200)频率马乐 用户信息成功！
[2017/8/17 13:59:54]: 删除任务成功！
[2017/8/17 13:59:54]: 同步更新成功，表名：Users ID：E1C12FB5-AE3A-4505-A524-B4639305ACA0
[2017/8/17 13:59:54]: 删除任务成功！
[2017/8/17 13:59:55]: 同步：公共库(Air5_0)频率王昊 用户信息成功！
[2017/8/17 13:59:55]: 同步：新闻广播(Air5_1)频率王昊 用户信息成功！
[2017/8/17 13:59:55]: 同步：中原之声(Air5_2)频率王昊 用户信息成功！
[2017/8/17 13:59:55]: 同步：测试频率(Air5_200)频率王昊 用户信息成功！
[2017/8/17 13:59:55]: 删除任务成功！
[2017/8/17 13:59:55]: 同步更新成功，表名：Users ID：FEA1F1CE-74EC-4155-BC58-B4967548E90F
[2017/8/17 13:59:55]: 删除任务成功！
[2017/8/17 13:59:55]: 同步：公共库(Air5_0)频率田地 用户信息成功！
[2017/8/17 13:59:55]: 同步：新闻广播(Air5_1)频率田地 用户信息成功！
[2017/8/17 13:59:55]: 同步：中原之声(Air5_2)频率田地 用户信息成功！
[2017/8/17 13:59:55]: 同步：测试频率(Air5_200)频率田地 用户信息成功！
[2017/8/17 13:59:55]: 删除任务成功！
[2017/8/17 13:59:55]: 同步更新成功，表名：Users ID：FBF742F7-4194-4AA7-96B5-B55D46546557
[2017/8/17 13:59:55]: 删除任务成功！
[2017/8/17 13:59:55]: 同步：公共库(Air5_0)频率杨洁 用户信息成功！
[2017/8/17 13:59:55]: 同步：新闻广播(Air5_1)频率杨洁 用户信息成功！
[2017/8/17 13:59:55]: 同步：中原之声(Air5_2)频率杨洁 用户信息成功！
[2017/8/17 13:59:55]: 同步：测试频率(Air5_200)频率杨洁 用户信息成功！
[2017/8/17 13:59:55]: 删除任务成功！
[2017/8/17 13:59:55]: 同步更新成功，表名：Users ID：F90F6E88-BCEA-48B2-9FA3-B56C3288852B
[2017/8/17 13:59:55]: 删除任务成功！
[2017/8/17 13:59:55]: 同步：公共库(Air5_0)频率秦璐 用户信息成功！
[2017/8/17 13:59:55]: 同步：新闻广播(Air5_1)频率秦璐 用户信息成功！
[2017/8/17 13:59:55]: 同步：中原之声(Air5_2)频率秦璐 用户信息成功！
[2017/8/17 13:59:55]: 同步：测试频率(Air5_200)频率秦璐 用户信息成功！
[2017/8/17 13:59:55]: 删除任务成功！
[2017/8/17 13:59:55]: 同步更新成功，表名：Users ID：31CD8081-6038-40FE-89E8-B5D465B55D42
[2017/8/17 13:59:55]: 删除任务成功！
[2017/8/17 13:59:55]: 同步：公共库(Air5_0)频率刘媛 用户信息成功！
[2017/8/17 13:59:55]: 同步：新闻广播(Air5_1)频率刘媛 用户信息成功！
[2017/8/17 13:59:55]: 同步：中原之声(Air5_2)频率刘媛 用户信息成功！
[2017/8/17 13:59:55]: 同步：测试频率(Air5_200)频率刘媛 用户信息成功！
[2017/8/17 13:59:55]: 删除任务成功！
[2017/8/17 13:59:55]: 同步更新成功，表名：Users ID：9D27B6E9-A62E-4309-A2AC-B898A4D6D5FA
[2017/8/17 13:59:55]: 删除任务成功！
[2017/8/17 13:59:55]: 同步：公共库(Air5_0)频率杨士林 用户信息成功！
[2017/8/17 13:59:55]: 同步：新闻广播(Air5_1)频率杨士林 用户信息成功！
[2017/8/17 13:59:55]: 同步：中原之声(Air5_2)频率杨士林 用户信息成功！
[2017/8/17 13:59:56]: 同步：测试频率(Air5_200)频率杨士林 用户信息成功！
[2017/8/17 13:59:56]: 删除任务成功！
[2017/8/17 13:59:56]: 同步更新成功，表名：Users ID：4926E7D6-2ED7-4830-9876-B8D163CB8231
[2017/8/17 13:59:56]: 删除任务成功！
[2017/8/17 13:59:56]: 同步：公共库(Air5_0)频率何浩锐 用户信息成功！
[2017/8/17 13:59:56]: 同步：新闻广播(Air5_1)频率何浩锐 用户信息成功！
[2017/8/17 13:59:56]: 同步：中原之声(Air5_2)频率何浩锐 用户信息成功！
[2017/8/17 13:59:56]: 同步：测试频率(Air5_200)频率何浩锐 用户信息成功！
[2017/8/17 13:59:56]: 删除任务成功！
[2017/8/17 13:59:56]: 同步更新成功，表名：Users ID：B2333964-8C62-4A38-BC0A-B8FC553AEB52
[2017/8/17 13:59:56]: 删除任务成功！
[2017/8/17 13:59:56]: 同步：公共库(Air5_0)频率孙浩宇 用户信息成功！
[2017/8/17 13:59:56]: 同步：新闻广播(Air5_1)频率孙浩宇 用户信息成功！
[2017/8/17 13:59:56]: 同步：中原之声(Air5_2)频率孙浩宇 用户信息成功！
[2017/8/17 13:59:56]: 同步：测试频率(Air5_200)频率孙浩宇 用户信息成功！
[2017/8/17 13:59:56]: 删除任务成功！
[2017/8/17 14:00:06]: 同步更新成功，表名：Users ID：296B0C0D-8032-461F-AEAD-A6CEB38DADD6
[2017/8/17 14:00:06]: 删除任务成功！
[2017/8/17 14:00:06]: 同步：公共库(Air5_0)频率穆迪 用户信息成功！
[2017/8/17 14:00:06]: 同步：新闻广播(Air5_1)频率穆迪 用户信息成功！
[2017/8/17 14:00:06]: 同步：中原之声(Air5_2)频率穆迪 用户信息成功！
[2017/8/17 14:00:06]: 同步：测试频率(Air5_200)频率穆迪 用户信息成功！
[2017/8/17 14:00:06]: 删除任务成功！
[2017/8/17 14:00:06]: 同步更新成功，表名：Users ID：96E79F90-0251-4642-9BC0-A71E284C333C
[2017/8/17 14:00:06]: 删除任务成功！
[2017/8/17 14:00:07]: 同步：公共库(Air5_0)频率张倩绮 用户信息成功！
[2017/8/17 14:00:07]: 同步：新闻广播(Air5_1)频率张倩绮 用户信息成功！
[2017/8/17 14:00:07]: 同步：中原之声(Air5_2)频率张倩绮 用户信息成功！
[2017/8/17 14:00:07]: 同步：测试频率(Air5_200)频率张倩绮 用户信息成功！
[2017/8/17 14:00:07]: 删除任务成功！
[2017/8/17 14:00:07]: 同步更新成功，表名：Users ID：0915CDAD-86E1-4A75-B1AA-A7AADFE26569
[2017/8/17 14:00:07]: 删除任务成功！
[2017/8/17 14:00:07]: 同步：公共库(Air5_0)频率崔璀 用户信息成功！
[2017/8/17 14:00:07]: 同步：新闻广播(Air5_1)频率崔璀 用户信息成功！
[2017/8/17 14:00:07]: 同步：中原之声(Air5_2)频率崔璀 用户信息成功！
[2017/8/17 14:00:07]: 同步：测试频率(Air5_200)频率崔璀 用户信息成功！
[2017/8/17 14:00:07]: 删除任务成功！
[2017/8/17 14:00:07]: 同步更新成功，表名：Users ID：1CF75682-BB06-4600-BA5F-A8AAE641C360
[2017/8/17 14:00:07]: 删除任务成功！
[2017/8/17 14:00:07]: 同步：公共库(Air5_0)频率刘颖 用户信息成功！
[2017/8/17 14:00:07]: 同步：新闻广播(Air5_1)频率刘颖 用户信息成功！
[2017/8/17 14:00:07]: 同步：中原之声(Air5_2)频率刘颖 用户信息成功！
[2017/8/17 14:00:07]: 同步：测试频率(Air5_200)频率刘颖 用户信息成功！
[2017/8/17 14:00:07]: 删除任务成功！
[2017/8/17 14:00:07]: 同步更新成功，表名：Users ID：B4FBFA91-DE35-49F1-AC23-AD70B8332AC7
[2017/8/17 14:00:07]: 删除任务成功！
[2017/8/17 14:00:08]: 同步：公共库(Air5_0)频率袁芳 用户信息成功！
[2017/8/17 14:00:08]: 同步：新闻广播(Air5_1)频率袁芳 用户信息成功！
[2017/8/17 14:00:08]: 同步：中原之声(Air5_2)频率袁芳 用户信息成功！
[2017/8/17 14:00:08]: 同步：测试频率(Air5_200)频率袁芳 用户信息成功！
[2017/8/17 14:00:08]: 删除任务成功！
[2017/8/17 14:00:08]: 同步更新成功，表名：Users ID：BCB9C9F0-545D-43F8-96E4-AF5885144233
[2017/8/17 14:00:08]: 删除任务成功！
[2017/8/17 14:00:08]: 同步：公共库(Air5_0)频率段跃铭 用户信息成功！
[2017/8/17 14:00:08]: 同步：新闻广播(Air5_1)频率段跃铭 用户信息成功！
[2017/8/17 14:00:08]: 同步：中原之声(Air5_2)频率段跃铭 用户信息成功！
[2017/8/17 14:00:08]: 同步：测试频率(Air5_200)频率段跃铭 用户信息成功！
[2017/8/17 14:00:08]: 删除任务成功！
[2017/8/17 14:00:08]: 同步更新成功，表名：Users ID：FE8AE832-5443-4CEF-B49A-AFAF2AAD321B
[2017/8/17 14:00:08]: 删除任务成功！
[2017/8/17 14:00:08]: 同步：公共库(Air5_0)频率王婧 用户信息成功！
[2017/8/17 14:00:08]: 同步：新闻广播(Air5_1)频率王婧 用户信息成功！
[2017/8/17 14:00:08]: 同步：中原之声(Air5_2)频率王婧 用户信息成功！
[2017/8/17 14:00:08]: 同步：测试频率(Air5_200)频率王婧 用户信息成功！
[2017/8/17 14:00:08]: 删除任务成功！
[2017/8/17 14:00:08]: 同步更新成功，表名：Users ID：198D1208-F60C-401F-A54E-B086C96EDC46
[2017/8/17 14:00:08]: 删除任务成功！
[2017/8/17 14:00:09]: 同步：公共库(Air5_0)频率张华婧 用户信息成功！
[2017/8/17 14:00:09]: 同步：新闻广播(Air5_1)频率张华婧 用户信息成功！
[2017/8/17 14:00:09]: 同步：中原之声(Air5_2)频率张华婧 用户信息成功！
[2017/8/17 14:00:09]: 同步：测试频率(Air5_200)频率张华婧 用户信息成功！
[2017/8/17 14:00:09]: 删除任务成功！
[2017/8/17 14:00:09]: 同步更新成功，表名：Users ID：1790F41B-FC90-4545-8FD8-B0E0F3C15CF2
[2017/8/17 14:00:09]: 删除任务成功！
[2017/8/17 14:00:09]: 同步：公共库(Air5_0)频率刘彦 用户信息成功！
[2017/8/17 14:00:09]: 同步：新闻广播(Air5_1)频率刘彦 用户信息成功！
[2017/8/17 14:00:09]: 同步：中原之声(Air5_2)频率刘彦 用户信息成功！
[2017/8/17 14:00:09]: 同步：测试频率(Air5_200)频率刘彦 用户信息成功！
[2017/8/17 14:00:09]: 删除任务成功！
[2017/8/17 14:00:09]: 同步更新成功，表名：Users ID：70222CAE-7EC3-431B-973A-B0FF834396B2
[2017/8/17 14:00:09]: 删除任务成功！
[2017/8/17 14:00:09]: 同步：公共库(Air5_0)频率高思达 用户信息成功！
[2017/8/17 14:00:09]: 同步：新闻广播(Air5_1)频率高思达 用户信息成功！
[2017/8/17 14:00:09]: 同步：中原之声(Air5_2)频率高思达 用户信息成功！
[2017/8/17 14:00:09]: 同步：测试频率(Air5_200)频率高思达 用户信息成功！
[2017/8/17 14:00:09]: 删除任务成功！
[2017/8/17 14:00:19]: 同步更新成功，表名：Users ID：2F10BD33-88E7-4CF1-A7F3-9B98A066EEFF
[2017/8/17 14:00:19]: 删除任务成功！
[2017/8/17 14:00:20]: 同步：公共库(Air5_0)频率gjp 用户信息成功！
[2017/8/17 14:00:20]: 同步：新闻广播(Air5_1)频率gjp 用户信息成功！
[2017/8/17 14:00:20]: 同步：中原之声(Air5_2)频率gjp 用户信息成功！
[2017/8/17 14:00:20]: 同步：测试频率(Air5_200)频率gjp 用户信息成功！
[2017/8/17 14:00:20]: 删除任务成功！
[2017/8/17 14:00:20]: 同步更新成功，表名：Users ID：008D1A54-FBCD-4321-8879-9C085146460D
[2017/8/17 14:00:20]: 删除任务成功！
[2017/8/17 14:00:20]: 同步：公共库(Air5_0)频率张蕾01 用户信息成功！
[2017/8/17 14:00:20]: 同步：新闻广播(Air5_1)频率张蕾01 用户信息成功！
[2017/8/17 14:00:20]: 同步：中原之声(Air5_2)频率张蕾01 用户信息成功！
[2017/8/17 14:00:20]: 同步：测试频率(Air5_200)频率张蕾01 用户信息成功！
[2017/8/17 14:00:20]: 删除任务成功！
[2017/8/17 14:00:20]: 同步更新成功，表名：Users ID：D5755E55-FD38-4B4E-A6C9-9F06A1AF7E4D
[2017/8/17 14:00:20]: 删除任务成功！
[2017/8/17 14:00:20]: 同步：公共库(Air5_0)频率赵政伟 用户信息成功！
[2017/8/17 14:00:20]: 同步：新闻广播(Air5_1)频率赵政伟 用户信息成功！
[2017/8/17 14:00:20]: 同步：中原之声(Air5_2)频率赵政伟 用户信息成功！
[2017/8/17 14:00:20]: 同步：测试频率(Air5_200)频率赵政伟 用户信息成功！
[2017/8/17 14:00:20]: 删除任务成功！
[2017/8/17 14:00:20]: 同步更新成功，表名：Users ID：C0A0D45C-181B-4711-9A79-9F7C7E014557
[2017/8/17 14:00:20]: 删除任务成功！
[2017/8/17 14:00:20]: 同步：公共库(Air5_0)频率徐大龙 用户信息成功！
[2017/8/17 14:00:20]: 同步：新闻广播(Air5_1)频率徐大龙 用户信息成功！
[2017/8/17 14:00:20]: 同步：中原之声(Air5_2)频率徐大龙 用户信息成功！
[2017/8/17 14:00:20]: 同步：测试频率(Air5_200)频率徐大龙 用户信息成功！
[2017/8/17 14:00:20]: 删除任务成功！
[2017/8/17 14:00:21]: 同步更新成功，表名：Users ID：0EE5B963-AE91-4625-B8BC-A3870409C0CE
[2017/8/17 14:00:21]: 删除任务成功！
[2017/8/17 14:00:21]: 同步：公共库(Air5_0)频率孟勇 用户信息成功！
[2017/8/17 14:00:21]: 同步：新闻广播(Air5_1)频率孟勇 用户信息成功！
[2017/8/17 14:00:21]: 同步：中原之声(Air5_2)频率孟勇 用户信息成功！
[2017/8/17 14:00:21]: 同步：测试频率(Air5_200)频率孟勇 用户信息成功！
[2017/8/17 14:00:21]: 删除任务成功！
[2017/8/17 14:00:21]: 同步更新成功，表名：Users ID：BA2F9A10-0808-4828-A5A1-A3D9DCEDA7DB
[2017/8/17 14:00:21]: 删除任务成功！
[2017/8/17 14:00:21]: 同步：公共库(Air5_0)频率王艺枫 用户信息成功！
[2017/8/17 14:00:21]: 同步：新闻广播(Air5_1)频率王艺枫 用户信息成功！
[2017/8/17 14:00:21]: 同步：中原之声(Air5_2)频率王艺枫 用户信息成功！
[2017/8/17 14:00:21]: 同步：测试频率(Air5_200)频率王艺枫 用户信息成功！
[2017/8/17 14:00:21]: 删除任务成功！
[2017/8/17 14:00:21]: 同步更新成功，表名：Users ID：7CB0F99F-13BB-40FB-AB47-A3EBE73CE8DE
[2017/8/17 14:00:21]: 删除任务成功！
[2017/8/17 14:00:21]: 同步：公共库(Air5_0)频率付俊鹏 用户信息成功！
[2017/8/17 14:00:21]: 同步：新闻广播(Air5_1)频率付俊鹏 用户信息成功！
[2017/8/17 14:00:21]: 同步：中原之声(Air5_2)频率付俊鹏 用户信息成功！
[2017/8/17 14:00:22]: 同步：测试频率(Air5_200)频率付俊鹏 用户信息成功！
[2017/8/17 14:00:22]: 删除任务成功！
[2017/8/17 14:00:22]: 同步更新成功，表名：Users ID：CC01F39C-41D8-4A26-A842-A41165D0B4A1
[2017/8/17 14:00:22]: 删除任务成功！
[2017/8/17 14:00:22]: 同步：公共库(Air5_0)频率陈晓宇 用户信息成功！
[2017/8/17 14:00:22]: 同步：新闻广播(Air5_1)频率陈晓宇 用户信息成功！
[2017/8/17 14:00:22]: 同步：中原之声(Air5_2)频率陈晓宇 用户信息成功！
[2017/8/17 14:00:22]: 同步：测试频率(Air5_200)频率陈晓宇 用户信息成功！
[2017/8/17 14:00:22]: 删除任务成功！
[2017/8/17 14:00:22]: 同步更新成功，表名：Users ID：AE1A06B4-F0C8-4A53-A2A1-A45FE1D563BE
[2017/8/17 14:00:22]: 删除任务成功！
[2017/8/17 14:00:22]: 同步：公共库(Air5_0)频率郑雷 用户信息成功！
[2017/8/17 14:00:22]: 同步：新闻广播(Air5_1)频率郑雷 用户信息成功！
[2017/8/17 14:00:22]: 同步：中原之声(Air5_2)频率郑雷 用户信息成功！
[2017/8/17 14:00:22]: 同步：测试频率(Air5_200)频率郑雷 用户信息成功！
[2017/8/17 14:00:22]: 删除任务成功！
[2017/8/17 14:00:22]: 同步更新成功，表名：Users ID：E727B713-A3C9-4369-95A9-A58A7363A02F
[2017/8/17 14:00:22]: 删除任务成功！
[2017/8/17 14:00:22]: 同步：公共库(Air5_0)频率王芳 用户信息成功！
[2017/8/17 14:00:22]: 同步：新闻广播(Air5_1)频率王芳 用户信息成功！
[2017/8/17 14:00:23]: 同步：中原之声(Air5_2)频率王芳 用户信息成功！
[2017/8/17 14:00:23]: 同步：测试频率(Air5_200)频率王芳 用户信息成功！
[2017/8/17 14:00:23]: 删除任务成功！
[2017/8/17 14:00:33]: 同步更新成功，表名：Users ID：0D05A450-5211-4ED8-A8EE-90781C8399EE
[2017/8/17 14:00:33]: 删除任务成功！
[2017/8/17 14:00:33]: 同步：公共库(Air5_0)频率盛典 用户信息成功！
[2017/8/17 14:00:33]: 同步：新闻广播(Air5_1)频率盛典 用户信息成功！
[2017/8/17 14:00:33]: 同步：中原之声(Air5_2)频率盛典 用户信息成功！
[2017/8/17 14:00:33]: 同步：测试频率(Air5_200)频率盛典 用户信息成功！
[2017/8/17 14:00:33]: 删除任务成功！
[2017/8/17 14:00:33]: 同步更新成功，表名：Users ID：33B9A27D-0B05-405F-A016-937B862E2D39
[2017/8/17 14:00:33]: 删除任务成功！
[2017/8/17 14:00:33]: 同步：公共库(Air5_0)频率王淑洁 用户信息成功！
[2017/8/17 14:00:33]: 同步：新闻广播(Air5_1)频率王淑洁 用户信息成功！
[2017/8/17 14:00:33]: 同步：中原之声(Air5_2)频率王淑洁 用户信息成功！
[2017/8/17 14:00:33]: 同步：测试频率(Air5_200)频率王淑洁 用户信息成功！
[2017/8/17 14:00:33]: 删除任务成功！
[2017/8/17 14:00:33]: 同步更新成功，表名：Users ID：2DE0E0DB-8CB6-4639-BC31-94533726D7BC
[2017/8/17 14:00:33]: 删除任务成功！
[2017/8/17 14:00:33]: 同步：公共库(Air5_0)频率王嘉薇 用户信息成功！
[2017/8/17 14:00:33]: 同步：新闻广播(Air5_1)频率王嘉薇 用户信息成功！
[2017/8/17 14:00:33]: 同步：中原之声(Air5_2)频率王嘉薇 用户信息成功！
[2017/8/17 14:00:33]: 同步：测试频率(Air5_200)频率王嘉薇 用户信息成功！
[2017/8/17 14:00:33]: 删除任务成功！
[2017/8/17 14:00:33]: 同步更新成功，表名：Users ID：7581C594-EA36-4398-A94F-94A28FAC8163
[2017/8/17 14:00:33]: 删除任务成功！
[2017/8/17 14:00:33]: 同步：公共库(Air5_0)频率李铖 用户信息成功！
[2017/8/17 14:00:33]: 同步：新闻广播(Air5_1)频率李铖 用户信息成功！
[2017/8/17 14:00:33]: 同步：中原之声(Air5_2)频率李铖 用户信息成功！
[2017/8/17 14:00:33]: 同步：测试频率(Air5_200)频率李铖 用户信息成功！
[2017/8/17 14:00:33]: 删除任务成功！
[2017/8/17 14:00:33]: 同步更新成功，表名：Users ID：122131BE-CB77-45AD-96F5-950DCE008F54
[2017/8/17 14:00:33]: 删除任务成功！
[2017/8/17 14:00:33]: 同步：公共库(Air5_0)频率张琦 用户信息成功！
[2017/8/17 14:00:33]: 同步：新闻广播(Air5_1)频率张琦 用户信息成功！
[2017/8/17 14:00:33]: 同步：中原之声(Air5_2)频率张琦 用户信息成功！
[2017/8/17 14:00:33]: 同步：测试频率(Air5_200)频率张琦 用户信息成功！
[2017/8/17 14:00:33]: 删除任务成功！
[2017/8/17 14:00:33]: 同步更新成功，表名：Users ID：911FDCBA-E18E-4077-B12A-96B907815B30
[2017/8/17 14:00:34]: 删除任务成功！
[2017/8/17 14:00:34]: 同步：公共库(Air5_0)频率李明燕 用户信息成功！
[2017/8/17 14:00:34]: 同步：新闻广播(Air5_1)频率李明燕 用户信息成功！
[2017/8/17 14:00:34]: 同步：中原之声(Air5_2)频率李明燕 用户信息成功！
[2017/8/17 14:00:34]: 同步：测试频率(Air5_200)频率李明燕 用户信息成功！
[2017/8/17 14:00:34]: 删除任务成功！
[2017/8/17 14:00:34]: 同步更新成功，表名：Users ID：7B3F839B-71EE-45EF-B577-983BC44F5DB2
[2017/8/17 14:00:34]: 删除任务成功！
[2017/8/17 14:00:34]: 同步：公共库(Air5_0)频率朱秀萍 用户信息成功！
[2017/8/17 14:00:34]: 同步：新闻广播(Air5_1)频率朱秀萍 用户信息成功！
[2017/8/17 14:00:34]: 同步：中原之声(Air5_2)频率朱秀萍 用户信息成功！
[2017/8/17 14:00:34]: 同步：测试频率(Air5_200)频率朱秀萍 用户信息成功！
[2017/8/17 14:00:34]: 删除任务成功！
[2017/8/17 14:00:34]: 同步更新成功，表名：Users ID：AF0C38A4-F547-4E74-B153-98BFE346F564
[2017/8/17 14:00:34]: 删除任务成功！
[2017/8/17 14:00:34]: 同步：公共库(Air5_0)频率cs 用户信息成功！
[2017/8/17 14:00:34]: 同步：新闻广播(Air5_1)频率cs 用户信息成功！
[2017/8/17 14:00:34]: 同步：中原之声(Air5_2)频率cs 用户信息成功！
[2017/8/17 14:00:35]: 同步：测试频率(Air5_200)频率cs 用户信息成功！
[2017/8/17 14:00:35]: 删除任务成功！
[2017/8/17 14:00:35]: 同步更新成功，表名：Users ID：D2335B01-EA13-44FC-9D51-9B248632FB94
[2017/8/17 14:00:35]: 删除任务成功！
[2017/8/17 14:00:35]: 同步：公共库(Air5_0)频率周文茹 用户信息成功！
[2017/8/17 14:00:35]: 同步：新闻广播(Air5_1)频率周文茹 用户信息成功！
[2017/8/17 14:00:35]: 同步：中原之声(Air5_2)频率周文茹 用户信息成功！
[2017/8/17 14:00:35]: 同步：测试频率(Air5_200)频率周文茹 用户信息成功！
[2017/8/17 14:00:35]: 删除任务成功！
[2017/8/17 14:00:35]: 同步更新成功，表名：Users ID：975B740D-AD79-42D1-9A84-9B2749C9E7DD
[2017/8/17 14:00:35]: 删除任务成功！
[2017/8/17 14:00:35]: 同步：公共库(Air5_0)频率许婷 用户信息成功！
[2017/8/17 14:00:35]: 同步：新闻广播(Air5_1)频率许婷 用户信息成功！
[2017/8/17 14:00:35]: 同步：中原之声(Air5_2)频率许婷 用户信息成功！
[2017/8/17 14:00:35]: 同步：测试频率(Air5_200)频率许婷 用户信息成功！
[2017/8/17 14:00:35]: 删除任务成功！
[2017/8/17 14:00:45]: 同步更新成功，表名：Users ID：BAF28B7F-8DE3-4BEE-9EEF-87F1CA885924
[2017/8/17 14:00:45]: 删除任务成功！
[2017/8/17 14:00:45]: 同步：公共库(Air5_0)频率何岩 用户信息成功！
[2017/8/17 14:00:45]: 同步：新闻广播(Air5_1)频率何岩 用户信息成功！
[2017/8/17 14:00:45]: 同步：中原之声(Air5_2)频率何岩 用户信息成功！
[2017/8/17 14:00:45]: 同步：测试频率(Air5_200)频率何岩 用户信息成功！
[2017/8/17 14:00:45]: 删除任务成功！
[2017/8/17 14:00:46]: 同步更新成功，表名：Users ID：9A204F54-4838-48FA-8FED-8932389D7DA4
[2017/8/17 14:00:46]: 删除任务成功！
[2017/8/17 14:00:46]: 同步：公共库(Air5_0)频率付艳波 用户信息成功！
[2017/8/17 14:00:46]: 同步：新闻广播(Air5_1)频率付艳波 用户信息成功！
[2017/8/17 14:00:46]: 同步：中原之声(Air5_2)频率付艳波 用户信息成功！
[2017/8/17 14:00:46]: 同步：测试频率(Air5_200)频率付艳波 用户信息成功！
[2017/8/17 14:00:46]: 删除任务成功！
[2017/8/17 14:00:46]: 同步更新成功，表名：Users ID：F31A25E0-C9D6-48C7-939E-8A04FBBA1182
[2017/8/17 14:00:46]: 删除任务成功！
[2017/8/17 14:00:46]: 同步：公共库(Air5_0)频率都伟 用户信息成功！
[2017/8/17 14:00:46]: 同步：新闻广播(Air5_1)频率都伟 用户信息成功！
[2017/8/17 14:00:46]: 同步：中原之声(Air5_2)频率都伟 用户信息成功！
[2017/8/17 14:00:46]: 同步：测试频率(Air5_200)频率都伟 用户信息成功！
[2017/8/17 14:00:46]: 删除任务成功！
[2017/8/17 14:00:46]: 同步更新成功，表名：Users ID：67D9F2D5-ACA2-4F63-B6CB-8A1274B90F30
[2017/8/17 14:00:46]: 删除任务成功！
[2017/8/17 14:00:46]: 同步：公共库(Air5_0)频率刘佳 用户信息成功！
[2017/8/17 14:00:46]: 同步：新闻广播(Air5_1)频率刘佳 用户信息成功！
[2017/8/17 14:00:46]: 同步：中原之声(Air5_2)频率刘佳 用户信息成功！
[2017/8/17 14:00:46]: 同步：测试频率(Air5_200)频率刘佳 用户信息成功！
[2017/8/17 14:00:46]: 删除任务成功！
[2017/8/17 14:00:46]: 同步更新成功，表名：Users ID：1ECF8B9F-FF16-4626-981B-8CB1879091EE
[2017/8/17 14:00:46]: 删除任务成功！
[2017/8/17 14:00:46]: 同步：公共库(Air5_0)频率常敏 用户信息成功！
[2017/8/17 14:00:46]: 同步：新闻广播(Air5_1)频率常敏 用户信息成功！
[2017/8/17 14:00:46]: 同步：中原之声(Air5_2)频率常敏 用户信息成功！
[2017/8/17 14:00:46]: 同步：测试频率(Air5_200)频率常敏 用户信息成功！
[2017/8/17 14:00:46]: 删除任务成功！
[2017/8/17 14:00:46]: 同步更新成功，表名：Users ID：0E458EA5-C7B6-4946-BE01-8D19E8A18DFE
[2017/8/17 14:00:46]: 删除任务成功！
[2017/8/17 14:00:46]: 同步：公共库(Air5_0)频率张红改 用户信息成功！
[2017/8/17 14:00:46]: 同步：新闻广播(Air5_1)频率张红改 用户信息成功！
[2017/8/17 14:00:46]: 同步：中原之声(Air5_2)频率张红改 用户信息成功！
[2017/8/17 14:00:46]: 同步：测试频率(Air5_200)频率张红改 用户信息成功！
[2017/8/17 14:00:46]: 删除任务成功！
[2017/8/17 14:00:46]: 同步更新成功，表名：Users ID：7C6FE6CB-95F8-4D39-A347-8D4ED678E3B1
[2017/8/17 14:00:46]: 删除任务成功！
[2017/8/17 14:00:46]: 同步：公共库(Air5_0)频率郭亚楠 用户信息成功！
[2017/8/17 14:00:46]: 同步：新闻广播(Air5_1)频率郭亚楠 用户信息成功！
[2017/8/17 14:00:46]: 同步：中原之声(Air5_2)频率郭亚楠 用户信息成功！
[2017/8/17 14:00:46]: 同步：测试频率(Air5_200)频率郭亚楠 用户信息成功！
[2017/8/17 14:00:46]: 删除任务成功！
[2017/8/17 14:00:46]: 同步更新成功，表名：Users ID：EE327A65-9825-4D23-A8AF-8D501CDAF918
[2017/8/17 14:00:46]: 删除任务成功！
[2017/8/17 14:00:47]: 同步：公共库(Air5_0)频率杨强 用户信息成功！
[2017/8/17 14:00:47]: 同步：新闻广播(Air5_1)频率杨强 用户信息成功！
[2017/8/17 14:00:47]: 同步：中原之声(Air5_2)频率杨强 用户信息成功！
[2017/8/17 14:00:47]: 同步：测试频率(Air5_200)频率杨强 用户信息成功！
[2017/8/17 14:00:47]: 删除任务成功！
[2017/8/17 14:00:47]: 同步更新成功，表名：Users ID：386AEA00-84A7-43B4-B2E5-8DC5CE49FAF0
[2017/8/17 14:00:47]: 删除任务成功！
[2017/8/17 14:00:47]: 同步：公共库(Air5_0)频率薛原 用户信息成功！
[2017/8/17 14:00:47]: 同步：新闻广播(Air5_1)频率薛原 用户信息成功！
[2017/8/17 14:00:47]: 同步：中原之声(Air5_2)频率薛原 用户信息成功！
[2017/8/17 14:00:47]: 同步：测试频率(Air5_200)频率薛原 用户信息成功！
[2017/8/17 14:00:47]: 删除任务成功！
[2017/8/17 14:00:47]: 同步更新成功，表名：Users ID：470B7A58-CE98-4CE8-8499-8EA89FAB700D
[2017/8/17 14:00:47]: 删除任务成功！
[2017/8/17 14:00:47]: 同步：公共库(Air5_0)频率cyk 用户信息成功！
[2017/8/17 14:00:47]: 同步：新闻广播(Air5_1)频率cyk 用户信息成功！
[2017/8/17 14:00:47]: 同步：中原之声(Air5_2)频率cyk 用户信息成功！
[2017/8/17 14:00:47]: 同步：测试频率(Air5_200)频率cyk 用户信息成功！
[2017/8/17 14:00:47]: 删除任务成功！
[2017/8/17 14:00:58]: 同步更新成功，表名：Users ID：23D64433-A582-4C53-9D73-81598C44767F
[2017/8/17 14:00:58]: 删除任务成功！
[2017/8/17 14:00:58]: 同步：公共库(Air5_0)频率韩海丽 用户信息成功！
[2017/8/17 14:00:58]: 同步：新闻广播(Air5_1)频率韩海丽 用户信息成功！
[2017/8/17 14:00:58]: 同步：中原之声(Air5_2)频率韩海丽 用户信息成功！
[2017/8/17 14:00:58]: 同步：测试频率(Air5_200)频率韩海丽 用户信息成功！
[2017/8/17 14:00:58]: 删除任务成功！
[2017/8/17 14:00:58]: 同步更新成功，表名：Users ID：90A24714-B74D-4120-B48B-81853593F7F0
[2017/8/17 14:00:58]: 删除任务成功！
[2017/8/17 14:00:58]: 同步：公共库(Air5_0)频率朱建军 用户信息成功！
[2017/8/17 14:00:58]: 同步：新闻广播(Air5_1)频率朱建军 用户信息成功！
[2017/8/17 14:00:58]: 同步：中原之声(Air5_2)频率朱建军 用户信息成功！
[2017/8/17 14:00:58]: 同步：测试频率(Air5_200)频率朱建军 用户信息成功！
[2017/8/17 14:00:58]: 删除任务成功！
[2017/8/17 14:00:58]: 同步更新成功，表名：Users ID：406605DD-490B-46B8-B76A-8239612092ED
[2017/8/17 14:00:58]: 删除任务成功！
[2017/8/17 14:00:58]: 同步：公共库(Air5_0)频率陈曦 用户信息成功！
[2017/8/17 14:00:58]: 同步：新闻广播(Air5_1)频率陈曦 用户信息成功！
[2017/8/17 14:00:58]: 同步：中原之声(Air5_2)频率陈曦 用户信息成功！
[2017/8/17 14:00:58]: 同步：测试频率(Air5_200)频率陈曦 用户信息成功！
[2017/8/17 14:00:58]: 删除任务成功！
[2017/8/17 14:00:58]: 同步更新成功，表名：Users ID：2C0E71EA-1531-42E9-A297-82CFA8DEA091
[2017/8/17 14:00:58]: 删除任务成功！
[2017/8/17 14:00:58]: 同步：公共库(Air5_0)频率夏凊 用户信息成功！
[2017/8/17 14:00:58]: 同步：新闻广播(Air5_1)频率夏凊 用户信息成功！
[2017/8/17 14:00:58]: 同步：中原之声(Air5_2)频率夏凊 用户信息成功！
[2017/8/17 14:00:58]: 同步：测试频率(Air5_200)频率夏凊 用户信息成功！
[2017/8/17 14:00:58]: 删除任务成功！
[2017/8/17 14:00:58]: 同步更新成功，表名：Users ID：A1A9BA11-33FE-4DFE-9B77-843B639D29B1
[2017/8/17 14:00:58]: 删除任务成功！
[2017/8/17 14:00:59]: 同步：公共库(Air5_0)频率郑强 用户信息成功！
[2017/8/17 14:00:59]: 同步：新闻广播(Air5_1)频率郑强 用户信息成功！
[2017/8/17 14:00:59]: 同步：中原之声(Air5_2)频率郑强 用户信息成功！
[2017/8/17 14:00:59]: 同步：测试频率(Air5_200)频率郑强 用户信息成功！
[2017/8/17 14:00:59]: 删除任务成功！
[2017/8/17 14:00:59]: 同步更新成功，表名：Users ID：7ACD9B66-EC35-4F60-A429-8442D3E28996
[2017/8/17 14:00:59]: 删除任务成功！
[2017/8/17 14:00:59]: 同步：公共库(Air5_0)频率宋丽华 用户信息成功！
[2017/8/17 14:00:59]: 同步：新闻广播(Air5_1)频率宋丽华 用户信息成功！
[2017/8/17 14:00:59]: 同步：中原之声(Air5_2)频率宋丽华 用户信息成功！
[2017/8/17 14:00:59]: 同步：测试频率(Air5_200)频率宋丽华 用户信息成功！
[2017/8/17 14:00:59]: 删除任务成功！
[2017/8/17 14:00:59]: 同步更新成功，表名：Users ID：8778985C-9AFD-4E2D-A7D7-8501F003A346
[2017/8/17 14:00:59]: 删除任务成功！
[2017/8/17 14:00:59]: 同步：公共库(Air5_0)频率lz0 用户信息成功！
[2017/8/17 14:00:59]: 同步：新闻广播(Air5_1)频率lz0 用户信息成功！
[2017/8/17 14:00:59]: 同步：中原之声(Air5_2)频率lz0 用户信息成功！
[2017/8/17 14:00:59]: 同步：测试频率(Air5_200)频率lz0 用户信息成功！
[2017/8/17 14:00:59]: 删除任务成功！
[2017/8/17 14:00:59]: 同步更新成功，表名：Users ID：5DF1CE9F-D50C-4CF3-AAEE-85E9D457502D
[2017/8/17 14:00:59]: 删除任务成功！
[2017/8/17 14:00:59]: 同步：公共库(Air5_0)频率温晓磊 用户信息成功！
[2017/8/17 14:00:59]: 同步：新闻广播(Air5_1)频率温晓磊 用户信息成功！
[2017/8/17 14:00:59]: 同步：中原之声(Air5_2)频率温晓磊 用户信息成功！
[2017/8/17 14:00:59]: 同步：测试频率(Air5_200)频率温晓磊 用户信息成功！
[2017/8/17 14:00:59]: 删除任务成功！
[2017/8/17 14:00:59]: 同步更新成功，表名：Users ID：7F143494-8BFF-46CD-854E-86291247B3CB
[2017/8/17 14:00:59]: 删除任务成功！
[2017/8/17 14:00:59]: 同步：公共库(Air5_0)频率lz2 用户信息成功！
[2017/8/17 14:00:59]: 同步：新闻广播(Air5_1)频率lz2 用户信息成功！
[2017/8/17 14:00:59]: 同步：中原之声(Air5_2)频率lz2 用户信息成功！
[2017/8/17 14:00:59]: 同步：测试频率(Air5_200)频率lz2 用户信息成功！
[2017/8/17 14:00:59]: 删除任务成功！
[2017/8/17 14:00:59]: 同步更新成功，表名：Users ID：F8F183CC-A2A4-4DAE-8459-8769A50DF595
[2017/8/17 14:00:59]: 删除任务成功！
[2017/8/17 14:00:59]: 同步：公共库(Air5_0)频率gly 用户信息成功！
[2017/8/17 14:00:59]: 同步：新闻广播(Air5_1)频率gly 用户信息成功！
[2017/8/17 14:00:59]: 同步：中原之声(Air5_2)频率gly 用户信息成功！
[2017/8/17 14:00:59]: 同步：测试频率(Air5_200)频率gly 用户信息成功！
[2017/8/17 14:01:00]: 删除任务成功！
[2017/8/17 14:01:10]: 同步更新成功，表名：Users ID：2DAC4777-76AD-4DF8-853F-73724EB580ED
[2017/8/17 14:01:10]: 删除任务成功！
[2017/8/17 14:01:10]: 同步：公共库(Air5_0)频率苏翼飞 用户信息成功！
[2017/8/17 14:01:10]: 同步：新闻广播(Air5_1)频率苏翼飞 用户信息成功！
[2017/8/17 14:01:10]: 同步：中原之声(Air5_2)频率苏翼飞 用户信息成功！
[2017/8/17 14:01:10]: 同步：测试频率(Air5_200)频率苏翼飞 用户信息成功！
[2017/8/17 14:01:10]: 删除任务成功！
[2017/8/17 14:01:10]: 同步更新成功，表名：Users ID：F47DCFE9-A162-499F-B196-763DBFCEEA18
[2017/8/17 14:01:10]: 删除任务成功！
[2017/8/17 14:01:10]: 同步：公共库(Air5_0)频率牛丽华 用户信息成功！
[2017/8/17 14:01:10]: 同步：新闻广播(Air5_1)频率牛丽华 用户信息成功！
[2017/8/17 14:01:10]: 同步：中原之声(Air5_2)频率牛丽华 用户信息成功！
[2017/8/17 14:01:10]: 同步：测试频率(Air5_200)频率牛丽华 用户信息成功！
[2017/8/17 14:01:10]: 删除任务成功！
[2017/8/17 14:01:10]: 同步更新成功，表名：Users ID：F1DC5637-E77C-4463-A42E-783C2872A4F3
[2017/8/17 14:01:10]: 删除任务成功！
[2017/8/17 14:01:10]: 同步：公共库(Air5_0)频率牛云霄 用户信息成功！
[2017/8/17 14:01:11]: 同步：新闻广播(Air5_1)频率牛云霄 用户信息成功！
[2017/8/17 14:01:11]: 同步：中原之声(Air5_2)频率牛云霄 用户信息成功！
[2017/8/17 14:01:11]: 同步：测试频率(Air5_200)频率牛云霄 用户信息成功！
[2017/8/17 14:01:11]: 删除任务成功！
[2017/8/17 14:01:11]: 同步更新成功，表名：Users ID：E2DAD1BE-7F12-4B86-898B-7C664CC9F93F
[2017/8/17 14:01:11]: 删除任务成功！
[2017/8/17 14:01:11]: 同步：公共库(Air5_0)频率张海锋 用户信息成功！
[2017/8/17 14:01:11]: 同步：新闻广播(Air5_1)频率张海锋 用户信息成功！
[2017/8/17 14:01:11]: 同步：中原之声(Air5_2)频率张海锋 用户信息成功！
[2017/8/17 14:01:11]: 同步：测试频率(Air5_200)频率张海锋 用户信息成功！
[2017/8/17 14:01:11]: 删除任务成功！
[2017/8/17 14:01:11]: 同步更新成功，表名：Users ID：E9F833AE-6784-411E-A9D5-7CAAF635245C
[2017/8/17 14:01:11]: 删除任务成功！
[2017/8/17 14:01:11]: 同步：公共库(Air5_0)频率李静 用户信息成功！
[2017/8/17 14:01:11]: 同步：新闻广播(Air5_1)频率李静 用户信息成功！
[2017/8/17 14:01:11]: 同步：中原之声(Air5_2)频率李静 用户信息成功！
[2017/8/17 14:01:11]: 同步：测试频率(Air5_200)频率李静 用户信息成功！
[2017/8/17 14:01:11]: 删除任务成功！
[2017/8/17 14:01:11]: 同步更新成功，表名：Users ID：7938FB32-65C6-42F4-83D5-7D0DCE558D38
[2017/8/17 14:01:11]: 删除任务成功！
[2017/8/17 14:01:12]: 同步：公共库(Air5_0)频率赵东 用户信息成功！
[2017/8/17 14:01:12]: 同步：新闻广播(Air5_1)频率赵东 用户信息成功！
[2017/8/17 14:01:12]: 同步：中原之声(Air5_2)频率赵东 用户信息成功！
[2017/8/17 14:01:12]: 同步：测试频率(Air5_200)频率赵东 用户信息成功！
[2017/8/17 14:01:12]: 删除任务成功！
[2017/8/17 14:01:12]: 同步更新成功，表名：Users ID：8F56B923-EFF3-4825-83E1-7E6172D27D4E
[2017/8/17 14:01:12]: 删除任务成功！
[2017/8/17 14:01:12]: 同步：公共库(Air5_0)频率侯祖毅 用户信息成功！
[2017/8/17 14:01:12]: 同步：新闻广播(Air5_1)频率侯祖毅 用户信息成功！
[2017/8/17 14:01:12]: 同步：中原之声(Air5_2)频率侯祖毅 用户信息成功！
[2017/8/17 14:01:12]: 同步：测试频率(Air5_200)频率侯祖毅 用户信息成功！
[2017/8/17 14:01:12]: 删除任务成功！
[2017/8/17 14:01:12]: 同步更新成功，表名：Users ID：E58B5FDC-AD45-44F0-AD99-801C9A2FB02D
[2017/8/17 14:01:12]: 删除任务成功！
[2017/8/17 14:01:12]: 同步：公共库(Air5_0)频率周晓洁 用户信息成功！
[2017/8/17 14:01:12]: 同步：新闻广播(Air5_1)频率周晓洁 用户信息成功！
[2017/8/17 14:01:12]: 同步：中原之声(Air5_2)频率周晓洁 用户信息成功！
[2017/8/17 14:01:12]: 同步：测试频率(Air5_200)频率周晓洁 用户信息成功！
[2017/8/17 14:01:12]: 删除任务成功！
[2017/8/17 14:01:12]: 同步更新成功，表名：Users ID：F0447416-8CE4-4D1C-BC8B-80341EF4C0BC
[2017/8/17 14:01:12]: 删除任务成功！
[2017/8/17 14:01:12]: 同步：公共库(Air5_0)频率赵辰辰 用户信息成功！
[2017/8/17 14:01:12]: 同步：新闻广播(Air5_1)频率赵辰辰 用户信息成功！
[2017/8/17 14:01:13]: 同步：中原之声(Air5_2)频率赵辰辰 用户信息成功！
[2017/8/17 14:01:13]: 同步：测试频率(Air5_200)频率赵辰辰 用户信息成功！
[2017/8/17 14:01:13]: 删除任务成功！
[2017/8/17 14:01:13]: 同步更新成功，表名：Users ID：940FD0CB-9802-4723-8F6F-80B83A27E0FD
[2017/8/17 14:01:13]: 删除任务成功！
[2017/8/17 14:01:13]: 同步：公共库(Air5_0)频率朱璐 用户信息成功！
[2017/8/17 14:01:13]: 同步：新闻广播(Air5_1)频率朱璐 用户信息成功！
[2017/8/17 14:01:13]: 同步：中原之声(Air5_2)频率朱璐 用户信息成功！
[2017/8/17 14:01:13]: 同步：测试频率(Air5_200)频率朱璐 用户信息成功！
[2017/8/17 14:01:13]: 删除任务成功！
[2017/8/17 14:01:23]: 同步更新成功，表名：Users ID：719D4208-5F4D-4343-80E2-6B0C14D82453
[2017/8/17 14:01:23]: 删除任务成功！
[2017/8/17 14:01:23]: 同步：公共库(Air5_0)频率叶媛媛 用户信息成功！
[2017/8/17 14:01:23]: 同步：新闻广播(Air5_1)频率叶媛媛 用户信息成功！
[2017/8/17 14:01:23]: 同步：中原之声(Air5_2)频率叶媛媛 用户信息成功！
[2017/8/17 14:01:23]: 同步：测试频率(Air5_200)频率叶媛媛 用户信息成功！
[2017/8/17 14:01:23]: 删除任务成功！
[2017/8/17 14:01:23]: 同步更新成功，表名：Users ID：615C1ED2-5F20-4426-A426-6C1E97414C5C
[2017/8/17 14:01:23]: 删除任务成功！
[2017/8/17 14:01:23]: 同步：公共库(Air5_0)频率董红 用户信息成功！
[2017/8/17 14:01:23]: 同步：新闻广播(Air5_1)频率董红 用户信息成功！
[2017/8/17 14:01:23]: 同步：中原之声(Air5_2)频率董红 用户信息成功！
[2017/8/17 14:01:23]: 同步：测试频率(Air5_200)频率董红 用户信息成功！
[2017/8/17 14:01:23]: 删除任务成功！
[2017/8/17 14:01:23]: 同步更新成功，表名：Users ID：CA1E94E3-834A-4EB0-B901-6CE1CAFAE608
[2017/8/17 14:01:23]: 删除任务成功！
[2017/8/17 14:01:23]: 同步：公共库(Air5_0)频率黄军红 用户信息成功！
[2017/8/17 14:01:24]: 同步：新闻广播(Air5_1)频率黄军红 用户信息成功！
[2017/8/17 14:01:24]: 同步：中原之声(Air5_2)频率黄军红 用户信息成功！
[2017/8/17 14:01:24]: 同步：测试频率(Air5_200)频率黄军红 用户信息成功！
[2017/8/17 14:01:24]: 删除任务成功！
[2017/8/17 14:01:24]: 同步更新成功，表名：Users ID：1631D0C4-8A9F-41EF-835A-6E0497AA993B
[2017/8/17 14:01:24]: 删除任务成功！
[2017/8/17 14:01:24]: 同步：公共库(Air5_0)频率张颖凡 用户信息成功！
[2017/8/17 14:01:24]: 同步：新闻广播(Air5_1)频率张颖凡 用户信息成功！
[2017/8/17 14:01:24]: 同步：中原之声(Air5_2)频率张颖凡 用户信息成功！
[2017/8/17 14:01:24]: 同步：测试频率(Air5_200)频率张颖凡 用户信息成功！
[2017/8/17 14:01:24]: 删除任务成功！
[2017/8/17 14:01:24]: 同步更新成功，表名：Users ID：E17D0485-07A3-4D3E-9E00-6E4203231993
[2017/8/17 14:01:24]: 删除任务成功！
[2017/8/17 14:01:24]: 同步：公共库(Air5_0)频率吴章荣 用户信息成功！
[2017/8/17 14:01:24]: 同步：新闻广播(Air5_1)频率吴章荣 用户信息成功！
[2017/8/17 14:01:24]: 同步：中原之声(Air5_2)频率吴章荣 用户信息成功！
[2017/8/17 14:01:24]: 同步：测试频率(Air5_200)频率吴章荣 用户信息成功！
[2017/8/17 14:01:24]: 删除任务成功！
[2017/8/17 14:01:24]: 同步更新成功，表名：Users ID：BA3F6E9F-81EB-4412-A406-6F12800F8446
[2017/8/17 14:01:24]: 删除任务成功！
[2017/8/17 14:01:25]: 同步：公共库(Air5_0)频率于文静 用户信息成功！
[2017/8/17 14:01:25]: 同步：新闻广播(Air5_1)频率于文静 用户信息成功！
[2017/8/17 14:01:25]: 同步：中原之声(Air5_2)频率于文静 用户信息成功！
[2017/8/17 14:01:25]: 同步：测试频率(Air5_200)频率于文静 用户信息成功！
[2017/8/17 14:01:25]: 删除任务成功！
[2017/8/17 14:01:25]: 同步更新成功，表名：Users ID：5BBF5F2B-A51D-46D2-9E2A-701358E1FAF7
[2017/8/17 14:01:25]: 删除任务成功！
[2017/8/17 14:01:25]: 同步：公共库(Air5_0)频率周冰 用户信息成功！
[2017/8/17 14:01:25]: 同步：新闻广播(Air5_1)频率周冰 用户信息成功！
[2017/8/17 14:01:25]: 同步：中原之声(Air5_2)频率周冰 用户信息成功！
[2017/8/17 14:01:25]: 同步：测试频率(Air5_200)频率周冰 用户信息成功！
[2017/8/17 14:01:25]: 删除任务成功！
[2017/8/17 14:01:25]: 同步更新成功，表名：Users ID：D22B4A1B-A426-4A96-A707-704F87F32C89
[2017/8/17 14:01:25]: 删除任务成功！
[2017/8/17 14:01:25]: 同步：公共库(Air5_0)频率张宁宁 用户信息成功！
[2017/8/17 14:01:25]: 同步：新闻广播(Air5_1)频率张宁宁 用户信息成功！
[2017/8/17 14:01:25]: 同步：中原之声(Air5_2)频率张宁宁 用户信息成功！
[2017/8/17 14:01:25]: 同步：测试频率(Air5_200)频率张宁宁 用户信息成功！
[2017/8/17 14:01:25]: 删除任务成功！
[2017/8/17 14:01:25]: 同步更新成功，表名：Users ID：974A808B-6AFE-4A24-81CE-729125F6C18A
[2017/8/17 14:01:26]: 删除任务成功！
[2017/8/17 14:01:26]: 同步：公共库(Air5_0)频率饶可 用户信息成功！
[2017/8/17 14:01:26]: 同步：新闻广播(Air5_1)频率饶可 用户信息成功！
[2017/8/17 14:01:26]: 同步：中原之声(Air5_2)频率饶可 用户信息成功！
[2017/8/17 14:01:26]: 同步：测试频率(Air5_200)频率饶可 用户信息成功！
[2017/8/17 14:01:26]: 删除任务成功！
[2017/8/17 14:01:26]: 同步更新成功，表名：Users ID：90D9E60E-2EC2-49C2-9EFD-730B457D5FA0
[2017/8/17 14:01:26]: 删除任务成功！
[2017/8/17 14:01:26]: 同步：公共库(Air5_0)频率李鹏 用户信息成功！
[2017/8/17 14:01:26]: 同步：新闻广播(Air5_1)频率李鹏 用户信息成功！
[2017/8/17 14:01:26]: 同步：中原之声(Air5_2)频率李鹏 用户信息成功！
[2017/8/17 14:01:26]: 同步：测试频率(Air5_200)频率李鹏 用户信息成功！
[2017/8/17 14:01:26]: 删除任务成功！
[2017/8/17 14:01:36]: 同步更新成功，表名：Users ID：7E291024-D447-443D-B682-5FCD4DE6D980
[2017/8/17 14:01:36]: 删除任务成功！
[2017/8/17 14:01:36]: 同步：公共库(Air5_0)频率高朕钰 用户信息成功！
[2017/8/17 14:01:36]: 同步：新闻广播(Air5_1)频率高朕钰 用户信息成功！
[2017/8/17 14:01:36]: 同步：中原之声(Air5_2)频率高朕钰 用户信息成功！
[2017/8/17 14:01:36]: 同步：测试频率(Air5_200)频率高朕钰 用户信息成功！
[2017/8/17 14:01:36]: 删除任务成功！
[2017/8/17 14:01:36]: 同步更新成功，表名：Users ID：919C5BD7-4E07-4854-A8F5-60532B13168A
[2017/8/17 14:01:36]: 删除任务成功！
[2017/8/17 14:01:36]: 同步：公共库(Air5_0)频率王丽菲 用户信息成功！
[2017/8/17 14:01:36]: 同步：新闻广播(Air5_1)频率王丽菲 用户信息成功！
[2017/8/17 14:01:36]: 同步：中原之声(Air5_2)频率王丽菲 用户信息成功！
[2017/8/17 14:01:36]: 同步：测试频率(Air5_200)频率王丽菲 用户信息成功！
[2017/8/17 14:01:36]: 删除任务成功！
[2017/8/17 14:01:36]: 同步更新成功，表名：Users ID：F73D8EFD-7083-4A0F-85B1-60BB37B73B4E
[2017/8/17 14:01:36]: 删除任务成功！
[2017/8/17 14:01:36]: 同步：公共库(Air5_0)频率申东亮 用户信息成功！
[2017/8/17 14:01:36]: 同步：新闻广播(Air5_1)频率申东亮 用户信息成功！
[2017/8/17 14:01:37]: 同步：中原之声(Air5_2)频率申东亮 用户信息成功！
[2017/8/17 14:01:37]: 同步：测试频率(Air5_200)频率申东亮 用户信息成功！
[2017/8/17 14:01:37]: 删除任务成功！
[2017/8/17 14:01:37]: 同步更新成功，表名：Users ID：2393F09D-15D1-4DD8-A407-60D45ED5C58C
[2017/8/17 14:01:37]: 删除任务成功！
[2017/8/17 14:01:37]: 同步：公共库(Air5_0)频率lz3 用户信息成功！
[2017/8/17 14:01:37]: 同步：新闻广播(Air5_1)频率lz3 用户信息成功！
[2017/8/17 14:01:37]: 同步：中原之声(Air5_2)频率lz3 用户信息成功！
[2017/8/17 14:01:37]: 同步：测试频率(Air5_200)频率lz3 用户信息成功！
[2017/8/17 14:01:37]: 删除任务成功！
[2017/8/17 14:01:37]: 同步更新成功，表名：Users ID：AEA9A6BC-1EB2-4FBF-8891-62B712A79959
[2017/8/17 14:01:37]: 删除任务成功！
[2017/8/17 14:01:37]: 同步：公共库(Air5_0)频率宋雨 用户信息成功！
[2017/8/17 14:01:37]: 同步：新闻广播(Air5_1)频率宋雨 用户信息成功！
[2017/8/17 14:01:37]: 同步：中原之声(Air5_2)频率宋雨 用户信息成功！
[2017/8/17 14:01:37]: 同步：测试频率(Air5_200)频率宋雨 用户信息成功！
[2017/8/17 14:01:37]: 删除任务成功！
[2017/8/17 14:01:37]: 同步更新成功，表名：Users ID：67B8812B-34A4-494F-946E-62DB486F0F4B
[2017/8/17 14:01:37]: 删除任务成功！
[2017/8/17 14:01:37]: 同步：公共库(Air5_0)频率莫琳 用户信息成功！
[2017/8/17 14:01:37]: 同步：新闻广播(Air5_1)频率莫琳 用户信息成功！
[2017/8/17 14:01:37]: 同步：中原之声(Air5_2)频率莫琳 用户信息成功！
[2017/8/17 14:01:37]: 同步：测试频率(Air5_200)频率莫琳 用户信息成功！
[2017/8/17 14:01:37]: 删除任务成功！
[2017/8/17 14:01:37]: 同步更新成功，表名：Users ID：2C9EFA92-83C9-45C5-844B-64EFF2C7BA8C
[2017/8/17 14:01:38]: 删除任务成功！
[2017/8/17 14:01:38]: 同步：公共库(Air5_0)频率荣佳琳 用户信息成功！
[2017/8/17 14:01:38]: 同步：新闻广播(Air5_1)频率荣佳琳 用户信息成功！
[2017/8/17 14:01:38]: 同步：中原之声(Air5_2)频率荣佳琳 用户信息成功！
[2017/8/17 14:01:38]: 同步：测试频率(Air5_200)频率荣佳琳 用户信息成功！
[2017/8/17 14:01:38]: 删除任务成功！
[2017/8/17 14:01:38]: 同步更新成功，表名：Users ID：B2ADDE41-E183-40A0-B26E-669E503FC21A
[2017/8/17 14:01:38]: 删除任务成功！
[2017/8/17 14:01:38]: 同步：公共库(Air5_0)频率李聪 用户信息成功！
[2017/8/17 14:01:38]: 同步：新闻广播(Air5_1)频率李聪 用户信息成功！
[2017/8/17 14:01:38]: 同步：中原之声(Air5_2)频率李聪 用户信息成功！
[2017/8/17 14:01:38]: 同步：测试频率(Air5_200)频率李聪 用户信息成功！
[2017/8/17 14:01:38]: 删除任务成功！
[2017/8/17 14:01:38]: 同步更新成功，表名：Users ID：A569A3BB-0652-4B45-9B64-671DBC06F0AD
[2017/8/17 14:01:38]: 删除任务成功！
[2017/8/17 14:01:38]: 同步：公共库(Air5_0)频率吕燕博 用户信息成功！
[2017/8/17 14:01:38]: 同步：新闻广播(Air5_1)频率吕燕博 用户信息成功！
[2017/8/17 14:01:38]: 同步：中原之声(Air5_2)频率吕燕博 用户信息成功！
[2017/8/17 14:01:39]: 同步：测试频率(Air5_200)频率吕燕博 用户信息成功！
[2017/8/17 14:01:39]: 删除任务成功！
[2017/8/17 14:01:39]: 同步更新成功，表名：Users ID：94E8481D-6F68-46F2-9AD8-687FDBF8A428
[2017/8/17 14:01:39]: 删除任务成功！
[2017/8/17 14:01:39]: 同步：公共库(Air5_0)频率王雨辰 用户信息成功！
[2017/8/17 14:01:39]: 同步：新闻广播(Air5_1)频率王雨辰 用户信息成功！
[2017/8/17 14:01:39]: 同步：中原之声(Air5_2)频率王雨辰 用户信息成功！
[2017/8/17 14:01:39]: 同步：测试频率(Air5_200)频率王雨辰 用户信息成功！
[2017/8/17 14:01:39]: 删除任务成功！
[2017/8/17 14:01:49]: 同步更新成功，表名：Users ID：66C78B33-0328-416D-B81C-59BC363ED293
[2017/8/17 14:01:49]: 删除任务成功！
[2017/8/17 14:01:49]: 同步：公共库(Air5_0)频率谷艳敏 用户信息成功！
[2017/8/17 14:01:49]: 同步：新闻广播(Air5_1)频率谷艳敏 用户信息成功！
[2017/8/17 14:01:49]: 同步：中原之声(Air5_2)频率谷艳敏 用户信息成功！
[2017/8/17 14:01:49]: 同步：测试频率(Air5_200)频率谷艳敏 用户信息成功！
[2017/8/17 14:01:49]: 删除任务成功！
[2017/8/17 14:01:49]: 同步更新成功，表名：Users ID：BFF90E5A-1958-4D33-AD86-5A97ADD89C48
[2017/8/17 14:01:49]: 删除任务成功！
[2017/8/17 14:01:49]: 同步：公共库(Air5_0)频率陈艺 用户信息成功！
[2017/8/17 14:01:49]: 同步：新闻广播(Air5_1)频率陈艺 用户信息成功！
[2017/8/17 14:01:49]: 同步：中原之声(Air5_2)频率陈艺 用户信息成功！
[2017/8/17 14:01:49]: 同步：测试频率(Air5_200)频率陈艺 用户信息成功！
[2017/8/17 14:01:49]: 删除任务成功！
[2017/8/17 14:01:49]: 同步更新成功，表名：Users ID：A6A3554D-657B-4E46-9B1F-5B6E7FB3A9AE
[2017/8/17 14:01:49]: 删除任务成功！
[2017/8/17 14:01:49]: 同步：公共库(Air5_0)频率李惠颖 用户信息成功！
[2017/8/17 14:01:49]: 同步：新闻广播(Air5_1)频率李惠颖 用户信息成功！
[2017/8/17 14:01:49]: 同步：中原之声(Air5_2)频率李惠颖 用户信息成功！
[2017/8/17 14:01:49]: 同步：测试频率(Air5_200)频率李惠颖 用户信息成功！
[2017/8/17 14:01:49]: 删除任务成功！
[2017/8/17 14:01:50]: 同步更新成功，表名：Users ID：EAC01F07-8912-4C0D-A06C-5D06133307D9
[2017/8/17 14:01:50]: 删除任务成功！
[2017/8/17 14:01:50]: 同步：公共库(Air5_0)频率沈剑波 用户信息成功！
[2017/8/17 14:01:50]: 同步：新闻广播(Air5_1)频率沈剑波 用户信息成功！
[2017/8/17 14:01:50]: 同步：中原之声(Air5_2)频率沈剑波 用户信息成功！
[2017/8/17 14:01:50]: 同步：测试频率(Air5_200)频率沈剑波 用户信息成功！
[2017/8/17 14:01:50]: 删除任务成功！
[2017/8/17 14:01:50]: 同步更新成功，表名：Users ID：314E3CEE-2344-4611-8E97-5D68BA1AC3DB
[2017/8/17 14:01:50]: 删除任务成功！
[2017/8/17 14:01:50]: 同步：公共库(Air5_0)频率付天喜 用户信息成功！
[2017/8/17 14:01:50]: 同步：新闻广播(Air5_1)频率付天喜 用户信息成功！
[2017/8/17 14:01:50]: 同步：中原之声(Air5_2)频率付天喜 用户信息成功！
[2017/8/17 14:01:50]: 同步：测试频率(Air5_200)频率付天喜 用户信息成功！
[2017/8/17 14:01:50]: 删除任务成功！
[2017/8/17 14:01:50]: 同步更新成功，表名：Users ID：C18A3D58-95FA-4922-9F89-5DC8A83C951B
[2017/8/17 14:01:50]: 删除任务成功！
[2017/8/17 14:01:50]: 同步：公共库(Air5_0)频率张盈棣 用户信息成功！
[2017/8/17 14:01:50]: 同步：新闻广播(Air5_1)频率张盈棣 用户信息成功！
[2017/8/17 14:01:50]: 同步：中原之声(Air5_2)频率张盈棣 用户信息成功！
[2017/8/17 14:01:50]: 同步：测试频率(Air5_200)频率张盈棣 用户信息成功！
[2017/8/17 14:01:50]: 删除任务成功！
[2017/8/17 14:01:50]: 同步更新成功，表名：Users ID：9251AAA2-C68B-4EAE-96A9-5DCCF91D4239
[2017/8/17 14:01:50]: 删除任务成功！
[2017/8/17 14:01:50]: 同步：公共库(Air5_0)频率殷清卉 用户信息成功！
[2017/8/17 14:01:50]: 同步：新闻广播(Air5_1)频率殷清卉 用户信息成功！
[2017/8/17 14:01:50]: 同步：中原之声(Air5_2)频率殷清卉 用户信息成功！
[2017/8/17 14:01:50]: 同步：测试频率(Air5_200)频率殷清卉 用户信息成功！
[2017/8/17 14:01:50]: 删除任务成功！
[2017/8/17 14:01:50]: 同步更新成功，表名：Users ID：4B809E36-29E4-4778-9523-5E16D9E81F4A
[2017/8/17 14:01:50]: 删除任务成功！
[2017/8/17 14:01:50]: 同步：公共库(Air5_0)频率赵云逸 用户信息成功！
[2017/8/17 14:01:50]: 同步：新闻广播(Air5_1)频率赵云逸 用户信息成功！
[2017/8/17 14:01:50]: 同步：中原之声(Air5_2)频率赵云逸 用户信息成功！
[2017/8/17 14:01:50]: 同步：测试频率(Air5_200)频率赵云逸 用户信息成功！
[2017/8/17 14:01:50]: 删除任务成功！
[2017/8/17 14:01:51]: 同步更新成功，表名：Users ID：EDF90B2C-3B16-4E41-830D-5E346B3959F8
[2017/8/17 14:01:51]: 删除任务成功！
[2017/8/17 14:01:51]: 同步：公共库(Air5_0)频率孙海燕 用户信息成功！
[2017/8/17 14:01:51]: 同步：新闻广播(Air5_1)频率孙海燕 用户信息成功！
[2017/8/17 14:01:51]: 同步：中原之声(Air5_2)频率孙海燕 用户信息成功！
[2017/8/17 14:01:51]: 同步：测试频率(Air5_200)频率孙海燕 用户信息成功！
[2017/8/17 14:01:51]: 删除任务成功！
[2017/8/17 14:01:51]: 同步更新成功，表名：Users ID：F414EB70-6746-432C-BC1C-5FBCB4D0F676
[2017/8/17 14:01:51]: 删除任务成功！
[2017/8/17 14:01:51]: 同步：公共库(Air5_0)频率赵凯 用户信息成功！
[2017/8/17 14:01:51]: 同步：新闻广播(Air5_1)频率赵凯 用户信息成功！
[2017/8/17 14:01:51]: 同步：中原之声(Air5_2)频率赵凯 用户信息成功！
[2017/8/17 14:01:51]: 同步：测试频率(Air5_200)频率赵凯 用户信息成功！
[2017/8/17 14:01:51]: 删除任务成功！
[2017/8/17 14:02:02]: 同步更新成功，表名：Users ID：E42E5EE7-A7E7-440B-9099-4FD80937078C
[2017/8/17 14:02:02]: 删除任务成功！
[2017/8/17 14:02:02]: 同步：公共库(Air5_0)频率曹博淳 用户信息成功！
[2017/8/17 14:02:02]: 同步：新闻广播(Air5_1)频率曹博淳 用户信息成功！
[2017/8/17 14:02:02]: 同步：中原之声(Air5_2)频率曹博淳 用户信息成功！
[2017/8/17 14:02:02]: 同步：测试频率(Air5_200)频率曹博淳 用户信息成功！
[2017/8/17 14:02:02]: 删除任务成功！
[2017/8/17 14:02:02]: 同步更新成功，表名：Users ID：E64903C5-7C3E-4340-9D1C-51D839FD739F
[2017/8/17 14:02:02]: 删除任务成功！
[2017/8/17 14:02:02]: 同步：公共库(Air5_0)频率王玮 用户信息成功！
[2017/8/17 14:02:02]: 同步：新闻广播(Air5_1)频率王玮 用户信息成功！
[2017/8/17 14:02:02]: 同步：中原之声(Air5_2)频率王玮 用户信息成功！
[2017/8/17 14:02:02]: 同步：测试频率(Air5_200)频率王玮 用户信息成功！
[2017/8/17 14:02:02]: 删除任务成功！
[2017/8/17 14:02:02]: 同步更新成功，表名：Users ID：FE934AF4-85CE-4FD5-B418-52375DBF44A8
[2017/8/17 14:02:02]: 删除任务成功！
[2017/8/17 14:02:02]: 同步：公共库(Air5_0)频率杨恺 用户信息成功！
[2017/8/17 14:02:02]: 同步：新闻广播(Air5_1)频率杨恺 用户信息成功！
[2017/8/17 14:02:02]: 同步：中原之声(Air5_2)频率杨恺 用户信息成功！
[2017/8/17 14:02:02]: 同步：测试频率(Air5_200)频率杨恺 用户信息成功！
[2017/8/17 14:02:02]: 删除任务成功！
[2017/8/17 14:02:02]: 同步更新成功，表名：Users ID：91EFD94D-AA91-4152-8106-5247553539A9
[2017/8/17 14:02:02]: 删除任务成功！
[2017/8/17 14:02:02]: 同步：公共库(Air5_0)频率李金锋 用户信息成功！
[2017/8/17 14:02:02]: 同步：新闻广播(Air5_1)频率李金锋 用户信息成功！
[2017/8/17 14:02:02]: 同步：中原之声(Air5_2)频率李金锋 用户信息成功！
[2017/8/17 14:02:02]: 同步：测试频率(Air5_200)频率李金锋 用户信息成功！
[2017/8/17 14:02:02]: 删除任务成功！
[2017/8/17 14:02:02]: 同步更新成功，表名：Users ID：AF078050-F812-4781-A164-538E8757EEE8
[2017/8/17 14:02:02]: 删除任务成功！
[2017/8/17 14:02:02]: 同步：公共库(Air5_0)频率朱秋影 用户信息成功！
[2017/8/17 14:02:02]: 同步：新闻广播(Air5_1)频率朱秋影 用户信息成功！
[2017/8/17 14:02:02]: 同步：中原之声(Air5_2)频率朱秋影 用户信息成功！
[2017/8/17 14:02:02]: 同步：测试频率(Air5_200)频率朱秋影 用户信息成功！
[2017/8/17 14:02:02]: 删除任务成功！
[2017/8/17 14:02:02]: 同步更新成功，表名：Users ID：0BDBBD32-FDC5-4F3D-929D-540A9E51969F
[2017/8/17 14:02:02]: 删除任务成功！
[2017/8/17 14:02:02]: 同步：公共库(Air5_0)频率高慧 用户信息成功！
[2017/8/17 14:02:03]: 同步：新闻广播(Air5_1)频率高慧 用户信息成功！
[2017/8/17 14:02:03]: 同步：中原之声(Air5_2)频率高慧 用户信息成功！
[2017/8/17 14:02:03]: 同步：测试频率(Air5_200)频率高慧 用户信息成功！
[2017/8/17 14:02:03]: 删除任务成功！
[2017/8/17 14:02:03]: 同步更新成功，表名：Users ID：23F5D169-2C0F-4B76-886F-551BAC8E633F
[2017/8/17 14:02:03]: 删除任务成功！
[2017/8/17 14:02:03]: 同步：公共库(Air5_0)频率张建礼 用户信息成功！
[2017/8/17 14:02:03]: 同步：新闻广播(Air5_1)频率张建礼 用户信息成功！
[2017/8/17 14:02:03]: 同步：中原之声(Air5_2)频率张建礼 用户信息成功！
[2017/8/17 14:02:03]: 同步：测试频率(Air5_200)频率张建礼 用户信息成功！
[2017/8/17 14:02:03]: 删除任务成功！
[2017/8/17 14:02:03]: 同步更新成功，表名：Users ID：3C62D2D1-BA49-4FFB-9C8B-5534843AB260
[2017/8/17 14:02:03]: 删除任务成功！
[2017/8/17 14:02:03]: 同步：公共库(Air5_0)频率高峰 用户信息成功！
[2017/8/17 14:02:03]: 同步：新闻广播(Air5_1)频率高峰 用户信息成功！
[2017/8/17 14:02:03]: 同步：中原之声(Air5_2)频率高峰 用户信息成功！
[2017/8/17 14:02:03]: 同步：测试频率(Air5_200)频率高峰 用户信息成功！
[2017/8/17 14:02:03]: 删除任务成功！
[2017/8/17 14:02:03]: 同步更新成功，表名：Users ID：0388B7A1-6E00-477E-9F29-5799751ECF5B
[2017/8/17 14:02:03]: 删除任务成功！
[2017/8/17 14:02:03]: 同步：公共库(Air5_0)频率胡乔钰 用户信息成功！
[2017/8/17 14:02:03]: 同步：新闻广播(Air5_1)频率胡乔钰 用户信息成功！
[2017/8/17 14:02:03]: 同步：中原之声(Air5_2)频率胡乔钰 用户信息成功！
[2017/8/17 14:02:03]: 同步：测试频率(Air5_200)频率胡乔钰 用户信息成功！
[2017/8/17 14:02:03]: 删除任务成功！
[2017/8/17 14:02:03]: 同步更新成功，表名：Users ID：6200BAF7-A04B-42E2-B002-57E1B9C72F7B
[2017/8/17 14:02:03]: 删除任务成功！
[2017/8/17 14:02:03]: 同步：公共库(Air5_0)频率窦靖婧 用户信息成功！
[2017/8/17 14:02:03]: 同步：新闻广播(Air5_1)频率窦靖婧 用户信息成功！
[2017/8/17 14:02:03]: 同步：中原之声(Air5_2)频率窦靖婧 用户信息成功！
[2017/8/17 14:02:03]: 同步：测试频率(Air5_200)频率窦靖婧 用户信息成功！
[2017/8/17 14:02:03]: 删除任务成功！
[2017/8/17 14:02:13]: 同步更新成功，表名：Users ID：EFD1085E-D86B-4680-A039-48CE48FB9ABD
[2017/8/17 14:02:14]: 删除任务成功！
[2017/8/17 14:02:14]: 同步：公共库(Air5_0)频率耿秀娟 用户信息成功！
[2017/8/17 14:02:14]: 同步：新闻广播(Air5_1)频率耿秀娟 用户信息成功！
[2017/8/17 14:02:14]: 同步：中原之声(Air5_2)频率耿秀娟 用户信息成功！
[2017/8/17 14:02:14]: 同步：测试频率(Air5_200)频率耿秀娟 用户信息成功！
[2017/8/17 14:02:14]: 删除任务成功！
[2017/8/17 14:02:14]: 同步更新成功，表名：Users ID：0BE27B82-4BAD-485A-96F9-49BC5CB0E505
[2017/8/17 14:02:14]: 删除任务成功！
[2017/8/17 14:02:14]: 同步：公共库(Air5_0)频率谭珂 用户信息成功！
[2017/8/17 14:02:14]: 同步：新闻广播(Air5_1)频率谭珂 用户信息成功！
[2017/8/17 14:02:14]: 同步：中原之声(Air5_2)频率谭珂 用户信息成功！
[2017/8/17 14:02:14]: 同步：测试频率(Air5_200)频率谭珂 用户信息成功！
[2017/8/17 14:02:14]: 删除任务成功！
[2017/8/17 14:02:14]: 同步更新成功，表名：Users ID：BB32567A-8A61-4615-9F6C-4BFED88F330D
[2017/8/17 14:02:14]: 删除任务成功！
[2017/8/17 14:02:14]: 同步：公共库(Air5_0)频率tbtest 用户信息成功！
[2017/8/17 14:02:14]: 同步：新闻广播(Air5_1)频率tbtest 用户信息成功！
[2017/8/17 14:02:14]: 同步：中原之声(Air5_2)频率tbtest 用户信息成功！
[2017/8/17 14:02:14]: 同步：测试频率(Air5_200)频率tbtest 用户信息成功！
[2017/8/17 14:02:14]: 删除任务成功！
[2017/8/17 14:02:14]: 同步更新成功，表名：Users ID：634D84B7-F5CB-4A34-9A6D-4E02FBA21D68
[2017/8/17 14:02:15]: 删除任务成功！
[2017/8/17 14:02:15]: 同步：公共库(Air5_0)频率杨雪峰 用户信息成功！
[2017/8/17 14:02:15]: 同步：新闻广播(Air5_1)频率杨雪峰 用户信息成功！
[2017/8/17 14:02:15]: 同步：中原之声(Air5_2)频率杨雪峰 用户信息成功！
[2017/8/17 14:02:15]: 同步：测试频率(Air5_200)频率杨雪峰 用户信息成功！
[2017/8/17 14:02:15]: 删除任务成功！
[2017/8/17 14:02:15]: 同步更新成功，表名：Users ID：336EE38F-5D83-4923-A42A-4E5498B4AC8A
[2017/8/17 14:02:15]: 删除任务成功！
[2017/8/17 14:02:15]: 同步：公共库(Air5_0)频率王潇然 用户信息成功！
[2017/8/17 14:02:15]: 同步：新闻广播(Air5_1)频率王潇然 用户信息成功！
[2017/8/17 14:02:15]: 同步：中原之声(Air5_2)频率王潇然 用户信息成功！
[2017/8/17 14:02:15]: 同步：测试频率(Air5_200)频率王潇然 用户信息成功！
[2017/8/17 14:02:15]: 删除任务成功！
[2017/8/17 14:02:15]: 同步更新成功，表名：Users ID：6B6D6878-5186-4408-8CAB-4E956CDF175F
[2017/8/17 14:02:15]: 删除任务成功！
[2017/8/17 14:02:15]: 同步：公共库(Air5_0)频率薛博文 用户信息成功！
[2017/8/17 14:02:15]: 同步：新闻广播(Air5_1)频率薛博文 用户信息成功！
[2017/8/17 14:02:15]: 同步：中原之声(Air5_2)频率薛博文 用户信息成功！
[2017/8/17 14:02:16]: 同步：测试频率(Air5_200)频率薛博文 用户信息成功！
[2017/8/17 14:02:16]: 删除任务成功！
[2017/8/17 14:02:16]: 同步更新成功，表名：Users ID：C87EFFB6-E1AD-441C-9CE6-4EDFABDE3A8F
[2017/8/17 14:02:16]: 删除任务成功！
[2017/8/17 14:02:16]: 同步：公共库(Air5_0)频率孙丹 用户信息成功！
[2017/8/17 14:02:16]: 同步：新闻广播(Air5_1)频率孙丹 用户信息成功！
[2017/8/17 14:02:16]: 同步：中原之声(Air5_2)频率孙丹 用户信息成功！
[2017/8/17 14:02:16]: 同步：测试频率(Air5_200)频率孙丹 用户信息成功！
[2017/8/17 14:02:16]: 删除任务成功！
[2017/8/17 14:02:16]: 同步更新成功，表名：Users ID：F8BFD980-B4E6-4A16-B8D6-4F45D49FBCA4
[2017/8/17 14:02:16]: 删除任务成功！
[2017/8/17 14:02:16]: 同步：公共库(Air5_0)频率徐红晓 用户信息成功！
[2017/8/17 14:02:16]: 同步：新闻广播(Air5_1)频率徐红晓 用户信息成功！
[2017/8/17 14:02:16]: 同步：中原之声(Air5_2)频率徐红晓 用户信息成功！
[2017/8/17 14:02:16]: 同步：测试频率(Air5_200)频率徐红晓 用户信息成功！
[2017/8/17 14:02:16]: 删除任务成功！
[2017/8/17 14:02:16]: 同步更新成功，表名：Users ID：3CC0CE15-F218-431A-9682-4F4DA17E7A0C
[2017/8/17 14:02:16]: 删除任务成功！
[2017/8/17 14:02:16]: 同步：公共库(Air5_0)频率刘长源 用户信息成功！
[2017/8/17 14:02:16]: 同步：新闻广播(Air5_1)频率刘长源 用户信息成功！
[2017/8/17 14:02:16]: 同步：中原之声(Air5_2)频率刘长源 用户信息成功！
[2017/8/17 14:02:16]: 同步：测试频率(Air5_200)频率刘长源 用户信息成功！
[2017/8/17 14:02:16]: 删除任务成功！
[2017/8/17 14:02:16]: 同步更新成功，表名：Users ID：2E6ACF32-A3C2-4D26-AA34-4FD187951F3A
[2017/8/17 14:02:17]: 删除任务成功！
[2017/8/17 14:02:17]: 同步：公共库(Air5_0)频率刘芙蓉 用户信息成功！
[2017/8/17 14:02:17]: 同步：新闻广播(Air5_1)频率刘芙蓉 用户信息成功！
[2017/8/17 14:02:17]: 同步：中原之声(Air5_2)频率刘芙蓉 用户信息成功！
[2017/8/17 14:02:17]: 同步：测试频率(Air5_200)频率刘芙蓉 用户信息成功！
[2017/8/17 14:02:17]: 删除任务成功！
[2017/8/17 14:02:27]: 同步更新成功，表名：Users ID：3DA3B9F5-11CF-49AB-AF80-3FF481342B51
[2017/8/17 14:02:27]: 删除任务成功！
[2017/8/17 14:02:27]: 同步：公共库(Air5_0)频率王腾霄 用户信息成功！
[2017/8/17 14:02:27]: 同步：新闻广播(Air5_1)频率王腾霄 用户信息成功！
[2017/8/17 14:02:27]: 同步：中原之声(Air5_2)频率王腾霄 用户信息成功！
[2017/8/17 14:02:27]: 同步：测试频率(Air5_200)频率王腾霄 用户信息成功！
[2017/8/17 14:02:27]: 删除任务成功！
[2017/8/17 14:02:27]: 同步更新成功，表名：Users ID：007F1EF9-29A1-49C0-BB53-402D723F18C8
[2017/8/17 14:02:27]: 删除任务成功！
[2017/8/17 14:02:27]: 同步：公共库(Air5_0)频率宋贤伟 用户信息成功！
[2017/8/17 14:02:27]: 同步：新闻广播(Air5_1)频率宋贤伟 用户信息成功！
[2017/8/17 14:02:27]: 同步：中原之声(Air5_2)频率宋贤伟 用户信息成功！
[2017/8/17 14:02:27]: 同步：测试频率(Air5_200)频率宋贤伟 用户信息成功！
[2017/8/17 14:02:27]: 删除任务成功！
[2017/8/17 14:02:27]: 同步更新成功，表名：Users ID：5AB52509-8452-4278-9B18-4131B48AE8F8
[2017/8/17 14:02:27]: 删除任务成功！
[2017/8/17 14:02:27]: 同步：公共库(Air5_0)频率刘群英 用户信息成功！
[2017/8/17 14:02:27]: 同步：新闻广播(Air5_1)频率刘群英 用户信息成功！
[2017/8/17 14:02:27]: 同步：中原之声(Air5_2)频率刘群英 用户信息成功！
[2017/8/17 14:02:27]: 同步：测试频率(Air5_200)频率刘群英 用户信息成功！
[2017/8/17 14:02:27]: 删除任务成功！
[2017/8/17 14:02:27]: 同步更新成功，表名：Users ID：FD9D8B08-6B5C-4229-85B5-4152613DC371
[2017/8/17 14:02:27]: 删除任务成功！
[2017/8/17 14:02:28]: 同步：公共库(Air5_0)频率陶丽 用户信息成功！
[2017/8/17 14:02:28]: 同步：新闻广播(Air5_1)频率陶丽 用户信息成功！
[2017/8/17 14:02:28]: 同步：中原之声(Air5_2)频率陶丽 用户信息成功！
[2017/8/17 14:02:28]: 同步：测试频率(Air5_200)频率陶丽 用户信息成功！
[2017/8/17 14:02:28]: 删除任务成功！
[2017/8/17 14:02:28]: 同步更新成功，表名：Users ID：EB9268C8-85F0-4351-8F66-44405819EBF5
[2017/8/17 14:02:28]: 删除任务成功！
[2017/8/17 14:02:28]: 同步：公共库(Air5_0)频率王晓娟 用户信息成功！
[2017/8/17 14:02:28]: 同步：新闻广播(Air5_1)频率王晓娟 用户信息成功！
[2017/8/17 14:02:28]: 同步：中原之声(Air5_2)频率王晓娟 用户信息成功！
[2017/8/17 14:02:28]: 同步：测试频率(Air5_200)频率王晓娟 用户信息成功！
[2017/8/17 14:02:28]: 删除任务成功！
[2017/8/17 14:02:28]: 同步更新成功，表名：Users ID：3D049E50-CCDD-409A-8131-46A297FB06CC
[2017/8/17 14:02:28]: 删除任务成功！
[2017/8/17 14:02:28]: 同步：公共库(Air5_0)频率孙盼珍 用户信息成功！
[2017/8/17 14:02:28]: 同步：新闻广播(Air5_1)频率孙盼珍 用户信息成功！
[2017/8/17 14:02:28]: 同步：中原之声(Air5_2)频率孙盼珍 用户信息成功！
[2017/8/17 14:02:28]: 同步：测试频率(Air5_200)频率孙盼珍 用户信息成功！
[2017/8/17 14:02:28]: 删除任务成功！
[2017/8/17 14:02:28]: 同步更新成功，表名：Users ID：E1A5DBCC-70CB-4887-9FB6-46E6754133A2
[2017/8/17 14:02:29]: 删除任务成功！
[2017/8/17 14:02:29]: 同步：公共库(Air5_0)频率白文幸 用户信息成功！
[2017/8/17 14:02:29]: 同步：新闻广播(Air5_1)频率白文幸 用户信息成功！
[2017/8/17 14:02:29]: 同步：中原之声(Air5_2)频率白文幸 用户信息成功！
[2017/8/17 14:02:29]: 同步：测试频率(Air5_200)频率白文幸 用户信息成功！
[2017/8/17 14:02:29]: 删除任务成功！
[2017/8/17 14:02:29]: 同步更新成功，表名：Users ID：CFFB4444-D823-479D-940F-47E4209BC62B
[2017/8/17 14:02:29]: 删除任务成功！
[2017/8/17 14:02:29]: 同步：公共库(Air5_0)频率马偲偲 用户信息成功！
[2017/8/17 14:02:29]: 同步：新闻广播(Air5_1)频率马偲偲 用户信息成功！
[2017/8/17 14:02:29]: 同步：中原之声(Air5_2)频率马偲偲 用户信息成功！
[2017/8/17 14:02:29]: 同步：测试频率(Air5_200)频率马偲偲 用户信息成功！
[2017/8/17 14:02:29]: 删除任务成功！
[2017/8/17 14:02:29]: 同步更新成功，表名：Users ID：41C5A789-5FB9-4ABF-B49A-4858AC58E2D1
[2017/8/17 14:02:29]: 删除任务成功！
[2017/8/17 14:02:29]: 同步：公共库(Air5_0)频率lz1 用户信息成功！
[2017/8/17 14:02:29]: 同步：新闻广播(Air5_1)频率lz1 用户信息成功！
[2017/8/17 14:02:29]: 同步：中原之声(Air5_2)频率lz1 用户信息成功！
[2017/8/17 14:02:29]: 同步：测试频率(Air5_200)频率lz1 用户信息成功！
[2017/8/17 14:02:29]: 删除任务成功！
[2017/8/17 14:02:30]: 同步更新成功，表名：Users ID：2A5CEF72-0F66-4E50-91B5-4876219891F9
[2017/8/17 14:02:30]: 删除任务成功！
[2017/8/17 14:02:30]: 同步：公共库(Air5_0)频率黄琛 用户信息成功！
[2017/8/17 14:02:30]: 同步：新闻广播(Air5_1)频率黄琛 用户信息成功！
[2017/8/17 14:02:30]: 同步：中原之声(Air5_2)频率黄琛 用户信息成功！
[2017/8/17 14:02:30]: 同步：测试频率(Air5_200)频率黄琛 用户信息成功！
[2017/8/17 14:02:30]: 删除任务成功！
[2017/8/17 14:02:40]: 同步更新成功，表名：Users ID：30011193-DC73-4C55-BDD4-39468B03FD7B
[2017/8/17 14:02:40]: 删除任务成功！
[2017/8/17 14:02:40]: 同步：公共库(Air5_0)频率陈松 用户信息成功！
[2017/8/17 14:02:40]: 同步：新闻广播(Air5_1)频率陈松 用户信息成功！
[2017/8/17 14:02:40]: 同步：中原之声(Air5_2)频率陈松 用户信息成功！
[2017/8/17 14:02:40]: 同步：测试频率(Air5_200)频率陈松 用户信息成功！
[2017/8/17 14:02:40]: 删除任务成功！
[2017/8/17 14:02:40]: 同步更新成功，表名：Users ID：C17568D3-0D3D-4647-8D81-3987A430FBB3
[2017/8/17 14:02:40]: 删除任务成功！
[2017/8/17 14:02:40]: 同步：公共库(Air5_0)频率杜芳 用户信息成功！
[2017/8/17 14:02:40]: 同步：新闻广播(Air5_1)频率杜芳 用户信息成功！
[2017/8/17 14:02:40]: 同步：中原之声(Air5_2)频率杜芳 用户信息成功！
[2017/8/17 14:02:40]: 同步：测试频率(Air5_200)频率杜芳 用户信息成功！
[2017/8/17 14:02:40]: 删除任务成功！
[2017/8/17 14:02:40]: 同步更新成功，表名：Users ID：D6B97541-231A-45C8-9608-39EE5103F941
[2017/8/17 14:02:40]: 删除任务成功！
[2017/8/17 14:02:40]: 同步：公共库(Air5_0)频率姜岩 用户信息成功！
[2017/8/17 14:02:40]: 同步：新闻广播(Air5_1)频率姜岩 用户信息成功！
[2017/8/17 14:02:40]: 同步：中原之声(Air5_2)频率姜岩 用户信息成功！
[2017/8/17 14:02:40]: 同步：测试频率(Air5_200)频率姜岩 用户信息成功！
[2017/8/17 14:02:40]: 删除任务成功！
[2017/8/17 14:02:40]: 同步更新成功，表名：Users ID：4DBDD4EF-156D-4FAF-8F94-3A117404A431
[2017/8/17 14:02:40]: 删除任务成功！
[2017/8/17 14:02:40]: 同步：公共库(Air5_0)频率海春霞 用户信息成功！
[2017/8/17 14:02:41]: 同步：新闻广播(Air5_1)频率海春霞 用户信息成功！
[2017/8/17 14:02:41]: 同步：中原之声(Air5_2)频率海春霞 用户信息成功！
[2017/8/17 14:02:41]: 同步：测试频率(Air5_200)频率海春霞 用户信息成功！
[2017/8/17 14:02:41]: 删除任务成功！
[2017/8/17 14:02:41]: 同步更新成功，表名：Users ID：BA8ABE69-0CC1-4E2A-8ABE-3A4FEAC585AD
[2017/8/17 14:02:41]: 删除任务成功！
[2017/8/17 14:02:41]: 同步：公共库(Air5_0)频率安琪 用户信息成功！
[2017/8/17 14:02:41]: 同步：新闻广播(Air5_1)频率安琪 用户信息成功！
[2017/8/17 14:02:41]: 同步：中原之声(Air5_2)频率安琪 用户信息成功！
[2017/8/17 14:02:41]: 同步：测试频率(Air5_200)频率安琪 用户信息成功！
[2017/8/17 14:02:41]: 删除任务成功！
[2017/8/17 14:02:41]: 同步更新成功，表名：Users ID：77A9425C-4A9A-4219-B077-3B4BFAFB97F2
[2017/8/17 14:02:41]: 删除任务成功！
[2017/8/17 14:02:41]: 同步：公共库(Air5_0)频率杨少杰 用户信息成功！
[2017/8/17 14:02:41]: 同步：新闻广播(Air5_1)频率杨少杰 用户信息成功！
[2017/8/17 14:02:41]: 同步：中原之声(Air5_2)频率杨少杰 用户信息成功！
[2017/8/17 14:02:41]: 同步：测试频率(Air5_200)频率杨少杰 用户信息成功！
[2017/8/17 14:02:41]: 删除任务成功！
[2017/8/17 14:02:41]: 同步更新成功，表名：Users ID：10024F86-0DEA-4582-8B8C-3D19ABDFE03F
[2017/8/17 14:02:41]: 删除任务成功！
[2017/8/17 14:02:41]: 同步：公共库(Air5_0)频率申伟辉 用户信息成功！
[2017/8/17 14:02:41]: 同步：新闻广播(Air5_1)频率申伟辉 用户信息成功！
[2017/8/17 14:02:41]: 同步：中原之声(Air5_2)频率申伟辉 用户信息成功！
[2017/8/17 14:02:41]: 同步：测试频率(Air5_200)频率申伟辉 用户信息成功！
[2017/8/17 14:02:41]: 删除任务成功！
[2017/8/17 14:02:42]: 同步更新成功，表名：Users ID：6B22F605-9520-4DB7-85A0-3D1B3370021A
[2017/8/17 14:02:42]: 删除任务成功！
[2017/8/17 14:02:42]: 同步：公共库(Air5_0)频率邓语 用户信息成功！
[2017/8/17 14:02:42]: 同步：新闻广播(Air5_1)频率邓语 用户信息成功！
[2017/8/17 14:02:42]: 同步：中原之声(Air5_2)频率邓语 用户信息成功！
[2017/8/17 14:02:42]: 同步：测试频率(Air5_200)频率邓语 用户信息成功！
[2017/8/17 14:02:42]: 删除任务成功！
[2017/8/17 14:02:42]: 同步更新成功，表名：Users ID：DEDB5479-4B0B-44CB-8FAF-3EB7F68118F1
[2017/8/17 14:02:42]: 删除任务成功！
[2017/8/17 14:02:42]: 同步：公共库(Air5_0)频率任汪澎 用户信息成功！
[2017/8/17 14:02:42]: 同步：新闻广播(Air5_1)频率任汪澎 用户信息成功！
[2017/8/17 14:02:42]: 同步：中原之声(Air5_2)频率任汪澎 用户信息成功！
[2017/8/17 14:02:42]: 同步：测试频率(Air5_200)频率任汪澎 用户信息成功！
[2017/8/17 14:02:42]: 删除任务成功！
[2017/8/17 14:02:42]: 同步更新成功，表名：Users ID：C8A4257C-D59E-4032-BD58-3FEF455FE4E5
[2017/8/17 14:02:42]: 删除任务成功！
[2017/8/17 14:02:42]: 同步：公共库(Air5_0)频率杨柳青 用户信息成功！
[2017/8/17 14:02:43]: 同步：新闻广播(Air5_1)频率杨柳青 用户信息成功！
[2017/8/17 14:02:43]: 同步：中原之声(Air5_2)频率杨柳青 用户信息成功！
[2017/8/17 14:02:43]: 同步：测试频率(Air5_200)频率杨柳青 用户信息成功！
[2017/8/17 14:02:43]: 删除任务成功！
[2017/8/17 14:02:53]: 同步更新成功，表名：Users ID：97A6E541-0B24-442A-AEE8-2B8B9A883179
[2017/8/17 14:02:53]: 删除任务成功！
[2017/8/17 14:02:53]: 同步：公共库(Air5_0)频率花栀子 用户信息成功！
[2017/8/17 14:02:53]: 同步：新闻广播(Air5_1)频率花栀子 用户信息成功！
[2017/8/17 14:02:53]: 同步：中原之声(Air5_2)频率花栀子 用户信息成功！
[2017/8/17 14:02:53]: 同步：测试频率(Air5_200)频率花栀子 用户信息成功！
[2017/8/17 14:02:53]: 删除任务成功！
[2017/8/17 14:02:53]: 同步更新成功，表名：Users ID：95C10BEB-D6E3-4AA1-B5EF-2C76543C3907
[2017/8/17 14:02:53]: 删除任务成功！
[2017/8/17 14:02:53]: 同步：公共库(Air5_0)频率栗鑫 用户信息成功！
[2017/8/17 14:02:53]: 同步：新闻广播(Air5_1)频率栗鑫 用户信息成功！
[2017/8/17 14:02:53]: 同步：中原之声(Air5_2)频率栗鑫 用户信息成功！
[2017/8/17 14:02:53]: 同步：测试频率(Air5_200)频率栗鑫 用户信息成功！
[2017/8/17 14:02:53]: 删除任务成功！
[2017/8/17 14:02:53]: 同步更新成功，表名：Users ID：0B8DA4ED-215E-429C-83D3-2EA510AF4DF7
[2017/8/17 14:02:53]: 删除任务成功！
[2017/8/17 14:02:53]: 同步：公共库(Air5_0)频率张蕾 用户信息成功！
[2017/8/17 14:02:53]: 同步：新闻广播(Air5_1)频率张蕾 用户信息成功！
[2017/8/17 14:02:53]: 同步：中原之声(Air5_2)频率张蕾 用户信息成功！
[2017/8/17 14:02:53]: 同步：测试频率(Air5_200)频率张蕾 用户信息成功！
[2017/8/17 14:02:53]: 删除任务成功！
[2017/8/17 14:02:53]: 同步更新成功，表名：Users ID：B6988267-0385-4370-8293-2FEF51010250
[2017/8/17 14:02:53]: 删除任务成功！
[2017/8/17 14:02:53]: 同步：公共库(Air5_0)频率张颖辉 用户信息成功！
[2017/8/17 14:02:53]: 同步：新闻广播(Air5_1)频率张颖辉 用户信息成功！
[2017/8/17 14:02:53]: 同步：中原之声(Air5_2)频率张颖辉 用户信息成功！
[2017/8/17 14:02:53]: 同步：测试频率(Air5_200)频率张颖辉 用户信息成功！
[2017/8/17 14:02:53]: 删除任务成功！
[2017/8/17 14:02:53]: 同步更新成功，表名：Users ID：B9383A5D-AB5B-41ED-8E46-30490553D87C
[2017/8/17 14:02:53]: 删除任务成功！
[2017/8/17 14:02:53]: 同步：公共库(Air5_0)频率张新昊 用户信息成功！
[2017/8/17 14:02:53]: 同步：新闻广播(Air5_1)频率张新昊 用户信息成功！
[2017/8/17 14:02:53]: 同步：中原之声(Air5_2)频率张新昊 用户信息成功！
[2017/8/17 14:02:53]: 同步：测试频率(Air5_200)频率张新昊 用户信息成功！
[2017/8/17 14:02:53]: 删除任务成功！
[2017/8/17 14:02:54]: 同步更新成功，表名：Users ID：E9158716-0B2E-43DC-9344-31EBF1EF3B35
[2017/8/17 14:02:54]: 删除任务成功！
[2017/8/17 14:02:54]: 同步：公共库(Air5_0)频率王怡璐 用户信息成功！
[2017/8/17 14:02:54]: 同步：新闻广播(Air5_1)频率王怡璐 用户信息成功！
[2017/8/17 14:02:54]: 同步：中原之声(Air5_2)频率王怡璐 用户信息成功！
[2017/8/17 14:02:54]: 同步：测试频率(Air5_200)频率王怡璐 用户信息成功！
[2017/8/17 14:02:54]: 删除任务成功！
[2017/8/17 14:02:54]: 同步更新成功，表名：Users ID：C869D2E3-D0B6-4FFB-8FD5-374BFBB26CBA
[2017/8/17 14:02:54]: 删除任务成功！
[2017/8/17 14:02:54]: 同步：公共库(Air5_0)频率吴桐 用户信息成功！
[2017/8/17 14:02:54]: 同步：新闻广播(Air5_1)频率吴桐 用户信息成功！
[2017/8/17 14:02:54]: 同步：中原之声(Air5_2)频率吴桐 用户信息成功！
[2017/8/17 14:02:54]: 同步：测试频率(Air5_200)频率吴桐 用户信息成功！
[2017/8/17 14:02:54]: 删除任务成功！
[2017/8/17 14:02:54]: 同步更新成功，表名：Users ID：099BEC69-A4CE-4E37-94BF-3757EDF07D84
[2017/8/17 14:02:54]: 删除任务成功！
[2017/8/17 14:02:54]: 同步：公共库(Air5_0)频率李丽 用户信息成功！
[2017/8/17 14:02:54]: 同步：新闻广播(Air5_1)频率李丽 用户信息成功！
[2017/8/17 14:02:54]: 同步：中原之声(Air5_2)频率李丽 用户信息成功！
[2017/8/17 14:02:54]: 同步：测试频率(Air5_200)频率李丽 用户信息成功！
[2017/8/17 14:02:54]: 删除任务成功！
[2017/8/17 14:02:54]: 同步更新成功，表名：Users ID：AC90C249-B1D0-4C4F-8628-37BFB20F1CA9
[2017/8/17 14:02:54]: 删除任务成功！
[2017/8/17 14:02:54]: 同步：公共库(Air5_0)频率余光鑫 用户信息成功！
[2017/8/17 14:02:54]: 同步：新闻广播(Air5_1)频率余光鑫 用户信息成功！
[2017/8/17 14:02:54]: 同步：中原之声(Air5_2)频率余光鑫 用户信息成功！
[2017/8/17 14:02:55]: 同步：测试频率(Air5_200)频率余光鑫 用户信息成功！
[2017/8/17 14:02:55]: 删除任务成功！
[2017/8/17 14:02:55]: 同步更新成功，表名：Users ID：C15E3917-5BDE-446C-8C48-38E47B49D4AF
[2017/8/17 14:02:55]: 删除任务成功！
[2017/8/17 14:02:55]: 同步：公共库(Air5_0)频率郭江琳 用户信息成功！
[2017/8/17 14:02:55]: 同步：新闻广播(Air5_1)频率郭江琳 用户信息成功！
[2017/8/17 14:02:55]: 同步：中原之声(Air5_2)频率郭江琳 用户信息成功！
[2017/8/17 14:02:55]: 同步：测试频率(Air5_200)频率郭江琳 用户信息成功！
[2017/8/17 14:02:55]: 删除任务成功！
[2017/8/17 14:03:05]: 同步更新成功，表名：Users ID：7153DA4C-D556-4135-A45D-256C9A35D24B
[2017/8/17 14:03:05]: 删除任务成功！
[2017/8/17 14:03:05]: 同步：公共库(Air5_0)频率郏一儒 用户信息成功！
[2017/8/17 14:03:05]: 同步：新闻广播(Air5_1)频率郏一儒 用户信息成功！
[2017/8/17 14:03:05]: 同步：中原之声(Air5_2)频率郏一儒 用户信息成功！
[2017/8/17 14:03:05]: 同步：测试频率(Air5_200)频率郏一儒 用户信息成功！
[2017/8/17 14:03:05]: 删除任务成功！
[2017/8/17 14:03:05]: 同步更新成功，表名：Users ID：F4AA0C20-AD42-42EE-940F-2806ECAAC5DC
[2017/8/17 14:03:05]: 删除任务成功！
[2017/8/17 14:03:05]: 同步：公共库(Air5_0)频率马珊珊 用户信息成功！
[2017/8/17 14:03:05]: 同步：新闻广播(Air5_1)频率马珊珊 用户信息成功！
[2017/8/17 14:03:05]: 同步：中原之声(Air5_2)频率马珊珊 用户信息成功！
[2017/8/17 14:03:05]: 同步：测试频率(Air5_200)频率马珊珊 用户信息成功！
[2017/8/17 14:03:05]: 删除任务成功！
[2017/8/17 14:03:05]: 同步更新成功，表名：Users ID：6C6C8AE9-7B86-4068-86B4-2859C18545E6
[2017/8/17 14:03:05]: 删除任务成功！
[2017/8/17 14:03:05]: 同步：公共库(Air5_0)频率罗栋巍 用户信息成功！
[2017/8/17 14:03:05]: 同步：新闻广播(Air5_1)频率罗栋巍 用户信息成功！
[2017/8/17 14:03:05]: 同步：中原之声(Air5_2)频率罗栋巍 用户信息成功！
[2017/8/17 14:03:05]: 同步：测试频率(Air5_200)频率罗栋巍 用户信息成功！
[2017/8/17 14:03:05]: 删除任务成功！
[2017/8/17 14:03:05]: 同步更新成功，表名：Users ID：44EEDE31-427D-4C04-86BD-2906FF43DFE6
[2017/8/17 14:03:05]: 删除任务成功！
[2017/8/17 14:03:05]: 同步：公共库(Air5_0)频率韩强 用户信息成功！
[2017/8/17 14:03:05]: 同步：新闻广播(Air5_1)频率韩强 用户信息成功！
[2017/8/17 14:03:06]: 同步：中原之声(Air5_2)频率韩强 用户信息成功！
[2017/8/17 14:03:06]: 同步：测试频率(Air5_200)频率韩强 用户信息成功！
[2017/8/17 14:03:06]: 删除任务成功！
[2017/8/17 14:03:06]: 同步更新成功，表名：Users ID：F4206131-EFB3-4425-BE51-290FBA45DB8B
[2017/8/17 14:03:06]: 删除任务成功！
[2017/8/17 14:03:06]: 同步：公共库(Air5_0)频率jgl 用户信息成功！
[2017/8/17 14:03:06]: 同步：新闻广播(Air5_1)频率jgl 用户信息成功！
[2017/8/17 14:03:06]: 同步：中原之声(Air5_2)频率jgl 用户信息成功！
[2017/8/17 14:03:06]: 同步：测试频率(Air5_200)频率jgl 用户信息成功！
[2017/8/17 14:03:06]: 删除任务成功！
[2017/8/17 14:03:06]: 同步更新成功，表名：Users ID：ABF33B3B-28A7-425D-B4F1-29D864E89FBD
[2017/8/17 14:03:06]: 删除任务成功！
[2017/8/17 14:03:06]: 同步：公共库(Air5_0)频率xmt 用户信息成功！
[2017/8/17 14:03:06]: 同步：新闻广播(Air5_1)频率xmt 用户信息成功！
[2017/8/17 14:03:06]: 同步：中原之声(Air5_2)频率xmt 用户信息成功！
[2017/8/17 14:03:06]: 同步：测试频率(Air5_200)频率xmt 用户信息成功！
[2017/8/17 14:03:06]: 删除任务成功！
[2017/8/17 14:03:06]: 同步更新成功，表名：Users ID：FBC2EB1B-03D5-4E34-918B-2A4E0F3CC85A
[2017/8/17 14:03:06]: 删除任务成功！
[2017/8/17 14:03:06]: 同步：公共库(Air5_0)频率栾媛媛 用户信息成功！
[2017/8/17 14:03:06]: 同步：新闻广播(Air5_1)频率栾媛媛 用户信息成功！
[2017/8/17 14:03:06]: 同步：中原之声(Air5_2)频率栾媛媛 用户信息成功！
[2017/8/17 14:03:06]: 同步：测试频率(Air5_200)频率栾媛媛 用户信息成功！
[2017/8/17 14:03:06]: 删除任务成功！
[2017/8/17 14:03:06]: 同步更新成功，表名：Users ID：61800B8F-776A-4B85-BFA8-2A6E21EBCC41
[2017/8/17 14:03:06]: 删除任务成功！
[2017/8/17 14:03:06]: 同步：公共库(Air5_0)频率陈翰 用户信息成功！
[2017/8/17 14:03:06]: 同步：新闻广播(Air5_1)频率陈翰 用户信息成功！
[2017/8/17 14:03:06]: 同步：中原之声(Air5_2)频率陈翰 用户信息成功！
[2017/8/17 14:03:06]: 同步：测试频率(Air5_200)频率陈翰 用户信息成功！
[2017/8/17 14:03:06]: 删除任务成功！
[2017/8/17 14:03:06]: 同步更新成功，表名：Users ID：BD9025D9-96D8-4336-8481-2AC22332FBA3
[2017/8/17 14:03:06]: 删除任务成功！
[2017/8/17 14:03:06]: 同步：公共库(Air5_0)频率程冰冰 用户信息成功！
[2017/8/17 14:03:06]: 同步：新闻广播(Air5_1)频率程冰冰 用户信息成功！
[2017/8/17 14:03:06]: 同步：中原之声(Air5_2)频率程冰冰 用户信息成功！
[2017/8/17 14:03:06]: 同步：测试频率(Air5_200)频率程冰冰 用户信息成功！
[2017/8/17 14:03:06]: 删除任务成功！
[2017/8/17 14:03:06]: 同步更新成功，表名：Users ID：ACB33B2D-982B-4821-B1D7-2B3CEB51932A
[2017/8/17 14:03:06]: 删除任务成功！
[2017/8/17 14:03:06]: 同步：公共库(Air5_0)频率赵勇生 用户信息成功！
[2017/8/17 14:03:06]: 同步：新闻广播(Air5_1)频率赵勇生 用户信息成功！
[2017/8/17 14:03:07]: 同步：中原之声(Air5_2)频率赵勇生 用户信息成功！
[2017/8/17 14:03:07]: 同步：测试频率(Air5_200)频率赵勇生 用户信息成功！
[2017/8/17 14:03:07]: 删除任务成功！
[2017/8/17 14:03:17]: 同步更新成功，表名：Users ID：5CD30770-4551-4296-ADA2-192EC5E44326
[2017/8/17 14:03:17]: 删除任务成功！
[2017/8/17 14:03:17]: 同步：公共库(Air5_0)频率季洁 用户信息成功！
[2017/8/17 14:03:17]: 同步：新闻广播(Air5_1)频率季洁 用户信息成功！
[2017/8/17 14:03:17]: 同步：中原之声(Air5_2)频率季洁 用户信息成功！
[2017/8/17 14:03:17]: 同步：测试频率(Air5_200)频率季洁 用户信息成功！
[2017/8/17 14:03:17]: 删除任务成功！
[2017/8/17 14:03:17]: 同步更新成功，表名：Users ID：A538847E-D318-4E4B-B947-1992AAA909CC
[2017/8/17 14:03:17]: 删除任务成功！
[2017/8/17 14:03:17]: 同步：公共库(Air5_0)频率练书锋 用户信息成功！
[2017/8/17 14:03:17]: 同步：新闻广播(Air5_1)频率练书锋 用户信息成功！
[2017/8/17 14:03:17]: 同步：中原之声(Air5_2)频率练书锋 用户信息成功！
[2017/8/17 14:03:17]: 同步：测试频率(Air5_200)频率练书锋 用户信息成功！
[2017/8/17 14:03:17]: 删除任务成功！
[2017/8/17 14:03:18]: 同步更新成功，表名：Users ID：03DE45BF-7046-4808-BE5F-1C1B9F5EECFE
[2017/8/17 14:03:18]: 删除任务成功！
[2017/8/17 14:03:18]: 同步：公共库(Air5_0)频率李姝奇 用户信息成功！
[2017/8/17 14:03:18]: 同步：新闻广播(Air5_1)频率李姝奇 用户信息成功！
[2017/8/17 14:03:18]: 同步：中原之声(Air5_2)频率李姝奇 用户信息成功！
[2017/8/17 14:03:18]: 同步：测试频率(Air5_200)频率李姝奇 用户信息成功！
[2017/8/17 14:03:18]: 删除任务成功！
[2017/8/17 14:03:18]: 同步更新成功，表名：Users ID：DFE61F60-2B87-4B04-81D2-1D7D9230C760
[2017/8/17 14:03:18]: 删除任务成功！
[2017/8/17 14:03:18]: 同步：公共库(Air5_0)频率张红飞 用户信息成功！
[2017/8/17 14:03:18]: 同步：新闻广播(Air5_1)频率张红飞 用户信息成功！
[2017/8/17 14:03:18]: 同步：中原之声(Air5_2)频率张红飞 用户信息成功！
[2017/8/17 14:03:18]: 同步：测试频率(Air5_200)频率张红飞 用户信息成功！
[2017/8/17 14:03:18]: 删除任务成功！
[2017/8/17 14:03:18]: 同步更新成功，表名：Users ID：D2EB4563-FD58-4C53-8613-1EC3302795B6
[2017/8/17 14:03:18]: 删除任务成功！
[2017/8/17 14:03:18]: 同步：公共库(Air5_0)频率张鹏 用户信息成功！
[2017/8/17 14:03:18]: 同步：新闻广播(Air5_1)频率张鹏 用户信息成功！
[2017/8/17 14:03:18]: 同步：中原之声(Air5_2)频率张鹏 用户信息成功！
[2017/8/17 14:03:19]: 同步：测试频率(Air5_200)频率张鹏 用户信息成功！
[2017/8/17 14:03:19]: 删除任务成功！
[2017/8/17 14:03:19]: 同步更新成功，表名：Users ID：B1A340EA-AFE8-4618-A552-208C01D9EF61
[2017/8/17 14:03:19]: 删除任务成功！
[2017/8/17 14:03:19]: 同步：公共库(Air5_0)频率褚燕楠 用户信息成功！
[2017/8/17 14:03:19]: 同步：新闻广播(Air5_1)频率褚燕楠 用户信息成功！
[2017/8/17 14:03:19]: 同步：中原之声(Air5_2)频率褚燕楠 用户信息成功！
[2017/8/17 14:03:19]: 同步：测试频率(Air5_200)频率褚燕楠 用户信息成功！
[2017/8/17 14:03:19]: 删除任务成功！
[2017/8/17 14:03:19]: 同步更新成功，表名：Users ID：E419857D-AA61-4FC4-8F98-20DD25D8D438
[2017/8/17 14:03:19]: 删除任务成功！
[2017/8/17 14:03:19]: 同步：公共库(Air5_0)频率朱奕名 用户信息成功！
[2017/8/17 14:03:19]: 同步：新闻广播(Air5_1)频率朱奕名 用户信息成功！
[2017/8/17 14:03:19]: 同步：中原之声(Air5_2)频率朱奕名 用户信息成功！
[2017/8/17 14:03:19]: 同步：测试频率(Air5_200)频率朱奕名 用户信息成功！
[2017/8/17 14:03:19]: 删除任务成功！
[2017/8/17 14:03:19]: 同步更新成功，表名：Users ID：F9D9089D-C505-446C-B21B-211BEBA56C1F
[2017/8/17 14:03:19]: 删除任务成功！
[2017/8/17 14:03:19]: 同步：公共库(Air5_0)频率周一帆 用户信息成功！
[2017/8/17 14:03:19]: 同步：新闻广播(Air5_1)频率周一帆 用户信息成功！
[2017/8/17 14:03:20]: 同步：中原之声(Air5_2)频率周一帆 用户信息成功！
[2017/8/17 14:03:20]: 同步：测试频率(Air5_200)频率周一帆 用户信息成功！
[2017/8/17 14:03:20]: 删除任务成功！
[2017/8/17 14:03:20]: 同步更新成功，表名：Users ID：760D1FCC-EC6F-4CB7-BED4-22D259B2E8C9
[2017/8/17 14:03:20]: 删除任务成功！
[2017/8/17 14:03:20]: 同步：公共库(Air5_0)频率王红 用户信息成功！
[2017/8/17 14:03:20]: 同步：新闻广播(Air5_1)频率王红 用户信息成功！
[2017/8/17 14:03:20]: 同步：中原之声(Air5_2)频率王红 用户信息成功！
[2017/8/17 14:03:20]: 同步：测试频率(Air5_200)频率王红 用户信息成功！
[2017/8/17 14:03:20]: 删除任务成功！
[2017/8/17 14:03:20]: 同步更新成功，表名：Users ID：FB93DF1C-F8FC-4476-BC3C-2381052E28F2
[2017/8/17 14:03:20]: 删除任务成功！
[2017/8/17 14:03:20]: 同步：公共库(Air5_0)频率张琳 用户信息成功！
[2017/8/17 14:03:20]: 同步：新闻广播(Air5_1)频率张琳 用户信息成功！
[2017/8/17 14:03:20]: 同步：中原之声(Air5_2)频率张琳 用户信息成功！
[2017/8/17 14:03:20]: 同步：测试频率(Air5_200)频率张琳 用户信息成功！
[2017/8/17 14:03:20]: 删除任务成功！
[2017/8/17 14:03:30]: 同步更新成功，表名：Users ID：2CA38D3E-8473-4CA4-9F46-1028D45BAC24
[2017/8/17 14:03:30]: 删除任务成功！
[2017/8/17 14:03:30]: 同步：公共库(Air5_0)频率田海涛 用户信息成功！
[2017/8/17 14:03:31]: 同步：新闻广播(Air5_1)频率田海涛 用户信息成功！
[2017/8/17 14:03:31]: 同步：中原之声(Air5_2)频率田海涛 用户信息成功！
[2017/8/17 14:03:31]: 同步：测试频率(Air5_200)频率田海涛 用户信息成功！
[2017/8/17 14:03:31]: 删除任务成功！
[2017/8/17 14:03:31]: 同步更新成功，表名：Users ID：BE6E17E9-12A5-41B7-81A3-10376FF9B267
[2017/8/17 14:03:31]: 删除任务成功！
[2017/8/17 14:03:31]: 同步：公共库(Air5_0)频率卜瑜 用户信息成功！
[2017/8/17 14:03:31]: 同步：新闻广播(Air5_1)频率卜瑜 用户信息成功！
[2017/8/17 14:03:31]: 同步：中原之声(Air5_2)频率卜瑜 用户信息成功！
[2017/8/17 14:03:31]: 同步：测试频率(Air5_200)频率卜瑜 用户信息成功！
[2017/8/17 14:03:31]: 删除任务成功！
[2017/8/17 14:03:31]: 同步更新成功，表名：Users ID：72D2B267-D134-4621-B4EB-1131924F8E8F
[2017/8/17 14:03:31]: 删除任务成功！
[2017/8/17 14:03:31]: 同步：公共库(Air5_0)频率白可 用户信息成功！
[2017/8/17 14:03:31]: 同步：新闻广播(Air5_1)频率白可 用户信息成功！
[2017/8/17 14:03:31]: 同步：中原之声(Air5_2)频率白可 用户信息成功！
[2017/8/17 14:03:31]: 同步：测试频率(Air5_200)频率白可 用户信息成功！
[2017/8/17 14:03:31]: 删除任务成功！
[2017/8/17 14:03:31]: 同步更新成功，表名：Users ID：ADD1BEB1-86D6-42BB-BAE6-13139E3F531B
[2017/8/17 14:03:31]: 删除任务成功！
[2017/8/17 14:03:31]: 同步：公共库(Air5_0)频率康志阔 用户信息成功！
[2017/8/17 14:03:31]: 同步：新闻广播(Air5_1)频率康志阔 用户信息成功！
[2017/8/17 14:03:31]: 同步：中原之声(Air5_2)频率康志阔 用户信息成功！
[2017/8/17 14:03:31]: 同步：测试频率(Air5_200)频率康志阔 用户信息成功！
[2017/8/17 14:03:31]: 删除任务成功！
[2017/8/17 14:03:31]: 同步更新成功，表名：Users ID：1F61CF29-17D3-432F-9FFD-13E3094A3C8A
[2017/8/17 14:03:32]: 删除任务成功！
[2017/8/17 14:03:32]: 同步：公共库(Air5_0)频率陈波 用户信息成功！
[2017/8/17 14:03:32]: 同步：新闻广播(Air5_1)频率陈波 用户信息成功！
[2017/8/17 14:03:32]: 同步：中原之声(Air5_2)频率陈波 用户信息成功！
[2017/8/17 14:03:32]: 同步：测试频率(Air5_200)频率陈波 用户信息成功！
[2017/8/17 14:03:32]: 删除任务成功！
[2017/8/17 14:03:32]: 同步更新成功，表名：Users ID：656987DF-23C4-4CE5-9880-16C627AB6E6D
[2017/8/17 14:03:32]: 删除任务成功！
[2017/8/17 14:03:32]: 同步：公共库(Air5_0)频率高昆仑 用户信息成功！
[2017/8/17 14:03:32]: 同步：新闻广播(Air5_1)频率高昆仑 用户信息成功！
[2017/8/17 14:03:32]: 同步：中原之声(Air5_2)频率高昆仑 用户信息成功！
[2017/8/17 14:03:32]: 同步：测试频率(Air5_200)频率高昆仑 用户信息成功！
[2017/8/17 14:03:32]: 删除任务成功！
[2017/8/17 14:03:32]: 同步更新成功，表名：Users ID：FEE8821C-54E7-4C6F-9BAF-16F4EA9FD674
[2017/8/17 14:03:32]: 删除任务成功！
[2017/8/17 14:03:32]: 同步：公共库(Air5_0)频率黄红燕 用户信息成功！
[2017/8/17 14:03:32]: 同步：新闻广播(Air5_1)频率黄红燕 用户信息成功！
[2017/8/17 14:03:32]: 同步：中原之声(Air5_2)频率黄红燕 用户信息成功！
[2017/8/17 14:03:33]: 同步：测试频率(Air5_200)频率黄红燕 用户信息成功！
[2017/8/17 14:03:33]: 删除任务成功！
[2017/8/17 14:03:33]: 同步更新成功，表名：Users ID：B2130E5D-52EE-4D8B-AE60-1728DAAD2B56
[2017/8/17 14:03:33]: 删除任务成功！
[2017/8/17 14:03:33]: 同步：公共库(Air5_0)频率张洋锋 用户信息成功！
[2017/8/17 14:03:33]: 同步：新闻广播(Air5_1)频率张洋锋 用户信息成功！
[2017/8/17 14:03:33]: 同步：中原之声(Air5_2)频率张洋锋 用户信息成功！
[2017/8/17 14:03:33]: 同步：测试频率(Air5_200)频率张洋锋 用户信息成功！
[2017/8/17 14:03:33]: 删除任务成功！
[2017/8/17 14:03:33]: 同步更新成功，表名：Users ID：63AAA9CE-63E6-42EF-9B5D-17C2EED55D04
[2017/8/17 14:03:33]: 删除任务成功！
[2017/8/17 14:03:33]: 同步：公共库(Air5_0)频率宋莹 用户信息成功！
[2017/8/17 14:03:33]: 同步：新闻广播(Air5_1)频率宋莹 用户信息成功！
[2017/8/17 14:03:33]: 同步：中原之声(Air5_2)频率宋莹 用户信息成功！
[2017/8/17 14:03:33]: 同步：测试频率(Air5_200)频率宋莹 用户信息成功！
[2017/8/17 14:03:33]: 删除任务成功！
[2017/8/17 14:03:33]: 同步更新成功，表名：Users ID：4FFE4752-D7DC-4C8A-A114-191A05741157
[2017/8/17 14:03:33]: 删除任务成功！
[2017/8/17 14:03:33]: 同步：公共库(Air5_0)频率李佳雨 用户信息成功！
[2017/8/17 14:03:34]: 同步：新闻广播(Air5_1)频率李佳雨 用户信息成功！
[2017/8/17 14:03:34]: 同步：中原之声(Air5_2)频率李佳雨 用户信息成功！
[2017/8/17 14:03:34]: 同步：测试频率(Air5_200)频率李佳雨 用户信息成功！
[2017/8/17 14:03:34]: 删除任务成功！
[2017/8/17 14:03:44]: 同步更新成功，表名：Users ID：DC2B09A7-5C8D-4D80-92DD-06545BC87753
[2017/8/17 14:03:44]: 删除任务成功！
[2017/8/17 14:03:44]: 同步：公共库(Air5_0)频率慎重 用户信息成功！
[2017/8/17 14:03:44]: 同步：新闻广播(Air5_1)频率慎重 用户信息成功！
[2017/8/17 14:03:44]: 同步：中原之声(Air5_2)频率慎重 用户信息成功！
[2017/8/17 14:03:44]: 同步：测试频率(Air5_200)频率慎重 用户信息成功！
[2017/8/17 14:03:44]: 删除任务成功！
[2017/8/17 14:03:44]: 同步更新成功，表名：Users ID：B693A909-7933-4CA4-8D24-072941A31F21
[2017/8/17 14:03:44]: 删除任务成功！
[2017/8/17 14:03:44]: 同步：公共库(Air5_0)频率马宏生 用户信息成功！
[2017/8/17 14:03:44]: 同步：新闻广播(Air5_1)频率马宏生 用户信息成功！
[2017/8/17 14:03:44]: 同步：中原之声(Air5_2)频率马宏生 用户信息成功！
[2017/8/17 14:03:44]: 同步：测试频率(Air5_200)频率马宏生 用户信息成功！
[2017/8/17 14:03:44]: 删除任务成功！
[2017/8/17 14:03:44]: 同步更新成功，表名：Users ID：399BB89B-F905-457A-8DCF-08281F6F8B5F
[2017/8/17 14:03:44]: 删除任务成功！
[2017/8/17 14:03:44]: 同步：公共库(Air5_0)频率刘雯 用户信息成功！
[2017/8/17 14:03:44]: 同步：新闻广播(Air5_1)频率刘雯 用户信息成功！
[2017/8/17 14:03:44]: 同步：中原之声(Air5_2)频率刘雯 用户信息成功！
[2017/8/17 14:03:44]: 同步：测试频率(Air5_200)频率刘雯 用户信息成功！
[2017/8/17 14:03:44]: 删除任务成功！
[2017/8/17 14:03:44]: 同步更新成功，表名：Users ID：337C7D95-8D4F-409A-86F8-08754D940473
[2017/8/17 14:03:44]: 删除任务成功！
[2017/8/17 14:03:44]: 同步：公共库(Air5_0)频率郭振琴 用户信息成功！
[2017/8/17 14:03:44]: 同步：新闻广播(Air5_1)频率郭振琴 用户信息成功！
[2017/8/17 14:03:44]: 同步：中原之声(Air5_2)频率郭振琴 用户信息成功！
[2017/8/17 14:03:44]: 同步：测试频率(Air5_200)频率郭振琴 用户信息成功！
[2017/8/17 14:03:44]: 删除任务成功！
[2017/8/17 14:03:44]: 同步更新成功，表名：Users ID：BF9045F1-144A-4692-97B0-0A470160DF20
[2017/8/17 14:03:44]: 删除任务成功！
[2017/8/17 14:03:44]: 同步：公共库(Air5_0)频率田永刚 用户信息成功！
[2017/8/17 14:03:44]: 同步：新闻广播(Air5_1)频率田永刚 用户信息成功！
[2017/8/17 14:03:44]: 同步：中原之声(Air5_2)频率田永刚 用户信息成功！
[2017/8/17 14:03:44]: 同步：测试频率(Air5_200)频率田永刚 用户信息成功！
[2017/8/17 14:03:44]: 删除任务成功！
[2017/8/17 14:03:44]: 同步更新成功，表名：Users ID：73A48886-6448-4796-B418-0B1308D3E2D1
[2017/8/17 14:03:45]: 删除任务成功！
[2017/8/17 14:03:45]: 同步：公共库(Air5_0)频率赵霞 用户信息成功！
[2017/8/17 14:03:45]: 同步：新闻广播(Air5_1)频率赵霞 用户信息成功！
[2017/8/17 14:03:45]: 同步：中原之声(Air5_2)频率赵霞 用户信息成功！
[2017/8/17 14:03:45]: 同步：测试频率(Air5_200)频率赵霞 用户信息成功！
[2017/8/17 14:03:45]: 删除任务成功！
[2017/8/17 14:03:45]: 同步更新成功，表名：Users ID：87D69072-16C5-4EE3-870B-0B2FF8A33F0D
[2017/8/17 14:03:45]: 删除任务成功！
[2017/8/17 14:03:45]: 同步：公共库(Air5_0)频率柳漫漫 用户信息成功！
[2017/8/17 14:03:45]: 同步：新闻广播(Air5_1)频率柳漫漫 用户信息成功！
[2017/8/17 14:03:45]: 同步：中原之声(Air5_2)频率柳漫漫 用户信息成功！
[2017/8/17 14:03:45]: 同步：测试频率(Air5_200)频率柳漫漫 用户信息成功！
[2017/8/17 14:03:45]: 删除任务成功！
[2017/8/17 14:03:45]: 同步更新成功，表名：Users ID：2541B9D7-70A9-467B-8972-0B40C49EA73B
[2017/8/17 14:03:45]: 删除任务成功！
[2017/8/17 14:03:45]: 同步：公共库(Air5_0)频率王庆卉 用户信息成功！
[2017/8/17 14:03:46]: 同步：新闻广播(Air5_1)频率王庆卉 用户信息成功！
[2017/8/17 14:03:46]: 同步：中原之声(Air5_2)频率王庆卉 用户信息成功！
[2017/8/17 14:03:46]: 同步：测试频率(Air5_200)频率王庆卉 用户信息成功！
[2017/8/17 14:03:46]: 删除任务成功！
[2017/8/17 14:03:46]: 同步更新成功，表名：Users ID：C9F1203E-1B8B-455A-B579-0CB4DAC74A25
[2017/8/17 14:03:46]: 删除任务成功！
[2017/8/17 14:03:46]: 同步：公共库(Air5_0)频率马胜豪 用户信息成功！
[2017/8/17 14:03:46]: 同步：新闻广播(Air5_1)频率马胜豪 用户信息成功！
[2017/8/17 14:03:46]: 同步：中原之声(Air5_2)频率马胜豪 用户信息成功！
[2017/8/17 14:03:46]: 同步：测试频率(Air5_200)频率马胜豪 用户信息成功！
[2017/8/17 14:03:46]: 删除任务成功！
[2017/8/17 14:03:46]: 同步更新成功，表名：Users ID：3EE8E702-1EB3-4C65-B0B2-0F2901CB5EFD
[2017/8/17 14:03:46]: 删除任务成功！
[2017/8/17 14:03:46]: 同步：公共库(Air5_0)频率杨丽娜 用户信息成功！
[2017/8/17 14:03:46]: 同步：新闻广播(Air5_1)频率杨丽娜 用户信息成功！
[2017/8/17 14:03:46]: 同步：中原之声(Air5_2)频率杨丽娜 用户信息成功！
[2017/8/17 14:03:46]: 同步：测试频率(Air5_200)频率杨丽娜 用户信息成功！
[2017/8/17 14:03:46]: 删除任务成功！
[2017/8/17 14:03:57]: 同步更新成功，表名：Users ID：A921CB1E-D933-4D97-B7AF-0344FC044528
[2017/8/17 14:03:57]: 删除任务成功！
[2017/8/17 14:03:57]: 同步：公共库(Air5_0)频率王发艳 用户信息成功！
[2017/8/17 14:03:57]: 同步：新闻广播(Air5_1)频率王发艳 用户信息成功！
[2017/8/17 14:03:57]: 同步：中原之声(Air5_2)频率王发艳 用户信息成功！
[2017/8/17 14:03:57]: 同步：测试频率(Air5_200)频率王发艳 用户信息成功！
[2017/8/17 14:03:57]: 删除任务成功！
[2017/8/17 14:03:57]: 同步更新成功，表名：Users ID：5DF2C400-6030-45D8-9AD0-03B8DADEE198
[2017/8/17 14:03:57]: 删除任务成功！
[2017/8/17 14:03:57]: 同步：公共库(Air5_0)频率胡盛源 用户信息成功！
[2017/8/17 14:03:57]: 同步：新闻广播(Air5_1)频率胡盛源 用户信息成功！
[2017/8/17 14:03:57]: 同步：中原之声(Air5_2)频率胡盛源 用户信息成功！
[2017/8/17 14:03:57]: 同步：测试频率(Air5_200)频率胡盛源 用户信息成功！
[2017/8/17 14:03:57]: 删除任务成功！
[2017/8/17 14:03:57]: 同步更新成功，表名：Users ID：F44F1DE4-4BAF-4FE5-B0E6-04045972106E
[2017/8/17 14:03:57]: 删除任务成功！
[2017/8/17 14:03:57]: 同步：公共库(Air5_0)频率陈德年 用户信息成功！
[2017/8/17 14:03:57]: 同步：新闻广播(Air5_1)频率陈德年 用户信息成功！
[2017/8/17 14:03:57]: 同步：中原之声(Air5_2)频率陈德年 用户信息成功！
[2017/8/17 14:03:57]: 同步：测试频率(Air5_200)频率陈德年 用户信息成功！
[2017/8/17 14:03:57]: 删除任务成功！
[2017/8/17 14:03:57]: 同步更新成功，表名：Users ID：0D3DF8B4-C829-477E-B160-05BFE3AA6C12
[2017/8/17 14:03:57]: 删除任务成功！
[2017/8/17 14:03:57]: 同步：公共库(Air5_0)频率刘楠 用户信息成功！
[2017/8/17 14:03:57]: 同步：新闻广播(Air5_1)频率刘楠 用户信息成功！
[2017/8/17 14:03:57]: 同步：中原之声(Air5_2)频率刘楠 用户信息成功！
[2017/8/17 14:03:57]: 同步：测试频率(Air5_200)频率刘楠 用户信息成功！
[2017/8/17 14:03:57]: 删除任务成功！
[2017/8/17 14:03:57]: 同步更新成功，表名：Users ID：87C734B1-89D5-4615-99E1-05F1C8561A57
[2017/8/17 14:03:57]: 删除任务成功！
[2017/8/17 14:03:57]: 同步：公共库(Air5_0)频率张文玮 用户信息成功！
[2017/8/17 14:03:57]: 同步：新闻广播(Air5_1)频率张文玮 用户信息成功！
[2017/8/17 14:03:57]: 同步：中原之声(Air5_2)频率张文玮 用户信息成功！
[2017/8/17 14:03:57]: 同步：测试频率(Air5_200)频率张文玮 用户信息成功！
[2017/8/17 14:03:57]: 删除任务成功！
[2017/8/17 14:03:57]: 同步更新成功，表名：Users ID：DEC69251-8CE8-46CC-8080-0601B635F95B
[2017/8/17 14:03:57]: 删除任务成功！
[2017/8/17 14:03:57]: 同步：公共库(Air5_0)频率李鑫 用户信息成功！
[2017/8/17 14:03:57]: 同步：新闻广播(Air5_1)频率李鑫 用户信息成功！
[2017/8/17 14:03:57]: 同步：中原之声(Air5_2)频率李鑫 用户信息成功！
[2017/8/17 14:03:57]: 同步：测试频率(Air5_200)频率李鑫 用户信息成功！
[2017/8/17 14:03:57]: 删除任务成功！
[2017/8/17 14:03:57]: 同步更新成功，表名：Users ID：F0F32CAE-CF11-4EEA-B15F-FECFBDBF093D
[2017/8/17 14:03:57]: 删除任务成功！
[2017/8/17 14:03:58]: 同步：公共库(Air5_0)频率陈琼 用户信息成功！
[2017/8/17 14:03:58]: 同步：新闻广播(Air5_1)频率陈琼 用户信息成功！
[2017/8/17 14:03:58]: 同步：中原之声(Air5_2)频率陈琼 用户信息成功！
[2017/8/17 14:03:58]: 同步：测试频率(Air5_200)频率陈琼 用户信息成功！
[2017/8/17 14:03:58]: 删除任务成功！
