[2017/9/1 13:43:06]: 同步删除成功，表名：UserFingerInfo ID：F4206131-EFB3-4425-BE51-290FBA45DB8B
[2017/9/1 13:43:08]: 删除任务成功！
[2017/9/1 13:59:26]: 同步更新成功，表名：Users ID：C4CB3AD9-A240-43CD-AF33-DD076841B797
[2017/9/1 13:59:26]: 删除任务成功！
[2017/9/1 13:59:27]: 同步：公共库(Air5_0)频率rma 用户信息成功！
[2017/9/1 13:59:27]: 同步：新闻广播(Air5_1)频率rma 用户信息成功！
[2017/9/1 13:59:27]: 同步：中原之声(Air5_2)频率rma 用户信息成功！
[2017/9/1 13:59:27]: 删除任务成功！
[2017/9/1 13:59:27]: 同步更新成功，表名：Users ID：C4CB3AD9-A240-43CD-AF33-DD076841B797
[2017/9/1 13:59:27]: 删除任务成功！
[2017/9/1 13:59:28]: 同步：公共库(Air5_0)频率rma 用户信息成功！
[2017/9/1 13:59:28]: 同步：新闻广播(Air5_1)频率rma 用户信息成功！
[2017/9/1 13:59:28]: 同步：中原之声(Air5_2)频率rma 用户信息成功！
[2017/9/1 13:59:28]: 删除任务成功！
[2017/9/1 13:59:28]: 同步更新成功，表名：Users ID：C4CB3AD9-A240-43CD-AF33-DD076841B797
[2017/9/1 13:59:28]: 删除任务成功！
[2017/9/1 13:59:28]: 同步：公共库(Air5_0)频率rma 用户信息成功！
[2017/9/1 13:59:28]: 同步：新闻广播(Air5_1)频率rma 用户信息成功！
[2017/9/1 13:59:28]: 同步：中原之声(Air5_2)频率rma 用户信息成功！
[2017/9/1 13:59:28]: 删除任务成功！
[2017/9/1 14:00:15]: 同步删除成功，表名：UserFingerInfo ID：F4206131-EFB3-4425-BE51-290FBA45DB8B
[2017/9/1 14:00:18]: 删除任务成功！
[2017/9/1 14:00:57]: 同步删除：公共库(Air5_0)频率F4206131-EFB3-4425-BE51-290FBA45DB8B 用户指纹信息成功！
[2017/9/1 14:01:04]: 同步删除：新闻广播(Air5_1)频率F4206131-EFB3-4425-BE51-290FBA45DB8B 用户指纹信息成功！
[2017/9/1 14:01:08]: 同步删除：中原之声(Air5_2)频率F4206131-EFB3-4425-BE51-290FBA45DB8B 用户指纹信息成功！
[2017/9/1 14:02:14]: 同步更新失败，表名：Users ID：F4206131-EFB3-4425-BE51-290FBA45DB8B
[2017/9/1 14:02:14]: 更新任务状态成功！
[2017/9/1 14:09:46]: 同步更新成功，表名：UserFingerInfo ID：F4206131-EFB3-4425-BE51-290FBA45DB8B
[2017/9/1 14:09:46]: 删除任务成功！
[2017/9/1 14:09:47]: 同步更新失败，表名：UserFingerInfo ID：F4206131-EFB3-4425-BE51-290FBA45DB8B
[2017/9/1 14:09:47]: 更新任务状态成功！
[2017/9/1 14:15:25]: 同步删除成功，表名：UserFingerInfo ID：F4206131-EFB3-4425-BE51-290FBA45DB8B
[2017/9/1 14:15:26]: 删除任务成功！
[2017/9/1 14:15:38]: 同步删除：公共库(Air5_0)频率F4206131-EFB3-4425-BE51-290FBA45DB8B 用户指纹信息成功！
[2017/9/1 14:15:43]: 同步删除：新闻广播(Air5_1)频率F4206131-EFB3-4425-BE51-290FBA45DB8B 用户指纹信息成功！
[2017/9/1 14:15:47]: 同步删除：中原之声(Air5_2)频率F4206131-EFB3-4425-BE51-290FBA45DB8B 用户指纹信息成功！
[2017/9/1 14:15:59]: 删除任务成功！
[2017/9/1 14:19:30]: 同步更新成功，表名：UserFingerInfo ID：F4206131-EFB3-4425-BE51-290FBA45DB8B
[2017/9/1 14:20:25]: 删除任务成功！
[2017/9/1 14:38:08]: 同步删除成功，表名：UserFingerInfo ID：F4206131-EFB3-4425-BE51-290FBA45DB8B
[2017/9/1 14:38:19]: 同步删除：公共库(Air5_0)频率F4206131-EFB3-4425-BE51-290FBA45DB8B 用户指纹信息成功！
[2017/9/1 14:38:23]: 同步删除：新闻广播(Air5_1)频率F4206131-EFB3-4425-BE51-290FBA45DB8B 用户指纹信息成功！
[2017/9/1 14:38:27]: 同步删除：中原之声(Air5_2)频率F4206131-EFB3-4425-BE51-290FBA45DB8B 用户指纹信息成功！
[2017/9/1 14:38:34]: 删除任务成功！
[2017/9/1 14:41:50]: 同步更新成功，表名：UserFingerInfo ID：F4206131-EFB3-4425-BE51-290FBA45DB8B
[2017/9/1 14:45:42]: 同步更新成功，表名：UserFingerInfo ID：F4206131-EFB3-4425-BE51-290FBA45DB8B
[2017/9/1 14:48:52]: 同步更新成功，表名：UserFingerInfo ID：F4206131-EFB3-4425-BE51-290FBA45DB8B
[2017/9/1 14:53:53]: 同步更新成功，表名：UserFingerInfo ID：F4206131-EFB3-4425-BE51-290FBA45DB8B
[2017/9/1 14:59:14]: 同步更新成功，表名：UserFingerInfo ID：F4206131-EFB3-4425-BE51-290FBA45DB8B
[2017/9/1 14:59:30]: 同步：公共库(Air5_0)频率f4206131-efb3-4425-be51-290fba45db8b 用户指纹信息成功！
[2017/9/1 14:59:35]: 同步：新闻广播(Air5_1)频率f4206131-efb3-4425-be51-290fba45db8b 用户指纹信息成功！
[2017/9/1 14:59:35]: 同步：中原之声(Air5_2)频率f4206131-efb3-4425-be51-290fba45db8b 用户指纹信息成功！
[2017/9/1 14:59:35]: 删除任务成功！
[2017/9/1 14:59:35]: 同步更新成功，表名：Users ID：C4CB3AD9-A240-43CD-AF33-DD076841B797
[2017/9/1 14:59:35]: 同步：公共库(Air5_0)频率rma 用户信息成功！
[2017/9/1 14:59:35]: 同步：新闻广播(Air5_1)频率rma 用户信息成功！
[2017/9/1 14:59:35]: 同步：中原之声(Air5_2)频率rma 用户信息成功！
[2017/9/1 14:59:35]: 删除任务成功！
[2017/9/1 14:59:35]: 同步更新成功，表名：Users ID：C4CB3AD9-A240-43CD-AF33-DD076841B797
[2017/9/1 14:59:35]: 同步：公共库(Air5_0)频率rma 用户信息成功！
[2017/9/1 14:59:35]: 同步：新闻广播(Air5_1)频率rma 用户信息成功！
[2017/9/1 14:59:35]: 同步：中原之声(Air5_2)频率rma 用户信息成功！
[2017/9/1 14:59:35]: 删除任务成功！
